TN:
SF:/home/ubuntu/coreMQTT/build/unit-test/MQTT/core_mqtt_serializer_utest_runner.c
FN:119,165,main
FN:61,66,CMock_Init
FN:67,69,CMock_Verify
FN:70,72,CMock_Destroy
FN:76,83,resetTest
FN:85,88,verifyTest
FN:91,116,run_test
FNDA:2,main
FNDA:80,CMock_Init
FNDA:80,CMock_Verify
FNDA:80,CMock_Destroy
FNDA:0,resetTest
FNDA:0,verifyTest
FNDA:80,run_test
FNF:7
FNH:5
BRDA:103,0,0,80
BRDA:103,0,1,0
BRDA:108,0,0,80
BRDA:108,0,1,0
BRF:4
BRH:2
DA:61,80
DA:63,80
DA:64,80
DA:65,80
DA:66,80
DA:67,80
DA:69,80
DA:70,80
DA:72,80
DA:76,0
DA:78,0
DA:79,0
DA:80,0
DA:81,0
DA:82,0
DA:83,0
DA:85,0
DA:87,0
DA:88,0
DA:91,80
DA:93,80
DA:94,80
DA:99,80
DA:100,80
DA:102,80
DA:103,80
DA:105,80
DA:106,80
DA:108,80
DA:110,80
DA:111,80
DA:113,80
DA:115,80
DA:116,80
DA:119,2
DA:121,2
DA:122,2
DA:123,2
DA:124,2
DA:125,2
DA:126,2
DA:127,2
DA:128,2
DA:129,2
DA:130,2
DA:131,2
DA:132,2
DA:133,2
DA:134,2
DA:135,2
DA:136,2
DA:137,2
DA:138,2
DA:139,2
DA:140,2
DA:141,2
DA:142,2
DA:143,2
DA:144,2
DA:145,2
DA:146,2
DA:147,2
DA:148,2
DA:149,2
DA:150,2
DA:151,2
DA:152,2
DA:153,2
DA:154,2
DA:155,2
DA:156,2
DA:157,2
DA:158,2
DA:159,2
DA:160,2
DA:161,2
DA:162,2
DA:164,2
LF:78
LH:68
end_of_record
TN:
SF:/home/ubuntu/coreMQTT/build/unit-test/MQTT/core_mqtt_state_utest_runner.c
FN:35,40,CMock_Init
FN:41,43,CMock_Verify
FN:44,46,CMock_Destroy
FN:50,57,resetTest
FN:59,62,verifyTest
FN:65,90,run_test
FN:93,114,main
FNDA:30,CMock_Init
FNDA:30,CMock_Verify
FNDA:30,CMock_Destroy
FNDA:0,resetTest
FNDA:0,verifyTest
FNDA:30,run_test
FNDA:2,main
FNF:7
FNH:5
BRDA:77,0,0,30
BRDA:77,0,1,0
BRDA:82,0,0,30
BRDA:82,0,1,0
BRF:4
BRH:2
DA:35,30
DA:37,30
DA:38,30
DA:39,30
DA:40,30
DA:41,30
DA:43,30
DA:44,30
DA:46,30
DA:50,0
DA:52,0
DA:53,0
DA:54,0
DA:55,0
DA:56,0
DA:57,0
DA:59,0
DA:61,0
DA:62,0
DA:65,30
DA:67,30
DA:68,30
DA:73,30
DA:74,30
DA:76,30
DA:77,30
DA:79,30
DA:80,30
DA:82,30
DA:84,30
DA:85,30
DA:87,30
DA:89,30
DA:90,30
DA:93,2
DA:95,2
DA:96,2
DA:97,2
DA:98,2
DA:99,2
DA:100,2
DA:101,2
DA:102,2
DA:103,2
DA:104,2
DA:105,2
DA:106,2
DA:107,2
DA:108,2
DA:109,2
DA:110,2
DA:111,2
DA:113,2
LF:53
LH:43
end_of_record
TN:
SF:/home/ubuntu/coreMQTT/build/unit-test/MQTT/mocks/mock_core_mqtt_serializer.c
FN:10006,10020,CMockExpectParameters_MQTTV5_SerializeDisconnectFixed
FN:10022,10034,MQTTV5_SerializeDisconnectFixed_CMockIgnoreAndReturn
FN:10036,10041,MQTTV5_SerializeDisconnectFixed_CMockStopIgnore
FN:10043,10056,MQTTV5_SerializeDisconnectFixed_CMockExpectAnyArgsAndReturn
FN:10058,10071,MQTTV5_SerializeDisconnectFixed_CMockExpectAndReturn
FN:10073,10078,MQTTV5_SerializeDisconnectFixed_AddCallback
FN:10080,10085,MQTTV5_SerializeDisconnectFixed_Stub
FN:10087,10100,MQTTV5_SerializeDisconnectFixed_CMockExpectWithArrayAndReturn
FN:10102,10109,MQTTV5_SerializeDisconnectFixed_CMockReturnMemThruPtr_pIndex
FN:10111,10116,MQTTV5_SerializeDisconnectFixed_CMockIgnoreArg_pIndex
FN:10118,10123,MQTTV5_SerializeDisconnectFixed_CMockIgnoreArg_pDisconnectInfo
FN:10125,10130,MQTTV5_SerializeDisconnectFixed_CMockIgnoreArg_remainingLength
FN:10132,10137,MQTTV5_SerializeDisconnectFixed_CMockIgnoreArg_sessionExpiry
FN:10145,10235,MQTTV5_DeserializeDisconnect
FN:10237,10256,CMockExpectParameters_MQTTV5_DeserializeDisconnect
FN:10258,10270,MQTTV5_DeserializeDisconnect_CMockIgnoreAndReturn
FN:10272,10277,MQTTV5_DeserializeDisconnect_CMockStopIgnore
FN:10279,10292,MQTTV5_DeserializeDisconnect_CMockExpectAnyArgsAndReturn
FN:10294,10308,MQTTV5_DeserializeDisconnect_CMockExpectAndReturn
FN:10310,10315,MQTTV5_DeserializeDisconnect_AddCallback
FN:10317,10322,MQTTV5_DeserializeDisconnect_Stub
FN:10324,10337,MQTTV5_DeserializeDisconnect_CMockExpectWithArrayAndReturn
FN:10339,10346,MQTTV5_DeserializeDisconnect_CMockReturnMemThruPtr_pDisconnectInfo
FN:10348,10355,MQTTV5_DeserializeDisconnect_CMockReturnMemThruPtr_pServerRef
FN:10357,10364,MQTTV5_DeserializeDisconnect_CMockReturnMemThruPtr_pServerRefLength
FN:10366,10371,MQTTV5_DeserializeDisconnect_CMockIgnoreArg_pPacket
FN:10373,10378,MQTTV5_DeserializeDisconnect_CMockIgnoreArg_pDisconnectInfo
FN:10380,10385,MQTTV5_DeserializeDisconnect_CMockIgnoreArg_pServerRef
FN:10387,10392,MQTTV5_DeserializeDisconnect_CMockIgnoreArg_pServerRefLength
FN:10394,10399,MQTTV5_DeserializeDisconnect_CMockIgnoreArg_maxPacketSize
FN:10407,10471,MQTTV5_SerializeDisconnectWithProperty
FN:10473,10486,CMockExpectParameters_MQTTV5_SerializeDisconnectWithProperty
FN:10488,10500,MQTTV5_SerializeDisconnectWithProperty_CMockIgnoreAndReturn
FN:10502,10507,MQTTV5_SerializeDisconnectWithProperty_CMockStopIgnore
FN:10509,10522,MQTTV5_SerializeDisconnectWithProperty_CMockExpectAnyArgsAndReturn
FN:10524,10538,MQTTV5_SerializeDisconnectWithProperty_CMockExpectAndReturn
FN:10540,10545,MQTTV5_SerializeDisconnectWithProperty_AddCallback
FN:10547,10552,MQTTV5_SerializeDisconnectWithProperty_Stub
FN:10554,10567,MQTTV5_SerializeDisconnectWithProperty_CMockExpectWithArrayAndReturn
FN:10569,10574,MQTTV5_SerializeDisconnectWithProperty_CMockIgnoreArg_pDisconnectInfo
FN:10576,10581,MQTTV5_SerializeDisconnectWithProperty_CMockIgnoreArg_remainingLength
FN:10583,10588,MQTTV5_SerializeDisconnectWithProperty_CMockIgnoreArg_pFixedBuffer
FN:10590,10595,MQTTV5_SerializeDisconnectWithProperty_CMockIgnoreArg_sessionExpiry
FN:1281,1818,mock_core_mqtt_serializer_Verify
FN:1820,1823,mock_core_mqtt_serializer_Init
FN:1825,1831,mock_core_mqtt_serializer_Destroy
FN:1839,1921,MQTT_GetConnectPacketSize
FN:1923,1939,CMockExpectParameters_MQTT_GetConnectPacketSize
FN:1941,1953,MQTT_GetConnectPacketSize_CMockIgnoreAndReturn
FN:1955,1960,MQTT_GetConnectPacketSize_CMockStopIgnore
FN:1962,1975,MQTT_GetConnectPacketSize_CMockExpectAnyArgsAndReturn
FN:1977,1991,MQTT_GetConnectPacketSize_CMockExpectAndReturn
FN:1993,1998,MQTT_GetConnectPacketSize_AddCallback
FN:2000,2005,MQTT_GetConnectPacketSize_Stub
FN:2007,2020,MQTT_GetConnectPacketSize_CMockExpectWithArrayAndReturn
FN:2022,2029,MQTT_GetConnectPacketSize_CMockReturnMemThruPtr_pRemainingLength
FN:2031,2038,MQTT_GetConnectPacketSize_CMockReturnMemThruPtr_pPacketSize
FN:2040,2045,MQTT_GetConnectPacketSize_CMockIgnoreArg_pConnectInfo
FN:2047,2052,MQTT_GetConnectPacketSize_CMockIgnoreArg_pWillInfo
FN:2054,2059,MQTT_GetConnectPacketSize_CMockIgnoreArg_pRemainingLength
FN:2061,2066,MQTT_GetConnectPacketSize_CMockIgnoreArg_pPacketSize
FN:2074,2141,MQTT_SerializeConnect
FN:2143,2157,CMockExpectParameters_MQTT_SerializeConnect
FN:2159,2171,MQTT_SerializeConnect_CMockIgnoreAndReturn
FN:2173,2178,MQTT_SerializeConnect_CMockStopIgnore
FN:2180,2193,MQTT_SerializeConnect_CMockExpectAnyArgsAndReturn
FN:2195,2209,MQTT_SerializeConnect_CMockExpectAndReturn
FN:2211,2216,MQTT_SerializeConnect_AddCallback
FN:2218,2223,MQTT_SerializeConnect_Stub
FN:2225,2238,MQTT_SerializeConnect_CMockExpectWithArrayAndReturn
FN:2240,2245,MQTT_SerializeConnect_CMockIgnoreArg_pConnectInfo
FN:2247,2252,MQTT_SerializeConnect_CMockIgnoreArg_pWillInfo
FN:2254,2259,MQTT_SerializeConnect_CMockIgnoreArg_remainingLength
FN:2261,2266,MQTT_SerializeConnect_CMockIgnoreArg_pFixedBuffer
FN:2274,2373,MQTTV5_GetSubscribePacketSize
FN:2375,2396,CMockExpectParameters_MQTTV5_GetSubscribePacketSize
FN:2398,2410,MQTTV5_GetSubscribePacketSize_CMockIgnoreAndReturn
FN:2412,2417,MQTTV5_GetSubscribePacketSize_CMockStopIgnore
FN:2419,2432,MQTTV5_GetSubscribePacketSize_CMockExpectAnyArgsAndReturn
FN:2434,2448,MQTTV5_GetSubscribePacketSize_CMockExpectAndReturn
FN:2450,2455,MQTTV5_GetSubscribePacketSize_AddCallback
FN:2457,2462,MQTTV5_GetSubscribePacketSize_Stub
FN:2464,2477,MQTTV5_GetSubscribePacketSize_CMockExpectWithArrayAndReturn
FN:2479,2486,MQTTV5_GetSubscribePacketSize_CMockReturnMemThruPtr_pSubscriptionList
FN:2488,2495,MQTTV5_GetSubscribePacketSize_CMockReturnMemThruPtr_pSubscribeProperties
FN:2497,2504,MQTTV5_GetSubscribePacketSize_CMockReturnMemThruPtr_pRemainingLength
FN:2506,2513,MQTTV5_GetSubscribePacketSize_CMockReturnMemThruPtr_pPacketSize
FN:2515,2520,MQTTV5_GetSubscribePacketSize_CMockIgnoreArg_pSubscriptionList
FN:2522,2527,MQTTV5_GetSubscribePacketSize_CMockIgnoreArg_pSubscribeProperties
FN:2529,2534,MQTTV5_GetSubscribePacketSize_CMockIgnoreArg_subscriptionCount
FN:2536,2541,MQTTV5_GetSubscribePacketSize_CMockIgnoreArg_pRemainingLength
FN:2543,2548,MQTTV5_GetSubscribePacketSize_CMockIgnoreArg_pPacketSize
FN:2556,2635,MQTT_GetSubscribePacketSize
FN:2637,2653,CMockExpectParameters_MQTT_GetSubscribePacketSize
FN:2655,2667,MQTT_GetSubscribePacketSize_CMockIgnoreAndReturn
FN:2669,2674,MQTT_GetSubscribePacketSize_CMockStopIgnore
FN:2676,2689,MQTT_GetSubscribePacketSize_CMockExpectAnyArgsAndReturn
FN:2691,2705,MQTT_GetSubscribePacketSize_CMockExpectAndReturn
FN:2707,2712,MQTT_GetSubscribePacketSize_AddCallback
FN:2714,2719,MQTT_GetSubscribePacketSize_Stub
FN:2721,2734,MQTT_GetSubscribePacketSize_CMockExpectWithArrayAndReturn
FN:2736,2743,MQTT_GetSubscribePacketSize_CMockReturnMemThruPtr_pRemainingLength
FN:2745,2752,MQTT_GetSubscribePacketSize_CMockReturnMemThruPtr_pPacketSize
FN:2754,2759,MQTT_GetSubscribePacketSize_CMockIgnoreArg_pSubscriptionList
FN:2761,2766,MQTT_GetSubscribePacketSize_CMockIgnoreArg_subscriptionCount
FN:2768,2773,MQTT_GetSubscribePacketSize_CMockIgnoreArg_pRemainingLength
FN:2775,2780,MQTT_GetSubscribePacketSize_CMockIgnoreArg_pPacketSize
FN:2788,2857,MQTT_SerializeSubscribe
FN:2859,2875,CMockExpectParameters_MQTT_SerializeSubscribe
FN:2877,2889,MQTT_SerializeSubscribe_CMockIgnoreAndReturn
FN:2891,2896,MQTT_SerializeSubscribe_CMockStopIgnore
FN:2898,2911,MQTT_SerializeSubscribe_CMockExpectAnyArgsAndReturn
FN:2913,2927,MQTT_SerializeSubscribe_CMockExpectAndReturn
FN:2929,2934,MQTT_SerializeSubscribe_AddCallback
FN:2936,2941,MQTT_SerializeSubscribe_Stub
FN:2943,2956,MQTT_SerializeSubscribe_CMockExpectWithArrayAndReturn
FN:2958,2963,MQTT_SerializeSubscribe_CMockIgnoreArg_pSubscriptionList
FN:2965,2970,MQTT_SerializeSubscribe_CMockIgnoreArg_subscriptionCount
FN:2972,2977,MQTT_SerializeSubscribe_CMockIgnoreArg_packetId
FN:2979,2984,MQTT_SerializeSubscribe_CMockIgnoreArg_remainingLength
FN:2986,2991,MQTT_SerializeSubscribe_CMockIgnoreArg_pFixedBuffer
FN:2999,3078,MQTT_GetUnsubscribePacketSize
FN:3080,3096,CMockExpectParameters_MQTT_GetUnsubscribePacketSize
FN:3098,3110,MQTT_GetUnsubscribePacketSize_CMockIgnoreAndReturn
FN:3112,3117,MQTT_GetUnsubscribePacketSize_CMockStopIgnore
FN:3119,3132,MQTT_GetUnsubscribePacketSize_CMockExpectAnyArgsAndReturn
FN:3134,3148,MQTT_GetUnsubscribePacketSize_CMockExpectAndReturn
FN:3150,3155,MQTT_GetUnsubscribePacketSize_AddCallback
FN:3157,3162,MQTT_GetUnsubscribePacketSize_Stub
FN:3164,3177,MQTT_GetUnsubscribePacketSize_CMockExpectWithArrayAndReturn
FN:3179,3186,MQTT_GetUnsubscribePacketSize_CMockReturnMemThruPtr_pRemainingLength
FN:3188,3195,MQTT_GetUnsubscribePacketSize_CMockReturnMemThruPtr_pPacketSize
FN:3197,3202,MQTT_GetUnsubscribePacketSize_CMockIgnoreArg_pSubscriptionList
FN:3204,3209,MQTT_GetUnsubscribePacketSize_CMockIgnoreArg_subscriptionCount
FN:3211,3216,MQTT_GetUnsubscribePacketSize_CMockIgnoreArg_pRemainingLength
FN:3218,3223,MQTT_GetUnsubscribePacketSize_CMockIgnoreArg_pPacketSize
FN:3231,3324,MQTTV5_GetUnsubscribePacketSize
FN:3326,3346,CMockExpectParameters_MQTTV5_GetUnsubscribePacketSize
FN:3348,3360,MQTTV5_GetUnsubscribePacketSize_CMockIgnoreAndReturn
FN:3362,3367,MQTTV5_GetUnsubscribePacketSize_CMockStopIgnore
FN:3369,3382,MQTTV5_GetUnsubscribePacketSize_CMockExpectAnyArgsAndReturn
FN:3384,3398,MQTTV5_GetUnsubscribePacketSize_CMockExpectAndReturn
FN:3400,3405,MQTTV5_GetUnsubscribePacketSize_AddCallback
FN:3407,3412,MQTTV5_GetUnsubscribePacketSize_Stub
FN:3414,3427,MQTTV5_GetUnsubscribePacketSize_CMockExpectWithArrayAndReturn
FN:3429,3436,MQTTV5_GetUnsubscribePacketSize_CMockReturnMemThruPtr_subscribeProperties
FN:3438,3445,MQTTV5_GetUnsubscribePacketSize_CMockReturnMemThruPtr_pRemainingLength
FN:3447,3454,MQTTV5_GetUnsubscribePacketSize_CMockReturnMemThruPtr_pPacketSize
FN:3456,3461,MQTTV5_GetUnsubscribePacketSize_CMockIgnoreArg_pSubscriptionList
FN:3463,3468,MQTTV5_GetUnsubscribePacketSize_CMockIgnoreArg_subscribeProperties
FN:3470,3475,MQTTV5_GetUnsubscribePacketSize_CMockIgnoreArg_subscriptionCount
FN:3477,3482,MQTTV5_GetUnsubscribePacketSize_CMockIgnoreArg_pRemainingLength
FN:3484,3489,MQTTV5_GetUnsubscribePacketSize_CMockIgnoreArg_pPacketSize
FN:3497,3566,MQTT_SerializeUnsubscribe
FN:3568,3584,CMockExpectParameters_MQTT_SerializeUnsubscribe
FN:3586,3598,MQTT_SerializeUnsubscribe_CMockIgnoreAndReturn
FN:3600,3605,MQTT_SerializeUnsubscribe_CMockStopIgnore
FN:3607,3620,MQTT_SerializeUnsubscribe_CMockExpectAnyArgsAndReturn
FN:3622,3636,MQTT_SerializeUnsubscribe_CMockExpectAndReturn
FN:3638,3643,MQTT_SerializeUnsubscribe_AddCallback
FN:3645,3650,MQTT_SerializeUnsubscribe_Stub
FN:3652,3665,MQTT_SerializeUnsubscribe_CMockExpectWithArrayAndReturn
FN:3667,3672,MQTT_SerializeUnsubscribe_CMockIgnoreArg_pSubscriptionList
FN:3674,3679,MQTT_SerializeUnsubscribe_CMockIgnoreArg_subscriptionCount
FN:3681,3686,MQTT_SerializeUnsubscribe_CMockIgnoreArg_packetId
FN:3688,3693,MQTT_SerializeUnsubscribe_CMockIgnoreArg_remainingLength
FN:3695,3700,MQTT_SerializeUnsubscribe_CMockIgnoreArg_pFixedBuffer
FN:3708,3782,MQTT_GetPublishPacketSize
FN:3784,3797,CMockExpectParameters_MQTT_GetPublishPacketSize
FN:3799,3811,MQTT_GetPublishPacketSize_CMockIgnoreAndReturn
FN:3813,3818,MQTT_GetPublishPacketSize_CMockStopIgnore
FN:3820,3833,MQTT_GetPublishPacketSize_CMockExpectAnyArgsAndReturn
FN:3835,3849,MQTT_GetPublishPacketSize_CMockExpectAndReturn
FN:3851,3856,MQTT_GetPublishPacketSize_AddCallback
FN:3858,3863,MQTT_GetPublishPacketSize_Stub
FN:3865,3878,MQTT_GetPublishPacketSize_CMockExpectWithArrayAndReturn
FN:3880,3887,MQTT_GetPublishPacketSize_CMockReturnMemThruPtr_pRemainingLength
FN:3889,3896,MQTT_GetPublishPacketSize_CMockReturnMemThruPtr_pPacketSize
FN:3898,3903,MQTT_GetPublishPacketSize_CMockIgnoreArg_pPublishInfo
FN:3905,3910,MQTT_GetPublishPacketSize_CMockIgnoreArg_pRemainingLength
FN:3912,3917,MQTT_GetPublishPacketSize_CMockIgnoreArg_pPacketSize
FN:3925,3989,MQTT_SerializePublish
FN:3991,4004,CMockExpectParameters_MQTT_SerializePublish
FN:4006,4018,MQTT_SerializePublish_CMockIgnoreAndReturn
FN:4020,4025,MQTT_SerializePublish_CMockStopIgnore
FN:4027,4040,MQTT_SerializePublish_CMockExpectAnyArgsAndReturn
FN:4042,4056,MQTT_SerializePublish_CMockExpectAndReturn
FN:4058,4063,MQTT_SerializePublish_AddCallback
FN:4065,4070,MQTT_SerializePublish_Stub
FN:4072,4085,MQTT_SerializePublish_CMockExpectWithArrayAndReturn
FN:4087,4092,MQTT_SerializePublish_CMockIgnoreArg_pPublishInfo
FN:4094,4099,MQTT_SerializePublish_CMockIgnoreArg_packetId
FN:4101,4106,MQTT_SerializePublish_CMockIgnoreArg_remainingLength
FN:4108,4113,MQTT_SerializePublish_CMockIgnoreArg_pFixedBuffer
FN:4121,4200,MQTT_SerializePublishHeaderWithoutTopic
FN:4202,4218,CMockExpectParameters_MQTT_SerializePublishHeaderWithoutTopic
FN:4220,4232,MQTT_SerializePublishHeaderWithoutTopic_CMockIgnoreAndReturn
FN:4234,4239,MQTT_SerializePublishHeaderWithoutTopic_CMockStopIgnore
FN:4241,4254,MQTT_SerializePublishHeaderWithoutTopic_CMockExpectAnyArgsAndReturn
FN:4256,4270,MQTT_SerializePublishHeaderWithoutTopic_CMockExpectAndReturn
FN:4272,4277,MQTT_SerializePublishHeaderWithoutTopic_AddCallback
FN:4279,4284,MQTT_SerializePublishHeaderWithoutTopic_Stub
FN:4286,4299,MQTT_SerializePublishHeaderWithoutTopic_CMockExpectWithArrayAndReturn
FN:4301,4308,MQTT_SerializePublishHeaderWithoutTopic_CMockReturnMemThruPtr_pBuffer
FN:4310,4317,MQTT_SerializePublishHeaderWithoutTopic_CMockReturnMemThruPtr_headerSize
FN:4319,4324,MQTT_SerializePublishHeaderWithoutTopic_CMockIgnoreArg_pPublishInfo
FN:4326,4331,MQTT_SerializePublishHeaderWithoutTopic_CMockIgnoreArg_remainingLength
FN:4333,4338,MQTT_SerializePublishHeaderWithoutTopic_CMockIgnoreArg_pBuffer
FN:4340,4345,MQTT_SerializePublishHeaderWithoutTopic_CMockIgnoreArg_headerSize
FN:4353,4431,MQTT_SerializePublishHeader
FN:4433,4450,CMockExpectParameters_MQTT_SerializePublishHeader
FN:4452,4464,MQTT_SerializePublishHeader_CMockIgnoreAndReturn
FN:4466,4471,MQTT_SerializePublishHeader_CMockStopIgnore
FN:4473,4486,MQTT_SerializePublishHeader_CMockExpectAnyArgsAndReturn
FN:4488,4502,MQTT_SerializePublishHeader_CMockExpectAndReturn
FN:4504,4509,MQTT_SerializePublishHeader_AddCallback
FN:4511,4516,MQTT_SerializePublishHeader_Stub
FN:4518,4531,MQTT_SerializePublishHeader_CMockExpectWithArrayAndReturn
FN:4533,4540,MQTT_SerializePublishHeader_CMockReturnMemThruPtr_pHeaderSize
FN:4542,4547,MQTT_SerializePublishHeader_CMockIgnoreArg_pPublishInfo
FN:4549,4554,MQTT_SerializePublishHeader_CMockIgnoreArg_packetId
FN:4556,4561,MQTT_SerializePublishHeader_CMockIgnoreArg_remainingLength
FN:4563,4568,MQTT_SerializePublishHeader_CMockIgnoreArg_pFixedBuffer
FN:4570,4575,MQTT_SerializePublishHeader_CMockIgnoreArg_pHeaderSize
FN:4583,4639,MQTT_SerializeAck
FN:4641,4650,CMockExpectParameters_MQTT_SerializeAck
FN:4652,4664,MQTT_SerializeAck_CMockIgnoreAndReturn
FN:4666,4671,MQTT_SerializeAck_CMockStopIgnore
FN:4673,4686,MQTT_SerializeAck_CMockExpectAnyArgsAndReturn
FN:4688,4702,MQTT_SerializeAck_CMockExpectAndReturn
FN:4704,4709,MQTT_SerializeAck_AddCallback
FN:4711,4716,MQTT_SerializeAck_Stub
FN:4718,4731,MQTT_SerializeAck_CMockExpectWithArrayAndReturn
FN:4733,4738,MQTT_SerializeAck_CMockIgnoreArg_pFixedBuffer
FN:4740,4745,MQTT_SerializeAck_CMockIgnoreArg_packetType
FN:4747,4752,MQTT_SerializeAck_CMockIgnoreArg_packetId
FN:4760,4812,MQTT_GetDisconnectPacketSize
FN:4814,4820,CMockExpectParameters_MQTT_GetDisconnectPacketSize
FN:4822,4834,MQTT_GetDisconnectPacketSize_CMockIgnoreAndReturn
FN:4836,4841,MQTT_GetDisconnectPacketSize_CMockStopIgnore
FN:4843,4856,MQTT_GetDisconnectPacketSize_CMockExpectAnyArgsAndReturn
FN:4858,4872,MQTT_GetDisconnectPacketSize_CMockExpectAndReturn
FN:4874,4879,MQTT_GetDisconnectPacketSize_AddCallback
FN:4881,4886,MQTT_GetDisconnectPacketSize_Stub
FN:4888,4901,MQTT_GetDisconnectPacketSize_CMockExpectWithArrayAndReturn
FN:4903,4910,MQTT_GetDisconnectPacketSize_CMockReturnMemThruPtr_pPacketSize
FN:4912,4917,MQTT_GetDisconnectPacketSize_CMockIgnoreArg_pPacketSize
FN:4925,4971,MQTT_SerializeDisconnect
FN:4973,4978,CMockExpectParameters_MQTT_SerializeDisconnect
FN:4980,4992,MQTT_SerializeDisconnect_CMockIgnoreAndReturn
FN:4994,4999,MQTT_SerializeDisconnect_CMockStopIgnore
FN:5001,5014,MQTT_SerializeDisconnect_CMockExpectAnyArgsAndReturn
FN:5016,5030,MQTT_SerializeDisconnect_CMockExpectAndReturn
FN:5032,5037,MQTT_SerializeDisconnect_AddCallback
FN:5039,5044,MQTT_SerializeDisconnect_Stub
FN:5046,5059,MQTT_SerializeDisconnect_CMockExpectWithArrayAndReturn
FN:5061,5066,MQTT_SerializeDisconnect_CMockIgnoreArg_pFixedBuffer
FN:5074,5126,MQTT_GetPingreqPacketSize
FN:5128,5134,CMockExpectParameters_MQTT_GetPingreqPacketSize
FN:5136,5148,MQTT_GetPingreqPacketSize_CMockIgnoreAndReturn
FN:5150,5155,MQTT_GetPingreqPacketSize_CMockStopIgnore
FN:5157,5170,MQTT_GetPingreqPacketSize_CMockExpectAnyArgsAndReturn
FN:5172,5186,MQTT_GetPingreqPacketSize_CMockExpectAndReturn
FN:5188,5193,MQTT_GetPingreqPacketSize_AddCallback
FN:5195,5200,MQTT_GetPingreqPacketSize_Stub
FN:5202,5215,MQTT_GetPingreqPacketSize_CMockExpectWithArrayAndReturn
FN:5217,5224,MQTT_GetPingreqPacketSize_CMockReturnMemThruPtr_pPacketSize
FN:5226,5231,MQTT_GetPingreqPacketSize_CMockIgnoreArg_pPacketSize
FN:5239,5285,MQTT_SerializePingreq
FN:5287,5292,CMockExpectParameters_MQTT_SerializePingreq
FN:5294,5306,MQTT_SerializePingreq_CMockIgnoreAndReturn
FN:5308,5313,MQTT_SerializePingreq_CMockStopIgnore
FN:5315,5328,MQTT_SerializePingreq_CMockExpectAnyArgsAndReturn
FN:5330,5344,MQTT_SerializePingreq_CMockExpectAndReturn
FN:5346,5351,MQTT_SerializePingreq_AddCallback
FN:5353,5358,MQTT_SerializePingreq_Stub
FN:5360,5373,MQTT_SerializePingreq_CMockExpectWithArrayAndReturn
FN:5375,5380,MQTT_SerializePingreq_CMockIgnoreArg_pFixedBuffer
FN:5388,5462,MQTT_DeserializePublish
FN:5464,5477,CMockExpectParameters_MQTT_DeserializePublish
FN:5479,5491,MQTT_DeserializePublish_CMockIgnoreAndReturn
FN:5493,5498,MQTT_DeserializePublish_CMockStopIgnore
FN:5500,5513,MQTT_DeserializePublish_CMockExpectAnyArgsAndReturn
FN:5515,5529,MQTT_DeserializePublish_CMockExpectAndReturn
FN:5531,5536,MQTT_DeserializePublish_AddCallback
FN:5538,5543,MQTT_DeserializePublish_Stub
FN:5545,5558,MQTT_DeserializePublish_CMockExpectWithArrayAndReturn
FN:5560,5567,MQTT_DeserializePublish_CMockReturnMemThruPtr_pPacketId
FN:5569,5576,MQTT_DeserializePublish_CMockReturnMemThruPtr_pPublishInfo
FN:5578,5583,MQTT_DeserializePublish_CMockIgnoreArg_pIncomingPacket
FN:5585,5590,MQTT_DeserializePublish_CMockIgnoreArg_pPacketId
FN:5592,5597,MQTT_DeserializePublish_CMockIgnoreArg_pPublishInfo
FN:5605,5679,MQTT_DeserializeAck
FN:5681,5694,CMockExpectParameters_MQTT_DeserializeAck
FN:5696,5708,MQTT_DeserializeAck_CMockIgnoreAndReturn
FN:5710,5715,MQTT_DeserializeAck_CMockStopIgnore
FN:5717,5730,MQTT_DeserializeAck_CMockExpectAnyArgsAndReturn
FN:5732,5746,MQTT_DeserializeAck_CMockExpectAndReturn
FN:5748,5753,MQTT_DeserializeAck_AddCallback
FN:5755,5760,MQTT_DeserializeAck_Stub
FN:5762,5775,MQTT_DeserializeAck_CMockExpectWithArrayAndReturn
FN:5777,5784,MQTT_DeserializeAck_CMockReturnMemThruPtr_pPacketId
FN:5786,5793,MQTT_DeserializeAck_CMockReturnMemThruPtr_pSessionPresent
FN:5795,5800,MQTT_DeserializeAck_CMockIgnoreArg_pIncomingPacket
FN:5802,5807,MQTT_DeserializeAck_CMockIgnoreArg_pPacketId
FN:5809,5814,MQTT_DeserializeAck_CMockIgnoreArg_pSessionPresent
FN:5822,5893,MQTT_GetIncomingPacketTypeAndLength
FN:5895,5908,CMockExpectParameters_MQTT_GetIncomingPacketTypeAndLength
FN:5910,5922,MQTT_GetIncomingPacketTypeAndLength_CMockIgnoreAndReturn
FN:5924,5929,MQTT_GetIncomingPacketTypeAndLength_CMockStopIgnore
FN:5931,5944,MQTT_GetIncomingPacketTypeAndLength_CMockExpectAnyArgsAndReturn
FN:5946,5960,MQTT_GetIncomingPacketTypeAndLength_CMockExpectAndReturn
FN:5962,5967,MQTT_GetIncomingPacketTypeAndLength_AddCallback
FN:5969,5974,MQTT_GetIncomingPacketTypeAndLength_Stub
FN:5976,5989,MQTT_GetIncomingPacketTypeAndLength_CMockExpectWithArrayAndReturn
FN:5991,5998,MQTT_GetIncomingPacketTypeAndLength_CMockReturnMemThruPtr_pNetworkContext
FN:6000,6007,MQTT_GetIncomingPacketTypeAndLength_CMockReturnMemThruPtr_pIncomingPacket
FN:6009,6014,MQTT_GetIncomingPacketTypeAndLength_CMockIgnoreArg_readFunc
FN:6016,6021,MQTT_GetIncomingPacketTypeAndLength_CMockIgnoreArg_pNetworkContext
FN:6023,6028,MQTT_GetIncomingPacketTypeAndLength_CMockIgnoreArg_pIncomingPacket
FN:6036,6104,MQTT_ProcessIncomingPacketTypeAndLength
FN:6106,6118,CMockExpectParameters_MQTT_ProcessIncomingPacketTypeAndLength
FN:6120,6132,MQTT_ProcessIncomingPacketTypeAndLength_CMockIgnoreAndReturn
FN:6134,6139,MQTT_ProcessIncomingPacketTypeAndLength_CMockStopIgnore
FN:6141,6154,MQTT_ProcessIncomingPacketTypeAndLength_CMockExpectAnyArgsAndReturn
FN:6156,6170,MQTT_ProcessIncomingPacketTypeAndLength_CMockExpectAndReturn
FN:6172,6177,MQTT_ProcessIncomingPacketTypeAndLength_AddCallback
FN:6179,6184,MQTT_ProcessIncomingPacketTypeAndLength_Stub
FN:6186,6199,MQTT_ProcessIncomingPacketTypeAndLength_CMockExpectWithArrayAndReturn
FN:6201,6208,MQTT_ProcessIncomingPacketTypeAndLength_CMockReturnMemThruPtr_pIncomingPacket
FN:6210,6215,MQTT_ProcessIncomingPacketTypeAndLength_CMockIgnoreArg_pBuffer
FN:6217,6222,MQTT_ProcessIncomingPacketTypeAndLength_CMockIgnoreArg_pIndex
FN:6224,6229,MQTT_ProcessIncomingPacketTypeAndLength_CMockIgnoreArg_pIncomingPacket
FN:6237,6309,MQTT_SerializeConnectFixedHeader
FN:6311,6326,CMockExpectParameters_MQTT_SerializeConnectFixedHeader
FN:6328,6340,MQTT_SerializeConnectFixedHeader_CMockIgnoreAndReturn
FN:6342,6347,MQTT_SerializeConnectFixedHeader_CMockStopIgnore
FN:6349,6362,MQTT_SerializeConnectFixedHeader_CMockExpectAnyArgsAndReturn
FN:6364,6377,MQTT_SerializeConnectFixedHeader_CMockExpectAndReturn
FN:6379,6384,MQTT_SerializeConnectFixedHeader_AddCallback
FN:6386,6391,MQTT_SerializeConnectFixedHeader_Stub
FN:6393,6406,MQTT_SerializeConnectFixedHeader_CMockExpectWithArrayAndReturn
FN:6408,6415,MQTT_SerializeConnectFixedHeader_CMockReturnMemThruPtr_pIndex
FN:6417,6422,MQTT_SerializeConnectFixedHeader_CMockIgnoreArg_pIndex
FN:6424,6429,MQTT_SerializeConnectFixedHeader_CMockIgnoreArg_pConnectInfo
FN:6431,6436,MQTT_SerializeConnectFixedHeader_CMockIgnoreArg_pWillInfo
FN:6438,6443,MQTT_SerializeConnectFixedHeader_CMockIgnoreArg_remainingLength
FN:6451,6512,MQTT_SerializeSubscribeHeader
FN:6514,6525,CMockExpectParameters_MQTT_SerializeSubscribeHeader
FN:6527,6539,MQTT_SerializeSubscribeHeader_CMockIgnoreAndReturn
FN:6541,6546,MQTT_SerializeSubscribeHeader_CMockStopIgnore
FN:6548,6561,MQTT_SerializeSubscribeHeader_CMockExpectAnyArgsAndReturn
FN:6563,6576,MQTT_SerializeSubscribeHeader_CMockExpectAndReturn
FN:6578,6583,MQTT_SerializeSubscribeHeader_AddCallback
FN:6585,6590,MQTT_SerializeSubscribeHeader_Stub
FN:6592,6605,MQTT_SerializeSubscribeHeader_CMockExpectWithArrayAndReturn
FN:6607,6614,MQTT_SerializeSubscribeHeader_CMockReturnMemThruPtr_pIndex
FN:6616,6621,MQTT_SerializeSubscribeHeader_CMockIgnoreArg_remainingLength
FN:6623,6628,MQTT_SerializeSubscribeHeader_CMockIgnoreArg_pIndex
FN:6630,6635,MQTT_SerializeSubscribeHeader_CMockIgnoreArg_packetId
FN:6643,6704,MQTT_SerializeUnsubscribeHeader
FN:6706,6717,CMockExpectParameters_MQTT_SerializeUnsubscribeHeader
FN:6719,6731,MQTT_SerializeUnsubscribeHeader_CMockIgnoreAndReturn
FN:6733,6738,MQTT_SerializeUnsubscribeHeader_CMockStopIgnore
FN:6740,6753,MQTT_SerializeUnsubscribeHeader_CMockExpectAnyArgsAndReturn
FN:6755,6768,MQTT_SerializeUnsubscribeHeader_CMockExpectAndReturn
FN:6770,6775,MQTT_SerializeUnsubscribeHeader_AddCallback
FN:6777,6782,MQTT_SerializeUnsubscribeHeader_Stub
FN:6784,6797,MQTT_SerializeUnsubscribeHeader_CMockExpectWithArrayAndReturn
FN:6799,6806,MQTT_SerializeUnsubscribeHeader_CMockReturnMemThruPtr_pIndex
FN:6808,6813,MQTT_SerializeUnsubscribeHeader_CMockIgnoreArg_remainingLength
FN:6815,6820,MQTT_SerializeUnsubscribeHeader_CMockIgnoreArg_pIndex
FN:6822,6827,MQTT_SerializeUnsubscribeHeader_CMockIgnoreArg_packetId
FN:6835,6894,MQTTV5_SerializeConnectProperties
FN:6896,6905,CMockExpectParameters_MQTTV5_SerializeConnectProperties
FN:6907,6919,MQTTV5_SerializeConnectProperties_CMockIgnoreAndReturn
FN:6921,6926,MQTTV5_SerializeConnectProperties_CMockStopIgnore
FN:6928,6941,MQTTV5_SerializeConnectProperties_CMockExpectAnyArgsAndReturn
FN:6943,6956,MQTTV5_SerializeConnectProperties_CMockExpectAndReturn
FN:6958,6963,MQTTV5_SerializeConnectProperties_AddCallback
FN:6965,6970,MQTTV5_SerializeConnectProperties_Stub
FN:6972,6985,MQTTV5_SerializeConnectProperties_CMockExpectWithArrayAndReturn
FN:6987,6994,MQTTV5_SerializeConnectProperties_CMockReturnMemThruPtr_pIndex
FN:6996,7001,MQTTV5_SerializeConnectProperties_CMockIgnoreArg_pIndex
FN:7003,7008,MQTTV5_SerializeConnectProperties_CMockIgnoreArg_pConnectProperties
FN:7016,7075,MQTT_SerializePublishProperties
FN:7077,7086,CMockExpectParameters_MQTT_SerializePublishProperties
FN:7088,7100,MQTT_SerializePublishProperties_CMockIgnoreAndReturn
FN:7102,7107,MQTT_SerializePublishProperties_CMockStopIgnore
FN:7109,7122,MQTT_SerializePublishProperties_CMockExpectAnyArgsAndReturn
FN:7124,7137,MQTT_SerializePublishProperties_CMockExpectAndReturn
FN:7139,7144,MQTT_SerializePublishProperties_AddCallback
FN:7146,7151,MQTT_SerializePublishProperties_Stub
FN:7153,7166,MQTT_SerializePublishProperties_CMockExpectWithArrayAndReturn
FN:7168,7175,MQTT_SerializePublishProperties_CMockReturnMemThruPtr_pIndex
FN:7177,7182,MQTT_SerializePublishProperties_CMockIgnoreArg_pPublishInfo
FN:7184,7189,MQTT_SerializePublishProperties_CMockIgnoreArg_pIndex
FN:7197,7271,MQTTV5_DeserializeConnack
FN:7273,7286,CMockExpectParameters_MQTTV5_DeserializeConnack
FN:7288,7300,MQTTV5_DeserializeConnack_CMockIgnoreAndReturn
FN:7302,7307,MQTTV5_DeserializeConnack_CMockStopIgnore
FN:7309,7322,MQTTV5_DeserializeConnack_CMockExpectAnyArgsAndReturn
FN:7324,7338,MQTTV5_DeserializeConnack_CMockExpectAndReturn
FN:7340,7345,MQTTV5_DeserializeConnack_AddCallback
FN:7347,7352,MQTTV5_DeserializeConnack_Stub
FN:7354,7367,MQTTV5_DeserializeConnack_CMockExpectWithArrayAndReturn
FN:7369,7376,MQTTV5_DeserializeConnack_CMockReturnMemThruPtr_pConnackProperties
FN:7378,7385,MQTTV5_DeserializeConnack_CMockReturnMemThruPtr_pSessionPresent
FN:7387,7392,MQTTV5_DeserializeConnack_CMockIgnoreArg_pConnackProperties
FN:7394,7399,MQTTV5_DeserializeConnack_CMockIgnoreArg_pIncomingPacket
FN:7401,7406,MQTTV5_DeserializeConnack_CMockIgnoreArg_pSessionPresent
FN:7414,7466,MQTTV5_InitConnect
FN:7468,7474,CMockExpectParameters_MQTTV5_InitConnect
FN:7476,7488,MQTTV5_InitConnect_CMockIgnoreAndReturn
FN:7490,7495,MQTTV5_InitConnect_CMockStopIgnore
FN:7497,7510,MQTTV5_InitConnect_CMockExpectAnyArgsAndReturn
FN:7512,7526,MQTTV5_InitConnect_CMockExpectAndReturn
FN:7528,7533,MQTTV5_InitConnect_AddCallback
FN:7535,7540,MQTTV5_InitConnect_Stub
FN:7542,7555,MQTTV5_InitConnect_CMockExpectWithArrayAndReturn
FN:7557,7564,MQTTV5_InitConnect_CMockReturnMemThruPtr_pConnectProperties
FN:7566,7571,MQTTV5_InitConnect_CMockIgnoreArg_pConnectProperties
FN:7579,7681,MQTTV5_GetConnectPacketSize
FN:7683,7704,CMockExpectParameters_MQTTV5_GetConnectPacketSize
FN:7706,7718,MQTTV5_GetConnectPacketSize_CMockIgnoreAndReturn
FN:7720,7725,MQTTV5_GetConnectPacketSize_CMockStopIgnore
FN:7727,7740,MQTTV5_GetConnectPacketSize_CMockExpectAnyArgsAndReturn
FN:7742,7756,MQTTV5_GetConnectPacketSize_CMockExpectAndReturn
FN:7758,7763,MQTTV5_GetConnectPacketSize_AddCallback
FN:7765,7770,MQTTV5_GetConnectPacketSize_Stub
FN:7772,7785,MQTTV5_GetConnectPacketSize_CMockExpectWithArrayAndReturn
FN:7787,7794,MQTTV5_GetConnectPacketSize_CMockReturnMemThruPtr_pWillInfo
FN:7796,7803,MQTTV5_GetConnectPacketSize_CMockReturnMemThruPtr_pConnectProperties
FN:7805,7812,MQTTV5_GetConnectPacketSize_CMockReturnMemThruPtr_pRemainingLength
FN:7814,7821,MQTTV5_GetConnectPacketSize_CMockReturnMemThruPtr_pPacketSize
FN:7823,7828,MQTTV5_GetConnectPacketSize_CMockIgnoreArg_pConnectInfo
FN:7830,7835,MQTTV5_GetConnectPacketSize_CMockIgnoreArg_pWillInfo
FN:7837,7842,MQTTV5_GetConnectPacketSize_CMockIgnoreArg_pConnectProperties
FN:7844,7849,MQTTV5_GetConnectPacketSize_CMockIgnoreArg_pRemainingLength
FN:7851,7856,MQTTV5_GetConnectPacketSize_CMockIgnoreArg_pPacketSize
FN:7864,7939,MQTTV5_SerializeConnect
FN:7941,7958,CMockExpectParameters_MQTTV5_SerializeConnect
FN:7960,7972,MQTTV5_SerializeConnect_CMockIgnoreAndReturn
FN:7974,7979,MQTTV5_SerializeConnect_CMockStopIgnore
FN:7981,7994,MQTTV5_SerializeConnect_CMockExpectAnyArgsAndReturn
FN:7996,8010,MQTTV5_SerializeConnect_CMockExpectAndReturn
FN:8012,8017,MQTTV5_SerializeConnect_AddCallback
FN:8019,8024,MQTTV5_SerializeConnect_Stub
FN:8026,8039,MQTTV5_SerializeConnect_CMockExpectWithArrayAndReturn
FN:8041,8046,MQTTV5_SerializeConnect_CMockIgnoreArg_pConnectInfo
FN:8048,8053,MQTTV5_SerializeConnect_CMockIgnoreArg_pWillInfo
FN:8055,8060,MQTTV5_SerializeConnect_CMockIgnoreArg_pConnectProperties
FN:8062,8067,MQTTV5_SerializeConnect_CMockIgnoreArg_remainingLength
FN:8069,8074,MQTTV5_SerializeConnect_CMockIgnoreArg_pFixedBuffer
FN:8082,8143,MQTTV5_ValidatePublishParams
FN:8145,8156,CMockExpectParameters_MQTTV5_ValidatePublishParams
FN:8158,8170,MQTTV5_ValidatePublishParams_CMockIgnoreAndReturn
FN:8172,8177,MQTTV5_ValidatePublishParams_CMockStopIgnore
FN:8179,8192,MQTTV5_ValidatePublishParams_CMockExpectAnyArgsAndReturn
FN:8194,8208,MQTTV5_ValidatePublishParams_CMockExpectAndReturn
FN:8210,8215,MQTTV5_ValidatePublishParams_AddCallback
FN:8217,8222,MQTTV5_ValidatePublishParams_Stub
FN:8224,8237,MQTTV5_ValidatePublishParams_CMockExpectWithArrayAndReturn
FN:8239,8244,MQTTV5_ValidatePublishParams_CMockIgnoreArg_pPublishInfo
FN:8246,8251,MQTTV5_ValidatePublishParams_CMockIgnoreArg_topicAliasMax
FN:8253,8258,MQTTV5_ValidatePublishParams_CMockIgnoreArg_retainAvailable
FN:8260,8265,MQTTV5_ValidatePublishParams_CMockIgnoreArg_maxQos
FN:8273,8358,MQTTV5_GetPublishPacketSize
FN:8360,8376,CMockExpectParameters_MQTTV5_GetPublishPacketSize
FN:8378,8390,MQTTV5_GetPublishPacketSize_CMockIgnoreAndReturn
FN:8392,8397,MQTTV5_GetPublishPacketSize_CMockStopIgnore
FN:8399,8412,MQTTV5_GetPublishPacketSize_CMockExpectAnyArgsAndReturn
FN:8414,8428,MQTTV5_GetPublishPacketSize_CMockExpectAndReturn
FN:8430,8435,MQTTV5_GetPublishPacketSize_AddCallback
FN:8437,8442,MQTTV5_GetPublishPacketSize_Stub
FN:8444,8457,MQTTV5_GetPublishPacketSize_CMockExpectWithArrayAndReturn
FN:8459,8466,MQTTV5_GetPublishPacketSize_CMockReturnMemThruPtr_pPublishInfo
FN:8468,8475,MQTTV5_GetPublishPacketSize_CMockReturnMemThruPtr_pRemainingLength
FN:8477,8484,MQTTV5_GetPublishPacketSize_CMockReturnMemThruPtr_pPacketSize
FN:8486,8491,MQTTV5_GetPublishPacketSize_CMockIgnoreArg_pPublishInfo
FN:8493,8498,MQTTV5_GetPublishPacketSize_CMockIgnoreArg_pRemainingLength
FN:8500,8505,MQTTV5_GetPublishPacketSize_CMockIgnoreArg_pPacketSize
FN:8507,8512,MQTTV5_GetPublishPacketSize_CMockIgnoreArg_maxPacketSize
FN:8520,8604,MQTTV5_DeserializeAck
FN:8606,8623,CMockExpectParameters_MQTTV5_DeserializeAck
FN:8625,8637,MQTTV5_DeserializeAck_CMockIgnoreAndReturn
FN:8639,8644,MQTTV5_DeserializeAck_CMockStopIgnore
FN:8646,8659,MQTTV5_DeserializeAck_CMockExpectAnyArgsAndReturn
FN:8661,8675,MQTTV5_DeserializeAck_CMockExpectAndReturn
FN:8677,8682,MQTTV5_DeserializeAck_AddCallback
FN:8684,8689,MQTTV5_DeserializeAck_Stub
FN:8691,8704,MQTTV5_DeserializeAck_CMockExpectWithArrayAndReturn
FN:8706,8713,MQTTV5_DeserializeAck_CMockReturnMemThruPtr_pPacketId
FN:8715,8722,MQTTV5_DeserializeAck_CMockReturnMemThruPtr_pAckInfo
FN:8724,8729,MQTTV5_DeserializeAck_CMockIgnoreArg_pIncomingPacket
FN:8731,8736,MQTTV5_DeserializeAck_CMockIgnoreArg_pPacketId
FN:8738,8743,MQTTV5_DeserializeAck_CMockIgnoreArg_pAckInfo
FN:8745,8750,MQTTV5_DeserializeAck_CMockIgnoreArg_requestProblem
FN:8752,8757,MQTTV5_DeserializeAck_CMockIgnoreArg_maxPacketSize
FN:8765,8839,MQTTV5_DeserializeSuback
FN:8841,8854,CMockExpectParameters_MQTTV5_DeserializeSuback
FN:8856,8868,MQTTV5_DeserializeSuback_CMockIgnoreAndReturn
FN:8870,8875,MQTTV5_DeserializeSuback_CMockStopIgnore
FN:8877,8890,MQTTV5_DeserializeSuback_CMockExpectAnyArgsAndReturn
FN:8892,8906,MQTTV5_DeserializeSuback_CMockExpectAndReturn
FN:8908,8913,MQTTV5_DeserializeSuback_AddCallback
FN:8915,8920,MQTTV5_DeserializeSuback_Stub
FN:8922,8935,MQTTV5_DeserializeSuback_CMockExpectWithArrayAndReturn
FN:8937,8944,MQTTV5_DeserializeSuback_CMockReturnMemThruPtr_pSubackProperties
FN:8946,8953,MQTTV5_DeserializeSuback_CMockReturnMemThruPtr_pPacketId
FN:8955,8960,MQTTV5_DeserializeSuback_CMockIgnoreArg_pSubackProperties
FN:8962,8967,MQTTV5_DeserializeSuback_CMockIgnoreArg_pSuback
FN:8969,8974,MQTTV5_DeserializeSuback_CMockIgnoreArg_pPacketId
FN:8982,9067,MQTTV5_GetAckPacketSize
FN:9069,9085,CMockExpectParameters_MQTTV5_GetAckPacketSize
FN:9087,9099,MQTTV5_GetAckPacketSize_CMockIgnoreAndReturn
FN:9101,9106,MQTTV5_GetAckPacketSize_CMockStopIgnore
FN:9108,9121,MQTTV5_GetAckPacketSize_CMockExpectAnyArgsAndReturn
FN:9123,9137,MQTTV5_GetAckPacketSize_CMockExpectAndReturn
FN:9139,9144,MQTTV5_GetAckPacketSize_AddCallback
FN:9146,9151,MQTTV5_GetAckPacketSize_Stub
FN:9153,9166,MQTTV5_GetAckPacketSize_CMockExpectWithArrayAndReturn
FN:9168,9175,MQTTV5_GetAckPacketSize_CMockReturnMemThruPtr_pAckInfo
FN:9177,9184,MQTTV5_GetAckPacketSize_CMockReturnMemThruPtr_pRemainingLength
FN:9186,9193,MQTTV5_GetAckPacketSize_CMockReturnMemThruPtr_pPacketSize
FN:9195,9200,MQTTV5_GetAckPacketSize_CMockIgnoreArg_pAckInfo
FN:9202,9207,MQTTV5_GetAckPacketSize_CMockIgnoreArg_pRemainingLength
FN:9209,9214,MQTTV5_GetAckPacketSize_CMockIgnoreArg_pPacketSize
FN:9216,9221,MQTTV5_GetAckPacketSize_CMockIgnoreArg_maxPacketSize
FN:9229,9300,MQTTV5_SerializeAckFixed
FN:9302,9318,CMockExpectParameters_MQTTV5_SerializeAckFixed
FN:9320,9332,MQTTV5_SerializeAckFixed_CMockIgnoreAndReturn
FN:9334,9339,MQTTV5_SerializeAckFixed_CMockStopIgnore
FN:9341,9354,MQTTV5_SerializeAckFixed_CMockExpectAnyArgsAndReturn
FN:9356,9369,MQTTV5_SerializeAckFixed_CMockExpectAndReturn
FN:9371,9376,MQTTV5_SerializeAckFixed_AddCallback
FN:9378,9383,MQTTV5_SerializeAckFixed_Stub
FN:9385,9398,MQTTV5_SerializeAckFixed_CMockExpectWithArrayAndReturn
FN:9400,9407,MQTTV5_SerializeAckFixed_CMockReturnMemThruPtr_pIndex
FN:9409,9414,MQTTV5_SerializeAckFixed_CMockIgnoreArg_pIndex
FN:9416,9421,MQTTV5_SerializeAckFixed_CMockIgnoreArg_packetType
FN:9423,9428,MQTTV5_SerializeAckFixed_CMockIgnoreArg_packetId
FN:9430,9435,MQTTV5_SerializeAckFixed_CMockIgnoreArg_remainingLength
FN:9437,9442,MQTTV5_SerializeAckFixed_CMockIgnoreArg_propertyLength
FN:9450,9519,MQTTV5_SerializePubAckWithProperty
FN:9521,9536,CMockExpectParameters_MQTTV5_SerializePubAckWithProperty
FN:9538,9550,MQTTV5_SerializePubAckWithProperty_CMockIgnoreAndReturn
FN:9552,9557,MQTTV5_SerializePubAckWithProperty_CMockStopIgnore
FN:9559,9572,MQTTV5_SerializePubAckWithProperty_CMockExpectAnyArgsAndReturn
FN:9574,9588,MQTTV5_SerializePubAckWithProperty_CMockExpectAndReturn
FN:9590,9595,MQTTV5_SerializePubAckWithProperty_AddCallback
FN:9597,9602,MQTTV5_SerializePubAckWithProperty_Stub
FN:9604,9617,MQTTV5_SerializePubAckWithProperty_CMockExpectWithArrayAndReturn
FN:9619,9624,MQTTV5_SerializePubAckWithProperty_CMockIgnoreArg_pAckInfo
FN:9626,9631,MQTTV5_SerializePubAckWithProperty_CMockIgnoreArg_remainingLength
FN:9633,9638,MQTTV5_SerializePubAckWithProperty_CMockIgnoreArg_pFixedBuffer
FN:9640,9645,MQTTV5_SerializePubAckWithProperty_CMockIgnoreArg_packetType
FN:9647,9652,MQTTV5_SerializePubAckWithProperty_CMockIgnoreArg_packetId
FN:9660,9755,MQTTV5_GetDisconnectPacketSize
FN:9757,9777,CMockExpectParameters_MQTTV5_GetDisconnectPacketSize
FN:9779,9791,MQTTV5_GetDisconnectPacketSize_CMockIgnoreAndReturn
FN:9793,9798,MQTTV5_GetDisconnectPacketSize_CMockStopIgnore
FN:9800,9813,MQTTV5_GetDisconnectPacketSize_CMockExpectAnyArgsAndReturn
FN:9815,9829,MQTTV5_GetDisconnectPacketSize_CMockExpectAndReturn
FN:9831,9836,MQTTV5_GetDisconnectPacketSize_AddCallback
FN:9838,9843,MQTTV5_GetDisconnectPacketSize_Stub
FN:9845,9858,MQTTV5_GetDisconnectPacketSize_CMockExpectWithArrayAndReturn
FN:9860,9867,MQTTV5_GetDisconnectPacketSize_CMockReturnMemThruPtr_pDisconnectInfo
FN:9869,9876,MQTTV5_GetDisconnectPacketSize_CMockReturnMemThruPtr_pRemainingLength
FN:9878,9885,MQTTV5_GetDisconnectPacketSize_CMockReturnMemThruPtr_pPacketSize
FN:9887,9892,MQTTV5_GetDisconnectPacketSize_CMockIgnoreArg_pDisconnectInfo
FN:9894,9899,MQTTV5_GetDisconnectPacketSize_CMockIgnoreArg_pRemainingLength
FN:9901,9906,MQTTV5_GetDisconnectPacketSize_CMockIgnoreArg_pPacketSize
FN:9908,9913,MQTTV5_GetDisconnectPacketSize_CMockIgnoreArg_maxPacketSize
FN:9915,9920,MQTTV5_GetDisconnectPacketSize_CMockIgnoreArg_sessionExpiry
FN:9922,9927,MQTTV5_GetDisconnectPacketSize_CMockIgnoreArg_prevSessionExpiry
FN:9935,10004,MQTTV5_SerializeDisconnectFixed
FNDA:0,CMockExpectParameters_MQTTV5_SerializeDisconnectFixed
FNDA:0,MQTTV5_SerializeDisconnectFixed_CMockIgnoreAndReturn
FNDA:0,MQTTV5_SerializeDisconnectFixed_CMockStopIgnore
FNDA:0,MQTTV5_SerializeDisconnectFixed_CMockExpectAnyArgsAndReturn
FNDA:0,MQTTV5_SerializeDisconnectFixed_CMockExpectAndReturn
FNDA:0,MQTTV5_SerializeDisconnectFixed_AddCallback
FNDA:0,MQTTV5_SerializeDisconnectFixed_Stub
FNDA:0,MQTTV5_SerializeDisconnectFixed_CMockExpectWithArrayAndReturn
FNDA:0,MQTTV5_SerializeDisconnectFixed_CMockReturnMemThruPtr_pIndex
FNDA:0,MQTTV5_SerializeDisconnectFixed_CMockIgnoreArg_pIndex
FNDA:0,MQTTV5_SerializeDisconnectFixed_CMockIgnoreArg_pDisconnectInfo
FNDA:0,MQTTV5_SerializeDisconnectFixed_CMockIgnoreArg_remainingLength
FNDA:0,MQTTV5_SerializeDisconnectFixed_CMockIgnoreArg_sessionExpiry
FNDA:0,MQTTV5_DeserializeDisconnect
FNDA:0,CMockExpectParameters_MQTTV5_DeserializeDisconnect
FNDA:0,MQTTV5_DeserializeDisconnect_CMockIgnoreAndReturn
FNDA:0,MQTTV5_DeserializeDisconnect_CMockStopIgnore
FNDA:0,MQTTV5_DeserializeDisconnect_CMockExpectAnyArgsAndReturn
FNDA:0,MQTTV5_DeserializeDisconnect_CMockExpectAndReturn
FNDA:0,MQTTV5_DeserializeDisconnect_AddCallback
FNDA:0,MQTTV5_DeserializeDisconnect_Stub
FNDA:0,MQTTV5_DeserializeDisconnect_CMockExpectWithArrayAndReturn
FNDA:0,MQTTV5_DeserializeDisconnect_CMockReturnMemThruPtr_pDisconnectInfo
FNDA:0,MQTTV5_DeserializeDisconnect_CMockReturnMemThruPtr_pServerRef
FNDA:0,MQTTV5_DeserializeDisconnect_CMockReturnMemThruPtr_pServerRefLength
FNDA:0,MQTTV5_DeserializeDisconnect_CMockIgnoreArg_pPacket
FNDA:0,MQTTV5_DeserializeDisconnect_CMockIgnoreArg_pDisconnectInfo
FNDA:0,MQTTV5_DeserializeDisconnect_CMockIgnoreArg_pServerRef
FNDA:0,MQTTV5_DeserializeDisconnect_CMockIgnoreArg_pServerRefLength
FNDA:0,MQTTV5_DeserializeDisconnect_CMockIgnoreArg_maxPacketSize
FNDA:0,MQTTV5_SerializeDisconnectWithProperty
FNDA:0,CMockExpectParameters_MQTTV5_SerializeDisconnectWithProperty
FNDA:0,MQTTV5_SerializeDisconnectWithProperty_CMockIgnoreAndReturn
FNDA:0,MQTTV5_SerializeDisconnectWithProperty_CMockStopIgnore
FNDA:0,MQTTV5_SerializeDisconnectWithProperty_CMockExpectAnyArgsAndReturn
FNDA:0,MQTTV5_SerializeDisconnectWithProperty_CMockExpectAndReturn
FNDA:0,MQTTV5_SerializeDisconnectWithProperty_AddCallback
FNDA:0,MQTTV5_SerializeDisconnectWithProperty_Stub
FNDA:0,MQTTV5_SerializeDisconnectWithProperty_CMockExpectWithArrayAndReturn
FNDA:0,MQTTV5_SerializeDisconnectWithProperty_CMockIgnoreArg_pDisconnectInfo
FNDA:0,MQTTV5_SerializeDisconnectWithProperty_CMockIgnoreArg_remainingLength
FNDA:0,MQTTV5_SerializeDisconnectWithProperty_CMockIgnoreArg_pFixedBuffer
FNDA:0,MQTTV5_SerializeDisconnectWithProperty_CMockIgnoreArg_sessionExpiry
FNDA:0,mock_core_mqtt_serializer_Verify
FNDA:0,mock_core_mqtt_serializer_Init
FNDA:0,mock_core_mqtt_serializer_Destroy
FNDA:0,MQTT_GetConnectPacketSize
FNDA:0,CMockExpectParameters_MQTT_GetConnectPacketSize
FNDA:0,MQTT_GetConnectPacketSize_CMockIgnoreAndReturn
FNDA:0,MQTT_GetConnectPacketSize_CMockStopIgnore
FNDA:0,MQTT_GetConnectPacketSize_CMockExpectAnyArgsAndReturn
FNDA:0,MQTT_GetConnectPacketSize_CMockExpectAndReturn
FNDA:0,MQTT_GetConnectPacketSize_AddCallback
FNDA:0,MQTT_GetConnectPacketSize_Stub
FNDA:0,MQTT_GetConnectPacketSize_CMockExpectWithArrayAndReturn
FNDA:0,MQTT_GetConnectPacketSize_CMockReturnMemThruPtr_pRemainingLength
FNDA:0,MQTT_GetConnectPacketSize_CMockReturnMemThruPtr_pPacketSize
FNDA:0,MQTT_GetConnectPacketSize_CMockIgnoreArg_pConnectInfo
FNDA:0,MQTT_GetConnectPacketSize_CMockIgnoreArg_pWillInfo
FNDA:0,MQTT_GetConnectPacketSize_CMockIgnoreArg_pRemainingLength
FNDA:0,MQTT_GetConnectPacketSize_CMockIgnoreArg_pPacketSize
FNDA:0,MQTT_SerializeConnect
FNDA:0,CMockExpectParameters_MQTT_SerializeConnect
FNDA:0,MQTT_SerializeConnect_CMockIgnoreAndReturn
FNDA:0,MQTT_SerializeConnect_CMockStopIgnore
FNDA:0,MQTT_SerializeConnect_CMockExpectAnyArgsAndReturn
FNDA:0,MQTT_SerializeConnect_CMockExpectAndReturn
FNDA:0,MQTT_SerializeConnect_AddCallback
FNDA:0,MQTT_SerializeConnect_Stub
FNDA:0,MQTT_SerializeConnect_CMockExpectWithArrayAndReturn
FNDA:0,MQTT_SerializeConnect_CMockIgnoreArg_pConnectInfo
FNDA:0,MQTT_SerializeConnect_CMockIgnoreArg_pWillInfo
FNDA:0,MQTT_SerializeConnect_CMockIgnoreArg_remainingLength
FNDA:0,MQTT_SerializeConnect_CMockIgnoreArg_pFixedBuffer
FNDA:0,MQTTV5_GetSubscribePacketSize
FNDA:0,CMockExpectParameters_MQTTV5_GetSubscribePacketSize
FNDA:0,MQTTV5_GetSubscribePacketSize_CMockIgnoreAndReturn
FNDA:0,MQTTV5_GetSubscribePacketSize_CMockStopIgnore
FNDA:0,MQTTV5_GetSubscribePacketSize_CMockExpectAnyArgsAndReturn
FNDA:0,MQTTV5_GetSubscribePacketSize_CMockExpectAndReturn
FNDA:0,MQTTV5_GetSubscribePacketSize_AddCallback
FNDA:0,MQTTV5_GetSubscribePacketSize_Stub
FNDA:0,MQTTV5_GetSubscribePacketSize_CMockExpectWithArrayAndReturn
FNDA:0,MQTTV5_GetSubscribePacketSize_CMockReturnMemThruPtr_pSubscriptionList
FNDA:0,MQTTV5_GetSubscribePacketSize_CMockReturnMemThruPtr_pSubscribeProperties
FNDA:0,MQTTV5_GetSubscribePacketSize_CMockReturnMemThruPtr_pRemainingLength
FNDA:0,MQTTV5_GetSubscribePacketSize_CMockReturnMemThruPtr_pPacketSize
FNDA:0,MQTTV5_GetSubscribePacketSize_CMockIgnoreArg_pSubscriptionList
FNDA:0,MQTTV5_GetSubscribePacketSize_CMockIgnoreArg_pSubscribeProperties
FNDA:0,MQTTV5_GetSubscribePacketSize_CMockIgnoreArg_subscriptionCount
FNDA:0,MQTTV5_GetSubscribePacketSize_CMockIgnoreArg_pRemainingLength
FNDA:0,MQTTV5_GetSubscribePacketSize_CMockIgnoreArg_pPacketSize
FNDA:0,MQTT_GetSubscribePacketSize
FNDA:0,CMockExpectParameters_MQTT_GetSubscribePacketSize
FNDA:0,MQTT_GetSubscribePacketSize_CMockIgnoreAndReturn
FNDA:0,MQTT_GetSubscribePacketSize_CMockStopIgnore
FNDA:0,MQTT_GetSubscribePacketSize_CMockExpectAnyArgsAndReturn
FNDA:0,MQTT_GetSubscribePacketSize_CMockExpectAndReturn
FNDA:0,MQTT_GetSubscribePacketSize_AddCallback
FNDA:0,MQTT_GetSubscribePacketSize_Stub
FNDA:0,MQTT_GetSubscribePacketSize_CMockExpectWithArrayAndReturn
FNDA:0,MQTT_GetSubscribePacketSize_CMockReturnMemThruPtr_pRemainingLength
FNDA:0,MQTT_GetSubscribePacketSize_CMockReturnMemThruPtr_pPacketSize
FNDA:0,MQTT_GetSubscribePacketSize_CMockIgnoreArg_pSubscriptionList
FNDA:0,MQTT_GetSubscribePacketSize_CMockIgnoreArg_subscriptionCount
FNDA:0,MQTT_GetSubscribePacketSize_CMockIgnoreArg_pRemainingLength
FNDA:0,MQTT_GetSubscribePacketSize_CMockIgnoreArg_pPacketSize
FNDA:0,MQTT_SerializeSubscribe
FNDA:0,CMockExpectParameters_MQTT_SerializeSubscribe
FNDA:0,MQTT_SerializeSubscribe_CMockIgnoreAndReturn
FNDA:0,MQTT_SerializeSubscribe_CMockStopIgnore
FNDA:0,MQTT_SerializeSubscribe_CMockExpectAnyArgsAndReturn
FNDA:0,MQTT_SerializeSubscribe_CMockExpectAndReturn
FNDA:0,MQTT_SerializeSubscribe_AddCallback
FNDA:0,MQTT_SerializeSubscribe_Stub
FNDA:0,MQTT_SerializeSubscribe_CMockExpectWithArrayAndReturn
FNDA:0,MQTT_SerializeSubscribe_CMockIgnoreArg_pSubscriptionList
FNDA:0,MQTT_SerializeSubscribe_CMockIgnoreArg_subscriptionCount
FNDA:0,MQTT_SerializeSubscribe_CMockIgnoreArg_packetId
FNDA:0,MQTT_SerializeSubscribe_CMockIgnoreArg_remainingLength
FNDA:0,MQTT_SerializeSubscribe_CMockIgnoreArg_pFixedBuffer
FNDA:0,MQTT_GetUnsubscribePacketSize
FNDA:0,CMockExpectParameters_MQTT_GetUnsubscribePacketSize
FNDA:0,MQTT_GetUnsubscribePacketSize_CMockIgnoreAndReturn
FNDA:0,MQTT_GetUnsubscribePacketSize_CMockStopIgnore
FNDA:0,MQTT_GetUnsubscribePacketSize_CMockExpectAnyArgsAndReturn
FNDA:0,MQTT_GetUnsubscribePacketSize_CMockExpectAndReturn
FNDA:0,MQTT_GetUnsubscribePacketSize_AddCallback
FNDA:0,MQTT_GetUnsubscribePacketSize_Stub
FNDA:0,MQTT_GetUnsubscribePacketSize_CMockExpectWithArrayAndReturn
FNDA:0,MQTT_GetUnsubscribePacketSize_CMockReturnMemThruPtr_pRemainingLength
FNDA:0,MQTT_GetUnsubscribePacketSize_CMockReturnMemThruPtr_pPacketSize
FNDA:0,MQTT_GetUnsubscribePacketSize_CMockIgnoreArg_pSubscriptionList
FNDA:0,MQTT_GetUnsubscribePacketSize_CMockIgnoreArg_subscriptionCount
FNDA:0,MQTT_GetUnsubscribePacketSize_CMockIgnoreArg_pRemainingLength
FNDA:0,MQTT_GetUnsubscribePacketSize_CMockIgnoreArg_pPacketSize
FNDA:0,MQTTV5_GetUnsubscribePacketSize
FNDA:0,CMockExpectParameters_MQTTV5_GetUnsubscribePacketSize
FNDA:0,MQTTV5_GetUnsubscribePacketSize_CMockIgnoreAndReturn
FNDA:0,MQTTV5_GetUnsubscribePacketSize_CMockStopIgnore
FNDA:0,MQTTV5_GetUnsubscribePacketSize_CMockExpectAnyArgsAndReturn
FNDA:0,MQTTV5_GetUnsubscribePacketSize_CMockExpectAndReturn
FNDA:0,MQTTV5_GetUnsubscribePacketSize_AddCallback
FNDA:0,MQTTV5_GetUnsubscribePacketSize_Stub
FNDA:0,MQTTV5_GetUnsubscribePacketSize_CMockExpectWithArrayAndReturn
FNDA:0,MQTTV5_GetUnsubscribePacketSize_CMockReturnMemThruPtr_subscribeProperties
FNDA:0,MQTTV5_GetUnsubscribePacketSize_CMockReturnMemThruPtr_pRemainingLength
FNDA:0,MQTTV5_GetUnsubscribePacketSize_CMockReturnMemThruPtr_pPacketSize
FNDA:0,MQTTV5_GetUnsubscribePacketSize_CMockIgnoreArg_pSubscriptionList
FNDA:0,MQTTV5_GetUnsubscribePacketSize_CMockIgnoreArg_subscribeProperties
FNDA:0,MQTTV5_GetUnsubscribePacketSize_CMockIgnoreArg_subscriptionCount
FNDA:0,MQTTV5_GetUnsubscribePacketSize_CMockIgnoreArg_pRemainingLength
FNDA:0,MQTTV5_GetUnsubscribePacketSize_CMockIgnoreArg_pPacketSize
FNDA:0,MQTT_SerializeUnsubscribe
FNDA:0,CMockExpectParameters_MQTT_SerializeUnsubscribe
FNDA:0,MQTT_SerializeUnsubscribe_CMockIgnoreAndReturn
FNDA:0,MQTT_SerializeUnsubscribe_CMockStopIgnore
FNDA:0,MQTT_SerializeUnsubscribe_CMockExpectAnyArgsAndReturn
FNDA:0,MQTT_SerializeUnsubscribe_CMockExpectAndReturn
FNDA:0,MQTT_SerializeUnsubscribe_AddCallback
FNDA:0,MQTT_SerializeUnsubscribe_Stub
FNDA:0,MQTT_SerializeUnsubscribe_CMockExpectWithArrayAndReturn
FNDA:0,MQTT_SerializeUnsubscribe_CMockIgnoreArg_pSubscriptionList
FNDA:0,MQTT_SerializeUnsubscribe_CMockIgnoreArg_subscriptionCount
FNDA:0,MQTT_SerializeUnsubscribe_CMockIgnoreArg_packetId
FNDA:0,MQTT_SerializeUnsubscribe_CMockIgnoreArg_remainingLength
FNDA:0,MQTT_SerializeUnsubscribe_CMockIgnoreArg_pFixedBuffer
FNDA:0,MQTT_GetPublishPacketSize
FNDA:0,CMockExpectParameters_MQTT_GetPublishPacketSize
FNDA:0,MQTT_GetPublishPacketSize_CMockIgnoreAndReturn
FNDA:0,MQTT_GetPublishPacketSize_CMockStopIgnore
FNDA:0,MQTT_GetPublishPacketSize_CMockExpectAnyArgsAndReturn
FNDA:0,MQTT_GetPublishPacketSize_CMockExpectAndReturn
FNDA:0,MQTT_GetPublishPacketSize_AddCallback
FNDA:0,MQTT_GetPublishPacketSize_Stub
FNDA:0,MQTT_GetPublishPacketSize_CMockExpectWithArrayAndReturn
FNDA:0,MQTT_GetPublishPacketSize_CMockReturnMemThruPtr_pRemainingLength
FNDA:0,MQTT_GetPublishPacketSize_CMockReturnMemThruPtr_pPacketSize
FNDA:0,MQTT_GetPublishPacketSize_CMockIgnoreArg_pPublishInfo
FNDA:0,MQTT_GetPublishPacketSize_CMockIgnoreArg_pRemainingLength
FNDA:0,MQTT_GetPublishPacketSize_CMockIgnoreArg_pPacketSize
FNDA:0,MQTT_SerializePublish
FNDA:0,CMockExpectParameters_MQTT_SerializePublish
FNDA:0,MQTT_SerializePublish_CMockIgnoreAndReturn
FNDA:0,MQTT_SerializePublish_CMockStopIgnore
FNDA:0,MQTT_SerializePublish_CMockExpectAnyArgsAndReturn
FNDA:0,MQTT_SerializePublish_CMockExpectAndReturn
FNDA:0,MQTT_SerializePublish_AddCallback
FNDA:0,MQTT_SerializePublish_Stub
FNDA:0,MQTT_SerializePublish_CMockExpectWithArrayAndReturn
FNDA:0,MQTT_SerializePublish_CMockIgnoreArg_pPublishInfo
FNDA:0,MQTT_SerializePublish_CMockIgnoreArg_packetId
FNDA:0,MQTT_SerializePublish_CMockIgnoreArg_remainingLength
FNDA:0,MQTT_SerializePublish_CMockIgnoreArg_pFixedBuffer
FNDA:0,MQTT_SerializePublishHeaderWithoutTopic
FNDA:0,CMockExpectParameters_MQTT_SerializePublishHeaderWithoutTopic
FNDA:0,MQTT_SerializePublishHeaderWithoutTopic_CMockIgnoreAndReturn
FNDA:0,MQTT_SerializePublishHeaderWithoutTopic_CMockStopIgnore
FNDA:0,MQTT_SerializePublishHeaderWithoutTopic_CMockExpectAnyArgsAndReturn
FNDA:0,MQTT_SerializePublishHeaderWithoutTopic_CMockExpectAndReturn
FNDA:0,MQTT_SerializePublishHeaderWithoutTopic_AddCallback
FNDA:0,MQTT_SerializePublishHeaderWithoutTopic_Stub
FNDA:0,MQTT_SerializePublishHeaderWithoutTopic_CMockExpectWithArrayAndReturn
FNDA:0,MQTT_SerializePublishHeaderWithoutTopic_CMockReturnMemThruPtr_pBuffer
FNDA:0,MQTT_SerializePublishHeaderWithoutTopic_CMockReturnMemThruPtr_headerSize
FNDA:0,MQTT_SerializePublishHeaderWithoutTopic_CMockIgnoreArg_pPublishInfo
FNDA:0,MQTT_SerializePublishHeaderWithoutTopic_CMockIgnoreArg_remainingLength
FNDA:0,MQTT_SerializePublishHeaderWithoutTopic_CMockIgnoreArg_pBuffer
FNDA:0,MQTT_SerializePublishHeaderWithoutTopic_CMockIgnoreArg_headerSize
FNDA:0,MQTT_SerializePublishHeader
FNDA:0,CMockExpectParameters_MQTT_SerializePublishHeader
FNDA:0,MQTT_SerializePublishHeader_CMockIgnoreAndReturn
FNDA:0,MQTT_SerializePublishHeader_CMockStopIgnore
FNDA:0,MQTT_SerializePublishHeader_CMockExpectAnyArgsAndReturn
FNDA:0,MQTT_SerializePublishHeader_CMockExpectAndReturn
FNDA:0,MQTT_SerializePublishHeader_AddCallback
FNDA:0,MQTT_SerializePublishHeader_Stub
FNDA:0,MQTT_SerializePublishHeader_CMockExpectWithArrayAndReturn
FNDA:0,MQTT_SerializePublishHeader_CMockReturnMemThruPtr_pHeaderSize
FNDA:0,MQTT_SerializePublishHeader_CMockIgnoreArg_pPublishInfo
FNDA:0,MQTT_SerializePublishHeader_CMockIgnoreArg_packetId
FNDA:0,MQTT_SerializePublishHeader_CMockIgnoreArg_remainingLength
FNDA:0,MQTT_SerializePublishHeader_CMockIgnoreArg_pFixedBuffer
FNDA:0,MQTT_SerializePublishHeader_CMockIgnoreArg_pHeaderSize
FNDA:0,MQTT_SerializeAck
FNDA:0,CMockExpectParameters_MQTT_SerializeAck
FNDA:0,MQTT_SerializeAck_CMockIgnoreAndReturn
FNDA:0,MQTT_SerializeAck_CMockStopIgnore
FNDA:0,MQTT_SerializeAck_CMockExpectAnyArgsAndReturn
FNDA:0,MQTT_SerializeAck_CMockExpectAndReturn
FNDA:0,MQTT_SerializeAck_AddCallback
FNDA:0,MQTT_SerializeAck_Stub
FNDA:0,MQTT_SerializeAck_CMockExpectWithArrayAndReturn
FNDA:0,MQTT_SerializeAck_CMockIgnoreArg_pFixedBuffer
FNDA:0,MQTT_SerializeAck_CMockIgnoreArg_packetType
FNDA:0,MQTT_SerializeAck_CMockIgnoreArg_packetId
FNDA:0,MQTT_GetDisconnectPacketSize
FNDA:0,CMockExpectParameters_MQTT_GetDisconnectPacketSize
FNDA:0,MQTT_GetDisconnectPacketSize_CMockIgnoreAndReturn
FNDA:0,MQTT_GetDisconnectPacketSize_CMockStopIgnore
FNDA:0,MQTT_GetDisconnectPacketSize_CMockExpectAnyArgsAndReturn
FNDA:0,MQTT_GetDisconnectPacketSize_CMockExpectAndReturn
FNDA:0,MQTT_GetDisconnectPacketSize_AddCallback
FNDA:0,MQTT_GetDisconnectPacketSize_Stub
FNDA:0,MQTT_GetDisconnectPacketSize_CMockExpectWithArrayAndReturn
FNDA:0,MQTT_GetDisconnectPacketSize_CMockReturnMemThruPtr_pPacketSize
FNDA:0,MQTT_GetDisconnectPacketSize_CMockIgnoreArg_pPacketSize
FNDA:0,MQTT_SerializeDisconnect
FNDA:0,CMockExpectParameters_MQTT_SerializeDisconnect
FNDA:0,MQTT_SerializeDisconnect_CMockIgnoreAndReturn
FNDA:0,MQTT_SerializeDisconnect_CMockStopIgnore
FNDA:0,MQTT_SerializeDisconnect_CMockExpectAnyArgsAndReturn
FNDA:0,MQTT_SerializeDisconnect_CMockExpectAndReturn
FNDA:0,MQTT_SerializeDisconnect_AddCallback
FNDA:0,MQTT_SerializeDisconnect_Stub
FNDA:0,MQTT_SerializeDisconnect_CMockExpectWithArrayAndReturn
FNDA:0,MQTT_SerializeDisconnect_CMockIgnoreArg_pFixedBuffer
FNDA:0,MQTT_GetPingreqPacketSize
FNDA:0,CMockExpectParameters_MQTT_GetPingreqPacketSize
FNDA:0,MQTT_GetPingreqPacketSize_CMockIgnoreAndReturn
FNDA:0,MQTT_GetPingreqPacketSize_CMockStopIgnore
FNDA:0,MQTT_GetPingreqPacketSize_CMockExpectAnyArgsAndReturn
FNDA:0,MQTT_GetPingreqPacketSize_CMockExpectAndReturn
FNDA:0,MQTT_GetPingreqPacketSize_AddCallback
FNDA:0,MQTT_GetPingreqPacketSize_Stub
FNDA:0,MQTT_GetPingreqPacketSize_CMockExpectWithArrayAndReturn
FNDA:0,MQTT_GetPingreqPacketSize_CMockReturnMemThruPtr_pPacketSize
FNDA:0,MQTT_GetPingreqPacketSize_CMockIgnoreArg_pPacketSize
FNDA:0,MQTT_SerializePingreq
FNDA:0,CMockExpectParameters_MQTT_SerializePingreq
FNDA:0,MQTT_SerializePingreq_CMockIgnoreAndReturn
FNDA:0,MQTT_SerializePingreq_CMockStopIgnore
FNDA:0,MQTT_SerializePingreq_CMockExpectAnyArgsAndReturn
FNDA:0,MQTT_SerializePingreq_CMockExpectAndReturn
FNDA:0,MQTT_SerializePingreq_AddCallback
FNDA:0,MQTT_SerializePingreq_Stub
FNDA:0,MQTT_SerializePingreq_CMockExpectWithArrayAndReturn
FNDA:0,MQTT_SerializePingreq_CMockIgnoreArg_pFixedBuffer
FNDA:0,MQTT_DeserializePublish
FNDA:0,CMockExpectParameters_MQTT_DeserializePublish
FNDA:0,MQTT_DeserializePublish_CMockIgnoreAndReturn
FNDA:0,MQTT_DeserializePublish_CMockStopIgnore
FNDA:0,MQTT_DeserializePublish_CMockExpectAnyArgsAndReturn
FNDA:0,MQTT_DeserializePublish_CMockExpectAndReturn
FNDA:0,MQTT_DeserializePublish_AddCallback
FNDA:0,MQTT_DeserializePublish_Stub
FNDA:0,MQTT_DeserializePublish_CMockExpectWithArrayAndReturn
FNDA:0,MQTT_DeserializePublish_CMockReturnMemThruPtr_pPacketId
FNDA:0,MQTT_DeserializePublish_CMockReturnMemThruPtr_pPublishInfo
FNDA:0,MQTT_DeserializePublish_CMockIgnoreArg_pIncomingPacket
FNDA:0,MQTT_DeserializePublish_CMockIgnoreArg_pPacketId
FNDA:0,MQTT_DeserializePublish_CMockIgnoreArg_pPublishInfo
FNDA:0,MQTT_DeserializeAck
FNDA:0,CMockExpectParameters_MQTT_DeserializeAck
FNDA:0,MQTT_DeserializeAck_CMockIgnoreAndReturn
FNDA:0,MQTT_DeserializeAck_CMockStopIgnore
FNDA:0,MQTT_DeserializeAck_CMockExpectAnyArgsAndReturn
FNDA:0,MQTT_DeserializeAck_CMockExpectAndReturn
FNDA:0,MQTT_DeserializeAck_AddCallback
FNDA:0,MQTT_DeserializeAck_Stub
FNDA:0,MQTT_DeserializeAck_CMockExpectWithArrayAndReturn
FNDA:0,MQTT_DeserializeAck_CMockReturnMemThruPtr_pPacketId
FNDA:0,MQTT_DeserializeAck_CMockReturnMemThruPtr_pSessionPresent
FNDA:0,MQTT_DeserializeAck_CMockIgnoreArg_pIncomingPacket
FNDA:0,MQTT_DeserializeAck_CMockIgnoreArg_pPacketId
FNDA:0,MQTT_DeserializeAck_CMockIgnoreArg_pSessionPresent
FNDA:0,MQTT_GetIncomingPacketTypeAndLength
FNDA:0,CMockExpectParameters_MQTT_GetIncomingPacketTypeAndLength
FNDA:0,MQTT_GetIncomingPacketTypeAndLength_CMockIgnoreAndReturn
FNDA:0,MQTT_GetIncomingPacketTypeAndLength_CMockStopIgnore
FNDA:0,MQTT_GetIncomingPacketTypeAndLength_CMockExpectAnyArgsAndReturn
FNDA:0,MQTT_GetIncomingPacketTypeAndLength_CMockExpectAndReturn
FNDA:0,MQTT_GetIncomingPacketTypeAndLength_AddCallback
FNDA:0,MQTT_GetIncomingPacketTypeAndLength_Stub
FNDA:0,MQTT_GetIncomingPacketTypeAndLength_CMockExpectWithArrayAndReturn
FNDA:0,MQTT_GetIncomingPacketTypeAndLength_CMockReturnMemThruPtr_pNetworkContext
FNDA:0,MQTT_GetIncomingPacketTypeAndLength_CMockReturnMemThruPtr_pIncomingPacket
FNDA:0,MQTT_GetIncomingPacketTypeAndLength_CMockIgnoreArg_readFunc
FNDA:0,MQTT_GetIncomingPacketTypeAndLength_CMockIgnoreArg_pNetworkContext
FNDA:0,MQTT_GetIncomingPacketTypeAndLength_CMockIgnoreArg_pIncomingPacket
FNDA:0,MQTT_ProcessIncomingPacketTypeAndLength
FNDA:0,CMockExpectParameters_MQTT_ProcessIncomingPacketTypeAndLength
FNDA:0,MQTT_ProcessIncomingPacketTypeAndLength_CMockIgnoreAndReturn
FNDA:0,MQTT_ProcessIncomingPacketTypeAndLength_CMockStopIgnore
FNDA:0,MQTT_ProcessIncomingPacketTypeAndLength_CMockExpectAnyArgsAndReturn
FNDA:0,MQTT_ProcessIncomingPacketTypeAndLength_CMockExpectAndReturn
FNDA:0,MQTT_ProcessIncomingPacketTypeAndLength_AddCallback
FNDA:0,MQTT_ProcessIncomingPacketTypeAndLength_Stub
FNDA:0,MQTT_ProcessIncomingPacketTypeAndLength_CMockExpectWithArrayAndReturn
FNDA:0,MQTT_ProcessIncomingPacketTypeAndLength_CMockReturnMemThruPtr_pIncomingPacket
FNDA:0,MQTT_ProcessIncomingPacketTypeAndLength_CMockIgnoreArg_pBuffer
FNDA:0,MQTT_ProcessIncomingPacketTypeAndLength_CMockIgnoreArg_pIndex
FNDA:0,MQTT_ProcessIncomingPacketTypeAndLength_CMockIgnoreArg_pIncomingPacket
FNDA:0,MQTT_SerializeConnectFixedHeader
FNDA:0,CMockExpectParameters_MQTT_SerializeConnectFixedHeader
FNDA:0,MQTT_SerializeConnectFixedHeader_CMockIgnoreAndReturn
FNDA:0,MQTT_SerializeConnectFixedHeader_CMockStopIgnore
FNDA:0,MQTT_SerializeConnectFixedHeader_CMockExpectAnyArgsAndReturn
FNDA:0,MQTT_SerializeConnectFixedHeader_CMockExpectAndReturn
FNDA:0,MQTT_SerializeConnectFixedHeader_AddCallback
FNDA:0,MQTT_SerializeConnectFixedHeader_Stub
FNDA:0,MQTT_SerializeConnectFixedHeader_CMockExpectWithArrayAndReturn
FNDA:0,MQTT_SerializeConnectFixedHeader_CMockReturnMemThruPtr_pIndex
FNDA:0,MQTT_SerializeConnectFixedHeader_CMockIgnoreArg_pIndex
FNDA:0,MQTT_SerializeConnectFixedHeader_CMockIgnoreArg_pConnectInfo
FNDA:0,MQTT_SerializeConnectFixedHeader_CMockIgnoreArg_pWillInfo
FNDA:0,MQTT_SerializeConnectFixedHeader_CMockIgnoreArg_remainingLength
FNDA:0,MQTT_SerializeSubscribeHeader
FNDA:0,CMockExpectParameters_MQTT_SerializeSubscribeHeader
FNDA:0,MQTT_SerializeSubscribeHeader_CMockIgnoreAndReturn
FNDA:0,MQTT_SerializeSubscribeHeader_CMockStopIgnore
FNDA:0,MQTT_SerializeSubscribeHeader_CMockExpectAnyArgsAndReturn
FNDA:0,MQTT_SerializeSubscribeHeader_CMockExpectAndReturn
FNDA:0,MQTT_SerializeSubscribeHeader_AddCallback
FNDA:0,MQTT_SerializeSubscribeHeader_Stub
FNDA:0,MQTT_SerializeSubscribeHeader_CMockExpectWithArrayAndReturn
FNDA:0,MQTT_SerializeSubscribeHeader_CMockReturnMemThruPtr_pIndex
FNDA:0,MQTT_SerializeSubscribeHeader_CMockIgnoreArg_remainingLength
FNDA:0,MQTT_SerializeSubscribeHeader_CMockIgnoreArg_pIndex
FNDA:0,MQTT_SerializeSubscribeHeader_CMockIgnoreArg_packetId
FNDA:0,MQTT_SerializeUnsubscribeHeader
FNDA:0,CMockExpectParameters_MQTT_SerializeUnsubscribeHeader
FNDA:0,MQTT_SerializeUnsubscribeHeader_CMockIgnoreAndReturn
FNDA:0,MQTT_SerializeUnsubscribeHeader_CMockStopIgnore
FNDA:0,MQTT_SerializeUnsubscribeHeader_CMockExpectAnyArgsAndReturn
FNDA:0,MQTT_SerializeUnsubscribeHeader_CMockExpectAndReturn
FNDA:0,MQTT_SerializeUnsubscribeHeader_AddCallback
FNDA:0,MQTT_SerializeUnsubscribeHeader_Stub
FNDA:0,MQTT_SerializeUnsubscribeHeader_CMockExpectWithArrayAndReturn
FNDA:0,MQTT_SerializeUnsubscribeHeader_CMockReturnMemThruPtr_pIndex
FNDA:0,MQTT_SerializeUnsubscribeHeader_CMockIgnoreArg_remainingLength
FNDA:0,MQTT_SerializeUnsubscribeHeader_CMockIgnoreArg_pIndex
FNDA:0,MQTT_SerializeUnsubscribeHeader_CMockIgnoreArg_packetId
FNDA:0,MQTTV5_SerializeConnectProperties
FNDA:0,CMockExpectParameters_MQTTV5_SerializeConnectProperties
FNDA:0,MQTTV5_SerializeConnectProperties_CMockIgnoreAndReturn
FNDA:0,MQTTV5_SerializeConnectProperties_CMockStopIgnore
FNDA:0,MQTTV5_SerializeConnectProperties_CMockExpectAnyArgsAndReturn
FNDA:0,MQTTV5_SerializeConnectProperties_CMockExpectAndReturn
FNDA:0,MQTTV5_SerializeConnectProperties_AddCallback
FNDA:0,MQTTV5_SerializeConnectProperties_Stub
FNDA:0,MQTTV5_SerializeConnectProperties_CMockExpectWithArrayAndReturn
FNDA:0,MQTTV5_SerializeConnectProperties_CMockReturnMemThruPtr_pIndex
FNDA:0,MQTTV5_SerializeConnectProperties_CMockIgnoreArg_pIndex
FNDA:0,MQTTV5_SerializeConnectProperties_CMockIgnoreArg_pConnectProperties
FNDA:0,MQTT_SerializePublishProperties
FNDA:0,CMockExpectParameters_MQTT_SerializePublishProperties
FNDA:0,MQTT_SerializePublishProperties_CMockIgnoreAndReturn
FNDA:0,MQTT_SerializePublishProperties_CMockStopIgnore
FNDA:0,MQTT_SerializePublishProperties_CMockExpectAnyArgsAndReturn
FNDA:0,MQTT_SerializePublishProperties_CMockExpectAndReturn
FNDA:0,MQTT_SerializePublishProperties_AddCallback
FNDA:0,MQTT_SerializePublishProperties_Stub
FNDA:0,MQTT_SerializePublishProperties_CMockExpectWithArrayAndReturn
FNDA:0,MQTT_SerializePublishProperties_CMockReturnMemThruPtr_pIndex
FNDA:0,MQTT_SerializePublishProperties_CMockIgnoreArg_pPublishInfo
FNDA:0,MQTT_SerializePublishProperties_CMockIgnoreArg_pIndex
FNDA:0,MQTTV5_DeserializeConnack
FNDA:0,CMockExpectParameters_MQTTV5_DeserializeConnack
FNDA:0,MQTTV5_DeserializeConnack_CMockIgnoreAndReturn
FNDA:0,MQTTV5_DeserializeConnack_CMockStopIgnore
FNDA:0,MQTTV5_DeserializeConnack_CMockExpectAnyArgsAndReturn
FNDA:0,MQTTV5_DeserializeConnack_CMockExpectAndReturn
FNDA:0,MQTTV5_DeserializeConnack_AddCallback
FNDA:0,MQTTV5_DeserializeConnack_Stub
FNDA:0,MQTTV5_DeserializeConnack_CMockExpectWithArrayAndReturn
FNDA:0,MQTTV5_DeserializeConnack_CMockReturnMemThruPtr_pConnackProperties
FNDA:0,MQTTV5_DeserializeConnack_CMockReturnMemThruPtr_pSessionPresent
FNDA:0,MQTTV5_DeserializeConnack_CMockIgnoreArg_pConnackProperties
FNDA:0,MQTTV5_DeserializeConnack_CMockIgnoreArg_pIncomingPacket
FNDA:0,MQTTV5_DeserializeConnack_CMockIgnoreArg_pSessionPresent
FNDA:0,MQTTV5_InitConnect
FNDA:0,CMockExpectParameters_MQTTV5_InitConnect
FNDA:0,MQTTV5_InitConnect_CMockIgnoreAndReturn
FNDA:0,MQTTV5_InitConnect_CMockStopIgnore
FNDA:0,MQTTV5_InitConnect_CMockExpectAnyArgsAndReturn
FNDA:0,MQTTV5_InitConnect_CMockExpectAndReturn
FNDA:0,MQTTV5_InitConnect_AddCallback
FNDA:0,MQTTV5_InitConnect_Stub
FNDA:0,MQTTV5_InitConnect_CMockExpectWithArrayAndReturn
FNDA:0,MQTTV5_InitConnect_CMockReturnMemThruPtr_pConnectProperties
FNDA:0,MQTTV5_InitConnect_CMockIgnoreArg_pConnectProperties
FNDA:0,MQTTV5_GetConnectPacketSize
FNDA:0,CMockExpectParameters_MQTTV5_GetConnectPacketSize
FNDA:0,MQTTV5_GetConnectPacketSize_CMockIgnoreAndReturn
FNDA:0,MQTTV5_GetConnectPacketSize_CMockStopIgnore
FNDA:0,MQTTV5_GetConnectPacketSize_CMockExpectAnyArgsAndReturn
FNDA:0,MQTTV5_GetConnectPacketSize_CMockExpectAndReturn
FNDA:0,MQTTV5_GetConnectPacketSize_AddCallback
FNDA:0,MQTTV5_GetConnectPacketSize_Stub
FNDA:0,MQTTV5_GetConnectPacketSize_CMockExpectWithArrayAndReturn
FNDA:0,MQTTV5_GetConnectPacketSize_CMockReturnMemThruPtr_pWillInfo
FNDA:0,MQTTV5_GetConnectPacketSize_CMockReturnMemThruPtr_pConnectProperties
FNDA:0,MQTTV5_GetConnectPacketSize_CMockReturnMemThruPtr_pRemainingLength
FNDA:0,MQTTV5_GetConnectPacketSize_CMockReturnMemThruPtr_pPacketSize
FNDA:0,MQTTV5_GetConnectPacketSize_CMockIgnoreArg_pConnectInfo
FNDA:0,MQTTV5_GetConnectPacketSize_CMockIgnoreArg_pWillInfo
FNDA:0,MQTTV5_GetConnectPacketSize_CMockIgnoreArg_pConnectProperties
FNDA:0,MQTTV5_GetConnectPacketSize_CMockIgnoreArg_pRemainingLength
FNDA:0,MQTTV5_GetConnectPacketSize_CMockIgnoreArg_pPacketSize
FNDA:0,MQTTV5_SerializeConnect
FNDA:0,CMockExpectParameters_MQTTV5_SerializeConnect
FNDA:0,MQTTV5_SerializeConnect_CMockIgnoreAndReturn
FNDA:0,MQTTV5_SerializeConnect_CMockStopIgnore
FNDA:0,MQTTV5_SerializeConnect_CMockExpectAnyArgsAndReturn
FNDA:0,MQTTV5_SerializeConnect_CMockExpectAndReturn
FNDA:0,MQTTV5_SerializeConnect_AddCallback
FNDA:0,MQTTV5_SerializeConnect_Stub
FNDA:0,MQTTV5_SerializeConnect_CMockExpectWithArrayAndReturn
FNDA:0,MQTTV5_SerializeConnect_CMockIgnoreArg_pConnectInfo
FNDA:0,MQTTV5_SerializeConnect_CMockIgnoreArg_pWillInfo
FNDA:0,MQTTV5_SerializeConnect_CMockIgnoreArg_pConnectProperties
FNDA:0,MQTTV5_SerializeConnect_CMockIgnoreArg_remainingLength
FNDA:0,MQTTV5_SerializeConnect_CMockIgnoreArg_pFixedBuffer
FNDA:0,MQTTV5_ValidatePublishParams
FNDA:0,CMockExpectParameters_MQTTV5_ValidatePublishParams
FNDA:0,MQTTV5_ValidatePublishParams_CMockIgnoreAndReturn
FNDA:0,MQTTV5_ValidatePublishParams_CMockStopIgnore
FNDA:0,MQTTV5_ValidatePublishParams_CMockExpectAnyArgsAndReturn
FNDA:0,MQTTV5_ValidatePublishParams_CMockExpectAndReturn
FNDA:0,MQTTV5_ValidatePublishParams_AddCallback
FNDA:0,MQTTV5_ValidatePublishParams_Stub
FNDA:0,MQTTV5_ValidatePublishParams_CMockExpectWithArrayAndReturn
FNDA:0,MQTTV5_ValidatePublishParams_CMockIgnoreArg_pPublishInfo
FNDA:0,MQTTV5_ValidatePublishParams_CMockIgnoreArg_topicAliasMax
FNDA:0,MQTTV5_ValidatePublishParams_CMockIgnoreArg_retainAvailable
FNDA:0,MQTTV5_ValidatePublishParams_CMockIgnoreArg_maxQos
FNDA:0,MQTTV5_GetPublishPacketSize
FNDA:0,CMockExpectParameters_MQTTV5_GetPublishPacketSize
FNDA:0,MQTTV5_GetPublishPacketSize_CMockIgnoreAndReturn
FNDA:0,MQTTV5_GetPublishPacketSize_CMockStopIgnore
FNDA:0,MQTTV5_GetPublishPacketSize_CMockExpectAnyArgsAndReturn
FNDA:0,MQTTV5_GetPublishPacketSize_CMockExpectAndReturn
FNDA:0,MQTTV5_GetPublishPacketSize_AddCallback
FNDA:0,MQTTV5_GetPublishPacketSize_Stub
FNDA:0,MQTTV5_GetPublishPacketSize_CMockExpectWithArrayAndReturn
FNDA:0,MQTTV5_GetPublishPacketSize_CMockReturnMemThruPtr_pPublishInfo
FNDA:0,MQTTV5_GetPublishPacketSize_CMockReturnMemThruPtr_pRemainingLength
FNDA:0,MQTTV5_GetPublishPacketSize_CMockReturnMemThruPtr_pPacketSize
FNDA:0,MQTTV5_GetPublishPacketSize_CMockIgnoreArg_pPublishInfo
FNDA:0,MQTTV5_GetPublishPacketSize_CMockIgnoreArg_pRemainingLength
FNDA:0,MQTTV5_GetPublishPacketSize_CMockIgnoreArg_pPacketSize
FNDA:0,MQTTV5_GetPublishPacketSize_CMockIgnoreArg_maxPacketSize
FNDA:0,MQTTV5_DeserializeAck
FNDA:0,CMockExpectParameters_MQTTV5_DeserializeAck
FNDA:0,MQTTV5_DeserializeAck_CMockIgnoreAndReturn
FNDA:0,MQTTV5_DeserializeAck_CMockStopIgnore
FNDA:0,MQTTV5_DeserializeAck_CMockExpectAnyArgsAndReturn
FNDA:0,MQTTV5_DeserializeAck_CMockExpectAndReturn
FNDA:0,MQTTV5_DeserializeAck_AddCallback
FNDA:0,MQTTV5_DeserializeAck_Stub
FNDA:0,MQTTV5_DeserializeAck_CMockExpectWithArrayAndReturn
FNDA:0,MQTTV5_DeserializeAck_CMockReturnMemThruPtr_pPacketId
FNDA:0,MQTTV5_DeserializeAck_CMockReturnMemThruPtr_pAckInfo
FNDA:0,MQTTV5_DeserializeAck_CMockIgnoreArg_pIncomingPacket
FNDA:0,MQTTV5_DeserializeAck_CMockIgnoreArg_pPacketId
FNDA:0,MQTTV5_DeserializeAck_CMockIgnoreArg_pAckInfo
FNDA:0,MQTTV5_DeserializeAck_CMockIgnoreArg_requestProblem
FNDA:0,MQTTV5_DeserializeAck_CMockIgnoreArg_maxPacketSize
FNDA:0,MQTTV5_DeserializeSuback
FNDA:0,CMockExpectParameters_MQTTV5_DeserializeSuback
FNDA:0,MQTTV5_DeserializeSuback_CMockIgnoreAndReturn
FNDA:0,MQTTV5_DeserializeSuback_CMockStopIgnore
FNDA:0,MQTTV5_DeserializeSuback_CMockExpectAnyArgsAndReturn
FNDA:0,MQTTV5_DeserializeSuback_CMockExpectAndReturn
FNDA:0,MQTTV5_DeserializeSuback_AddCallback
FNDA:0,MQTTV5_DeserializeSuback_Stub
FNDA:0,MQTTV5_DeserializeSuback_CMockExpectWithArrayAndReturn
FNDA:0,MQTTV5_DeserializeSuback_CMockReturnMemThruPtr_pSubackProperties
FNDA:0,MQTTV5_DeserializeSuback_CMockReturnMemThruPtr_pPacketId
FNDA:0,MQTTV5_DeserializeSuback_CMockIgnoreArg_pSubackProperties
FNDA:0,MQTTV5_DeserializeSuback_CMockIgnoreArg_pSuback
FNDA:0,MQTTV5_DeserializeSuback_CMockIgnoreArg_pPacketId
FNDA:0,MQTTV5_GetAckPacketSize
FNDA:0,CMockExpectParameters_MQTTV5_GetAckPacketSize
FNDA:0,MQTTV5_GetAckPacketSize_CMockIgnoreAndReturn
FNDA:0,MQTTV5_GetAckPacketSize_CMockStopIgnore
FNDA:0,MQTTV5_GetAckPacketSize_CMockExpectAnyArgsAndReturn
FNDA:0,MQTTV5_GetAckPacketSize_CMockExpectAndReturn
FNDA:0,MQTTV5_GetAckPacketSize_AddCallback
FNDA:0,MQTTV5_GetAckPacketSize_Stub
FNDA:0,MQTTV5_GetAckPacketSize_CMockExpectWithArrayAndReturn
FNDA:0,MQTTV5_GetAckPacketSize_CMockReturnMemThruPtr_pAckInfo
FNDA:0,MQTTV5_GetAckPacketSize_CMockReturnMemThruPtr_pRemainingLength
FNDA:0,MQTTV5_GetAckPacketSize_CMockReturnMemThruPtr_pPacketSize
FNDA:0,MQTTV5_GetAckPacketSize_CMockIgnoreArg_pAckInfo
FNDA:0,MQTTV5_GetAckPacketSize_CMockIgnoreArg_pRemainingLength
FNDA:0,MQTTV5_GetAckPacketSize_CMockIgnoreArg_pPacketSize
FNDA:0,MQTTV5_GetAckPacketSize_CMockIgnoreArg_maxPacketSize
FNDA:0,MQTTV5_SerializeAckFixed
FNDA:0,CMockExpectParameters_MQTTV5_SerializeAckFixed
FNDA:0,MQTTV5_SerializeAckFixed_CMockIgnoreAndReturn
FNDA:0,MQTTV5_SerializeAckFixed_CMockStopIgnore
FNDA:0,MQTTV5_SerializeAckFixed_CMockExpectAnyArgsAndReturn
FNDA:0,MQTTV5_SerializeAckFixed_CMockExpectAndReturn
FNDA:0,MQTTV5_SerializeAckFixed_AddCallback
FNDA:0,MQTTV5_SerializeAckFixed_Stub
FNDA:0,MQTTV5_SerializeAckFixed_CMockExpectWithArrayAndReturn
FNDA:0,MQTTV5_SerializeAckFixed_CMockReturnMemThruPtr_pIndex
FNDA:0,MQTTV5_SerializeAckFixed_CMockIgnoreArg_pIndex
FNDA:0,MQTTV5_SerializeAckFixed_CMockIgnoreArg_packetType
FNDA:0,MQTTV5_SerializeAckFixed_CMockIgnoreArg_packetId
FNDA:0,MQTTV5_SerializeAckFixed_CMockIgnoreArg_remainingLength
FNDA:0,MQTTV5_SerializeAckFixed_CMockIgnoreArg_propertyLength
FNDA:0,MQTTV5_SerializePubAckWithProperty
FNDA:0,CMockExpectParameters_MQTTV5_SerializePubAckWithProperty
FNDA:0,MQTTV5_SerializePubAckWithProperty_CMockIgnoreAndReturn
FNDA:0,MQTTV5_SerializePubAckWithProperty_CMockStopIgnore
FNDA:0,MQTTV5_SerializePubAckWithProperty_CMockExpectAnyArgsAndReturn
FNDA:0,MQTTV5_SerializePubAckWithProperty_CMockExpectAndReturn
FNDA:0,MQTTV5_SerializePubAckWithProperty_AddCallback
FNDA:0,MQTTV5_SerializePubAckWithProperty_Stub
FNDA:0,MQTTV5_SerializePubAckWithProperty_CMockExpectWithArrayAndReturn
FNDA:0,MQTTV5_SerializePubAckWithProperty_CMockIgnoreArg_pAckInfo
FNDA:0,MQTTV5_SerializePubAckWithProperty_CMockIgnoreArg_remainingLength
FNDA:0,MQTTV5_SerializePubAckWithProperty_CMockIgnoreArg_pFixedBuffer
FNDA:0,MQTTV5_SerializePubAckWithProperty_CMockIgnoreArg_packetType
FNDA:0,MQTTV5_SerializePubAckWithProperty_CMockIgnoreArg_packetId
FNDA:0,MQTTV5_GetDisconnectPacketSize
FNDA:0,CMockExpectParameters_MQTTV5_GetDisconnectPacketSize
FNDA:0,MQTTV5_GetDisconnectPacketSize_CMockIgnoreAndReturn
FNDA:0,MQTTV5_GetDisconnectPacketSize_CMockStopIgnore
FNDA:0,MQTTV5_GetDisconnectPacketSize_CMockExpectAnyArgsAndReturn
FNDA:0,MQTTV5_GetDisconnectPacketSize_CMockExpectAndReturn
FNDA:0,MQTTV5_GetDisconnectPacketSize_AddCallback
FNDA:0,MQTTV5_GetDisconnectPacketSize_Stub
FNDA:0,MQTTV5_GetDisconnectPacketSize_CMockExpectWithArrayAndReturn
FNDA:0,MQTTV5_GetDisconnectPacketSize_CMockReturnMemThruPtr_pDisconnectInfo
FNDA:0,MQTTV5_GetDisconnectPacketSize_CMockReturnMemThruPtr_pRemainingLength
FNDA:0,MQTTV5_GetDisconnectPacketSize_CMockReturnMemThruPtr_pPacketSize
FNDA:0,MQTTV5_GetDisconnectPacketSize_CMockIgnoreArg_pDisconnectInfo
FNDA:0,MQTTV5_GetDisconnectPacketSize_CMockIgnoreArg_pRemainingLength
FNDA:0,MQTTV5_GetDisconnectPacketSize_CMockIgnoreArg_pPacketSize
FNDA:0,MQTTV5_GetDisconnectPacketSize_CMockIgnoreArg_maxPacketSize
FNDA:0,MQTTV5_GetDisconnectPacketSize_CMockIgnoreArg_sessionExpiry
FNDA:0,MQTTV5_GetDisconnectPacketSize_CMockIgnoreArg_prevSessionExpiry
FNDA:0,MQTTV5_SerializeDisconnectFixed
FNF:577
FNH:0
BRDA:1286,0,0,-
BRDA:1286,0,1,-
BRDA:1288,0,0,-
BRDA:1288,0,1,-
BRDA:1293,0,0,-
BRDA:1293,0,1,-
BRDA:1299,0,0,-
BRDA:1299,0,1,-
BRDA:1301,0,0,-
BRDA:1301,0,1,-
BRDA:1306,0,0,-
BRDA:1306,0,1,-
BRDA:1312,0,0,-
BRDA:1312,0,1,-
BRDA:1314,0,0,-
BRDA:1314,0,1,-
BRDA:1319,0,0,-
BRDA:1319,0,1,-
BRDA:1325,0,0,-
BRDA:1325,0,1,-
BRDA:1327,0,0,-
BRDA:1327,0,1,-
BRDA:1332,0,0,-
BRDA:1332,0,1,-
BRDA:1338,0,0,-
BRDA:1338,0,1,-
BRDA:1340,0,0,-
BRDA:1340,0,1,-
BRDA:1345,0,0,-
BRDA:1345,0,1,-
BRDA:1351,0,0,-
BRDA:1351,0,1,-
BRDA:1353,0,0,-
BRDA:1353,0,1,-
BRDA:1358,0,0,-
BRDA:1358,0,1,-
BRDA:1364,0,0,-
BRDA:1364,0,1,-
BRDA:1366,0,0,-
BRDA:1366,0,1,-
BRDA:1371,0,0,-
BRDA:1371,0,1,-
BRDA:1377,0,0,-
BRDA:1377,0,1,-
BRDA:1379,0,0,-
BRDA:1379,0,1,-
BRDA:1384,0,0,-
BRDA:1384,0,1,-
BRDA:1390,0,0,-
BRDA:1390,0,1,-
BRDA:1392,0,0,-
BRDA:1392,0,1,-
BRDA:1397,0,0,-
BRDA:1397,0,1,-
BRDA:1403,0,0,-
BRDA:1403,0,1,-
BRDA:1405,0,0,-
BRDA:1405,0,1,-
BRDA:1410,0,0,-
BRDA:1410,0,1,-
BRDA:1416,0,0,-
BRDA:1416,0,1,-
BRDA:1418,0,0,-
BRDA:1418,0,1,-
BRDA:1423,0,0,-
BRDA:1423,0,1,-
BRDA:1429,0,0,-
BRDA:1429,0,1,-
BRDA:1431,0,0,-
BRDA:1431,0,1,-
BRDA:1436,0,0,-
BRDA:1436,0,1,-
BRDA:1442,0,0,-
BRDA:1442,0,1,-
BRDA:1444,0,0,-
BRDA:1444,0,1,-
BRDA:1449,0,0,-
BRDA:1449,0,1,-
BRDA:1455,0,0,-
BRDA:1455,0,1,-
BRDA:1457,0,0,-
BRDA:1457,0,1,-
BRDA:1462,0,0,-
BRDA:1462,0,1,-
BRDA:1468,0,0,-
BRDA:1468,0,1,-
BRDA:1470,0,0,-
BRDA:1470,0,1,-
BRDA:1475,0,0,-
BRDA:1475,0,1,-
BRDA:1481,0,0,-
BRDA:1481,0,1,-
BRDA:1483,0,0,-
BRDA:1483,0,1,-
BRDA:1488,0,0,-
BRDA:1488,0,1,-
BRDA:1494,0,0,-
BRDA:1494,0,1,-
BRDA:1496,0,0,-
BRDA:1496,0,1,-
BRDA:1501,0,0,-
BRDA:1501,0,1,-
BRDA:1507,0,0,-
BRDA:1507,0,1,-
BRDA:1509,0,0,-
BRDA:1509,0,1,-
BRDA:1514,0,0,-
BRDA:1514,0,1,-
BRDA:1520,0,0,-
BRDA:1520,0,1,-
BRDA:1522,0,0,-
BRDA:1522,0,1,-
BRDA:1527,0,0,-
BRDA:1527,0,1,-
BRDA:1533,0,0,-
BRDA:1533,0,1,-
BRDA:1535,0,0,-
BRDA:1535,0,1,-
BRDA:1540,0,0,-
BRDA:1540,0,1,-
BRDA:1546,0,0,-
BRDA:1546,0,1,-
BRDA:1548,0,0,-
BRDA:1548,0,1,-
BRDA:1553,0,0,-
BRDA:1553,0,1,-
BRDA:1559,0,0,-
BRDA:1559,0,1,-
BRDA:1561,0,0,-
BRDA:1561,0,1,-
BRDA:1566,0,0,-
BRDA:1566,0,1,-
BRDA:1572,0,0,-
BRDA:1572,0,1,-
BRDA:1574,0,0,-
BRDA:1574,0,1,-
BRDA:1579,0,0,-
BRDA:1579,0,1,-
BRDA:1585,0,0,-
BRDA:1585,0,1,-
BRDA:1587,0,0,-
BRDA:1587,0,1,-
BRDA:1592,0,0,-
BRDA:1592,0,1,-
BRDA:1598,0,0,-
BRDA:1598,0,1,-
BRDA:1600,0,0,-
BRDA:1600,0,1,-
BRDA:1605,0,0,-
BRDA:1605,0,1,-
BRDA:1611,0,0,-
BRDA:1611,0,1,-
BRDA:1613,0,0,-
BRDA:1613,0,1,-
BRDA:1618,0,0,-
BRDA:1618,0,1,-
BRDA:1624,0,0,-
BRDA:1624,0,1,-
BRDA:1626,0,0,-
BRDA:1626,0,1,-
BRDA:1631,0,0,-
BRDA:1631,0,1,-
BRDA:1637,0,0,-
BRDA:1637,0,1,-
BRDA:1639,0,0,-
BRDA:1639,0,1,-
BRDA:1644,0,0,-
BRDA:1644,0,1,-
BRDA:1650,0,0,-
BRDA:1650,0,1,-
BRDA:1652,0,0,-
BRDA:1652,0,1,-
BRDA:1657,0,0,-
BRDA:1657,0,1,-
BRDA:1663,0,0,-
BRDA:1663,0,1,-
BRDA:1665,0,0,-
BRDA:1665,0,1,-
BRDA:1670,0,0,-
BRDA:1670,0,1,-
BRDA:1676,0,0,-
BRDA:1676,0,1,-
BRDA:1678,0,0,-
BRDA:1678,0,1,-
BRDA:1683,0,0,-
BRDA:1683,0,1,-
BRDA:1689,0,0,-
BRDA:1689,0,1,-
BRDA:1691,0,0,-
BRDA:1691,0,1,-
BRDA:1696,0,0,-
BRDA:1696,0,1,-
BRDA:1702,0,0,-
BRDA:1702,0,1,-
BRDA:1704,0,0,-
BRDA:1704,0,1,-
BRDA:1709,0,0,-
BRDA:1709,0,1,-
BRDA:1715,0,0,-
BRDA:1715,0,1,-
BRDA:1717,0,0,-
BRDA:1717,0,1,-
BRDA:1722,0,0,-
BRDA:1722,0,1,-
BRDA:1728,0,0,-
BRDA:1728,0,1,-
BRDA:1730,0,0,-
BRDA:1730,0,1,-
BRDA:1735,0,0,-
BRDA:1735,0,1,-
BRDA:1741,0,0,-
BRDA:1741,0,1,-
BRDA:1743,0,0,-
BRDA:1743,0,1,-
BRDA:1748,0,0,-
BRDA:1748,0,1,-
BRDA:1754,0,0,-
BRDA:1754,0,1,-
BRDA:1756,0,0,-
BRDA:1756,0,1,-
BRDA:1761,0,0,-
BRDA:1761,0,1,-
BRDA:1767,0,0,-
BRDA:1767,0,1,-
BRDA:1769,0,0,-
BRDA:1769,0,1,-
BRDA:1774,0,0,-
BRDA:1774,0,1,-
BRDA:1780,0,0,-
BRDA:1780,0,1,-
BRDA:1782,0,0,-
BRDA:1782,0,1,-
BRDA:1787,0,0,-
BRDA:1787,0,1,-
BRDA:1793,0,0,-
BRDA:1793,0,1,-
BRDA:1795,0,0,-
BRDA:1795,0,1,-
BRDA:1800,0,0,-
BRDA:1800,0,1,-
BRDA:1806,0,0,-
BRDA:1806,0,1,-
BRDA:1808,0,0,-
BRDA:1808,0,1,-
BRDA:1813,0,0,-
BRDA:1813,0,1,-
BRDA:1846,0,0,-
BRDA:1846,0,1,-
BRDA:1849,0,0,-
BRDA:1849,0,1,-
BRDA:1855,0,0,-
BRDA:1855,0,1,-
BRDA:1856,0,0,-
BRDA:1856,0,1,-
BRDA:1862,0,0,-
BRDA:1862,0,1,-
BRDA:1864,0,0,-
BRDA:1864,0,1,-
BRDA:1866,0,0,-
BRDA:1866,0,1,-
BRDA:1868,0,0,-
BRDA:1868,0,1,-
BRDA:1870,0,0,-
BRDA:1870,0,1,-
BRDA:1873,0,0,-
BRDA:1873,0,1,-
BRDA:1874,0,0,-
BRDA:1874,0,1,-
BRDA:1878,0,0,-
BRDA:1878,0,1,-
BRDA:1881,0,0,-
BRDA:1881,0,1,-
BRDA:1882,0,0,-
BRDA:1882,0,1,-
BRDA:1886,0,0,-
BRDA:1886,0,1,-
BRDA:1889,0,0,-
BRDA:1889,0,1,-
BRDA:1890,0,0,-
BRDA:1890,0,1,-
BRDA:1894,0,0,-
BRDA:1894,0,1,-
BRDA:1897,0,0,-
BRDA:1897,0,1,-
BRDA:1898,0,0,-
BRDA:1898,0,1,-
BRDA:1903,0,0,-
BRDA:1903,0,1,-
BRDA:1907,0,0,-
BRDA:1907,0,1,-
BRDA:1909,0,0,-
BRDA:1909,0,1,-
BRDA:1913,0,0,-
BRDA:1913,0,1,-
BRDA:1915,0,0,-
BRDA:1915,0,1,-
BRDA:1945,0,0,-
BRDA:1945,0,1,-
BRDA:1957,0,0,-
BRDA:1957,0,1,-
BRDA:1966,0,0,-
BRDA:1966,0,1,-
BRDA:1981,0,0,-
BRDA:1981,0,1,-
BRDA:2011,0,0,-
BRDA:2011,0,1,-
BRDA:2025,0,0,-
BRDA:2025,0,1,-
BRDA:2034,0,0,-
BRDA:2034,0,1,-
BRDA:2043,0,0,-
BRDA:2043,0,1,-
BRDA:2050,0,0,-
BRDA:2050,0,1,-
BRDA:2057,0,0,-
BRDA:2057,0,1,-
BRDA:2064,0,0,-
BRDA:2064,0,1,-
BRDA:2081,0,0,-
BRDA:2081,0,1,-
BRDA:2084,0,0,-
BRDA:2084,0,1,-
BRDA:2090,0,0,-
BRDA:2090,0,1,-
BRDA:2091,0,0,-
BRDA:2091,0,1,-
BRDA:2097,0,0,-
BRDA:2097,0,1,-
BRDA:2099,0,0,-
BRDA:2099,0,1,-
BRDA:2101,0,0,-
BRDA:2101,0,1,-
BRDA:2103,0,0,-
BRDA:2103,0,1,-
BRDA:2105,0,0,-
BRDA:2105,0,1,-
BRDA:2108,0,0,-
BRDA:2108,0,1,-
BRDA:2109,0,0,-
BRDA:2109,0,1,-
BRDA:2113,0,0,-
BRDA:2113,0,1,-
BRDA:2116,0,0,-
BRDA:2116,0,1,-
BRDA:2117,0,0,-
BRDA:2117,0,1,-
BRDA:2121,0,0,-
BRDA:2121,0,1,-
BRDA:2126,0,0,-
BRDA:2126,0,1,-
BRDA:2129,0,0,-
BRDA:2129,0,1,-
BRDA:2130,0,0,-
BRDA:2130,0,1,-
BRDA:2135,0,0,-
BRDA:2135,0,1,-
BRDA:2163,0,0,-
BRDA:2163,0,1,-
BRDA:2175,0,0,-
BRDA:2175,0,1,-
BRDA:2184,0,0,-
BRDA:2184,0,1,-
BRDA:2199,0,0,-
BRDA:2199,0,1,-
BRDA:2229,0,0,-
BRDA:2229,0,1,-
BRDA:2243,0,0,-
BRDA:2243,0,1,-
BRDA:2250,0,0,-
BRDA:2250,0,1,-
BRDA:2257,0,0,-
BRDA:2257,0,1,-
BRDA:2264,0,0,-
BRDA:2264,0,1,-
BRDA:2281,0,0,-
BRDA:2281,0,1,-
BRDA:2284,0,0,-
BRDA:2284,0,1,-
BRDA:2290,0,0,-
BRDA:2290,0,1,-
BRDA:2291,0,0,-
BRDA:2291,0,1,-
BRDA:2297,0,0,-
BRDA:2297,0,1,-
BRDA:2299,0,0,-
BRDA:2299,0,1,-
BRDA:2301,0,0,-
BRDA:2301,0,1,-
BRDA:2303,0,0,-
BRDA:2303,0,1,-
BRDA:2305,0,0,-
BRDA:2305,0,1,-
BRDA:2308,0,0,-
BRDA:2308,0,1,-
BRDA:2309,0,0,-
BRDA:2309,0,1,-
BRDA:2313,0,0,-
BRDA:2313,0,1,-
BRDA:2316,0,0,-
BRDA:2316,0,1,-
BRDA:2317,0,0,-
BRDA:2317,0,1,-
BRDA:2321,0,0,-
BRDA:2321,0,1,-
BRDA:2326,0,0,-
BRDA:2326,0,1,-
BRDA:2329,0,0,-
BRDA:2329,0,1,-
BRDA:2330,0,0,-
BRDA:2330,0,1,-
BRDA:2334,0,0,-
BRDA:2334,0,1,-
BRDA:2337,0,0,-
BRDA:2337,0,1,-
BRDA:2338,0,0,-
BRDA:2338,0,1,-
BRDA:2343,0,0,-
BRDA:2343,0,1,-
BRDA:2347,0,0,-
BRDA:2347,0,1,-
BRDA:2349,0,0,-
BRDA:2349,0,1,-
BRDA:2353,0,0,-
BRDA:2353,0,1,-
BRDA:2355,0,0,-
BRDA:2355,0,1,-
BRDA:2359,0,0,-
BRDA:2359,0,1,-
BRDA:2361,0,0,-
BRDA:2361,0,1,-
BRDA:2365,0,0,-
BRDA:2365,0,1,-
BRDA:2367,0,0,-
BRDA:2367,0,1,-
BRDA:2402,0,0,-
BRDA:2402,0,1,-
BRDA:2414,0,0,-
BRDA:2414,0,1,-
BRDA:2423,0,0,-
BRDA:2423,0,1,-
BRDA:2438,0,0,-
BRDA:2438,0,1,-
BRDA:2468,0,0,-
BRDA:2468,0,1,-
BRDA:2482,0,0,-
BRDA:2482,0,1,-
BRDA:2491,0,0,-
BRDA:2491,0,1,-
BRDA:2500,0,0,-
BRDA:2500,0,1,-
BRDA:2509,0,0,-
BRDA:2509,0,1,-
BRDA:2518,0,0,-
BRDA:2518,0,1,-
BRDA:2525,0,0,-
BRDA:2525,0,1,-
BRDA:2532,0,0,-
BRDA:2532,0,1,-
BRDA:2539,0,0,-
BRDA:2539,0,1,-
BRDA:2546,0,0,-
BRDA:2546,0,1,-
BRDA:2563,0,0,-
BRDA:2563,0,1,-
BRDA:2566,0,0,-
BRDA:2566,0,1,-
BRDA:2572,0,0,-
BRDA:2572,0,1,-
BRDA:2573,0,0,-
BRDA:2573,0,1,-
BRDA:2579,0,0,-
BRDA:2579,0,1,-
BRDA:2581,0,0,-
BRDA:2581,0,1,-
BRDA:2583,0,0,-
BRDA:2583,0,1,-
BRDA:2585,0,0,-
BRDA:2585,0,1,-
BRDA:2587,0,0,-
BRDA:2587,0,1,-
BRDA:2590,0,0,-
BRDA:2590,0,1,-
BRDA:2591,0,0,-
BRDA:2591,0,1,-
BRDA:2595,0,0,-
BRDA:2595,0,1,-
BRDA:2600,0,0,-
BRDA:2600,0,1,-
BRDA:2603,0,0,-
BRDA:2603,0,1,-
BRDA:2604,0,0,-
BRDA:2604,0,1,-
BRDA:2608,0,0,-
BRDA:2608,0,1,-
BRDA:2611,0,0,-
BRDA:2611,0,1,-
BRDA:2612,0,0,-
BRDA:2612,0,1,-
BRDA:2617,0,0,-
BRDA:2617,0,1,-
BRDA:2621,0,0,-
BRDA:2621,0,1,-
BRDA:2623,0,0,-
BRDA:2623,0,1,-
BRDA:2627,0,0,-
BRDA:2627,0,1,-
BRDA:2629,0,0,-
BRDA:2629,0,1,-
BRDA:2659,0,0,-
BRDA:2659,0,1,-
BRDA:2671,0,0,-
BRDA:2671,0,1,-
BRDA:2680,0,0,-
BRDA:2680,0,1,-
BRDA:2695,0,0,-
BRDA:2695,0,1,-
BRDA:2725,0,0,-
BRDA:2725,0,1,-
BRDA:2739,0,0,-
BRDA:2739,0,1,-
BRDA:2748,0,0,-
BRDA:2748,0,1,-
BRDA:2757,0,0,-
BRDA:2757,0,1,-
BRDA:2764,0,0,-
BRDA:2764,0,1,-
BRDA:2771,0,0,-
[...]
DA:2787,2
DA:2790,2
DA:2791,2
DA:2792,2
DA:2793,2
DA:2794,2
DA:2795,2
DA:2796,2
DA:2797,2
DA:2800,2
DA:2801,2
DA:2802,2
DA:2803,2
DA:2804,2
DA:2805,2
DA:2806,2
DA:2809,2
DA:2810,2
DA:2811,2
DA:2812,2
DA:2813,2
DA:2814,2
DA:2818,2
DA:2819,2
DA:2820,2
DA:2821,2
DA:2822,2
DA:2824,2
DA:2829,2
DA:2830,2
DA:2831,2
DA:2832,2
DA:2834,2
DA:2835,2
DA:2836,2
DA:2837,2
DA:2838,2
DA:2840,2
DA:2841,2
DA:2842,2
DA:2843,2
DA:2845,2
DA:2846,2
DA:2847,2
DA:2849,2
DA:2850,2
DA:2851,2
DA:2853,2
DA:2854,2
DA:2855,2
DA:2857,2
DA:2858,2
DA:2859,2
DA:2861,2
DA:2862,2
DA:2863,2
DA:2865,2
DA:2866,2
DA:2867,2
DA:2869,2
DA:2870,2
DA:2871,2
DA:2873,2
DA:2874,2
DA:2875,2
DA:2878,2
DA:2879,2
DA:2880,2
DA:2881,2
DA:2883,2
DA:2887,2
DA:2889,2
DA:2890,2
DA:2891,2
DA:2893,2
DA:2894,2
DA:2895,2
DA:2896,2
DA:2897,2
DA:2899,2
DA:2900,2
DA:2901,2
DA:2902,2
DA:2904,2
DA:2905,2
DA:2906,2
DA:2909,2
DA:2910,2
DA:2911,2
DA:2914,2
DA:2915,2
DA:2916,2
DA:2919,2
DA:2920,2
DA:2921,2
DA:2924,2
DA:2925,2
DA:2926,2
DA:2927,2
DA:2930,2
DA:2937,2
DA:2939,2
DA:2940,2
DA:2942,2
DA:2943,2
DA:2945,2
DA:2946,2
DA:2949,2
DA:2950,2
DA:2953,2
DA:2954,2
DA:2957,2
DA:2958,2
DA:2959,2
DA:2962,2
DA:2963,2
DA:2964,2
DA:2965,2
DA:2966,2
DA:2967,2
DA:2970,2
DA:2971,2
DA:2972,2
DA:2975,2
DA:2976,2
DA:2977,2
DA:2981,2
DA:2982,2
DA:2983,2
DA:2984,2
DA:2985,2
DA:2987,2
DA:2991,2
DA:2993,2
DA:2994,2
DA:2995,2
DA:2997,2
DA:2998,2
DA:3001,2
DA:3002,2
DA:3004,2
DA:3005,2
DA:3007,2
DA:3008,2
DA:3009,2
DA:3012,2
DA:3013,2
DA:3014,2
DA:3015,2
DA:3016,2
DA:3019,2
DA:3020,2
DA:3021,2
DA:3023,2
DA:3025,2
DA:3026,2
DA:3027,2
DA:3028,2
DA:3031,2
DA:3032,2
DA:3033,2
DA:3034,2
DA:3035,2
DA:3036,2
DA:3037,2
DA:3038,2
DA:3039,2
DA:3040,2
DA:3042,2
DA:3043,2
DA:3044,2
DA:3045,2
DA:3046,2
DA:3048,2
DA:3053,2
DA:3054,2
DA:3055,2
DA:3058,2
DA:3061,2
DA:3062,2
DA:3064,2
DA:3065,2
DA:3067,2
DA:3068,2
DA:3071,2
DA:3072,2
DA:3075,2
DA:3076,2
DA:3077,2
DA:3078,2
DA:3080,2
DA:3082,2
DA:3083,2
DA:3084,2
DA:3087,2
DA:3088,2
DA:3089,2
DA:3090,2
DA:3092,2
DA:3094,2
DA:3095,2
DA:3096,2
DA:3099,2
DA:3100,2
DA:3101,2
DA:3102,2
DA:3105,2
DA:3106,2
DA:3107,2
DA:3110,2
DA:3111,2
DA:3112,2
DA:3113,2
DA:3115,2
DA:3118,2
DA:3119,2
DA:3120,2
DA:3121,2
DA:3123,2
DA:3124,2
DA:3125,2
DA:3127,2
DA:3128,2
DA:3131,2
DA:3132,2
DA:3134,2
DA:3135,2
DA:3137,2
DA:3138,2
DA:3140,2
DA:3141,2
DA:3142,2
DA:3144,2
DA:3145,2
DA:3147,2
DA:3149,2
DA:3150,2
DA:3152,2
DA:3154,2
DA:3155,2
DA:3156,2
DA:3157,2
DA:3159,2
DA:3160,2
DA:3161,2
DA:3162,2
DA:3163,2
DA:3164,2
DA:3165,2
DA:3166,2
DA:3168,2
DA:3169,2
DA:3171,2
DA:3172,2
DA:3174,2
DA:3176,2
DA:3177,2
DA:3178,2
DA:3179,2
DA:3180,2
DA:3182,2
DA:3188,2
DA:3189,2
DA:3190,2
DA:3192,2
DA:3196,2
DA:3197,2
DA:3200,2
DA:3201,2
DA:3203,2
DA:3204,2
DA:3205,2
DA:3207,2
DA:3208,2
DA:3210,2
DA:3211,2
DA:3214,2
DA:3215,2
DA:3216,2
DA:3220,2
DA:3221,2
DA:3224,2
DA:3225,2
DA:3226,2
DA:3229,2
DA:3230,2
DA:3231,2
DA:3234,2
DA:3235,2
DA:3236,2
DA:3237,2
DA:3239,2
DA:3240,2
DA:3241,2
DA:3242,2
DA:3245,2
DA:3246,2
DA:3247,2
DA:3248,2
DA:3249,2
DA:3252,2
DA:3253,2
DA:3254,2
DA:3255,2
DA:3256,2
DA:3257,2
DA:3258,2
DA:3259,2
DA:3260,2
DA:3263,2
DA:3264,2
DA:3265,2
DA:3266,2
DA:3267,2
DA:3268,2
DA:3269,2
DA:3270,2
DA:3273,2
DA:3274,2
DA:3275,2
DA:3276,2
DA:3277,2
DA:3279,2
DA:3280,2
DA:3281,2
DA:3282,2
DA:3283,2
DA:3285,2
DA:3290,2
DA:3293,2
DA:3295,2
DA:3297,2
DA:3298,2
DA:3299,2
DA:3300,2
DA:3301,2
DA:3303,2
DA:3305,2
DA:3306,2
DA:3307,2
DA:3308,2
DA:3309,2
DA:3315,2
DA:3317,2
DA:3320,2
DA:3321,2
DA:3326,2
DA:3327,2
DA:3329,2
DA:3330,2
DA:3332,2
DA:3333,2
DA:3337,2
DA:3338,2
DA:3339,2
DA:3341,2
DA:3342,2
DA:3346,2
DA:3347,2
DA:3348,2
DA:3352,2
DA:3353,2
DA:3354,2
DA:3355,2
DA:3356,2
DA:3358,2
DA:3359,2
DA:3361,2
DA:3362,2
DA:3363,2
DA:3365,2
DA:3366,2
DA:3367,2
DA:3368,2
DA:3369,2
DA:3370,2
DA:3371,2
DA:3373,2
DA:3374,2
DA:3375,2
DA:3376,2
DA:3377,2
DA:3380,2
DA:3381,2
DA:3383,2
DA:3385,2
DA:3386,2
DA:3387,2
DA:3388,2
DA:3389,2
DA:3390,2
DA:3391,2
DA:3392,2
DA:3393,2
DA:3394,2
DA:3395,2
DA:3396,2
DA:3397,2
DA:3398,2
DA:3399,2
DA:3401,2
DA:3402,2
DA:3403,2
DA:3404,2
DA:3405,2
DA:3406,2
DA:3408,2
DA:3409,2
DA:3410,2
DA:3411,2
DA:3412,2
DA:3414,2
DA:3417,2
DA:3419,2
DA:3420,2
DA:3422,2
DA:3423,2
DA:3424,2
DA:3425,2
DA:3426,2
DA:3429,2
DA:3430,2
DA:3431,2
DA:3432,2
DA:3433,2
DA:3435,2
DA:3436,8194
DA:3438,8192
DA:3442,8192
DA:3445,2
DA:3446,2
DA:3451,2
DA:3452,2
DA:3454,2
DA:3460,2
DA:3461,2
DA:3464,2
DA:3467,2
DA:3468,2
DA:3470,2
DA:3482,2
DA:3494,2
DA:3495,2
DA:3496,2
DA:3497,2
DA:3498,2
DA:3499,2
DA:3501,2
DA:3502,2
DA:3503,2
DA:3505,2
DA:3507,2
DA:3508,2
DA:3509,2
DA:3510,2
DA:3511,2
DA:3512,2
DA:3514,2
DA:3515,2
DA:3517,2
DA:3518,2
DA:3521,2
DA:3522,2
DA:3523,2
DA:3524,2
DA:3526,2
DA:3527,2
DA:3529,2
DA:3530,2
DA:3534,2
DA:3535,2
DA:3538,2
DA:3539,2
DA:3540,2
DA:3542,2
DA:3543,2
DA:3544,2
DA:3545,2
DA:3546,2
DA:3547,2
DA:3548,2
DA:3549,2
DA:3550,2
DA:3551,2
DA:3552,2
DA:3553,2
DA:3554,2
DA:3555,2
DA:3571,2
DA:3572,2
DA:3574,2
DA:3575,2
LF:2090
LH:2050
end_of_record
TN:
SF:/home/ubuntu/coreMQTT/test/unit-test/MQTTv5/core_mqttv5_state_utest.c
FN:39,41,setUp
FN:44,46,tearDown
FN:49,51,suiteSetUp
FN:54,57,suiteTearDown
FNDA:0,setUp
FNDA:0,tearDown
FNDA:2,suiteSetUp
FNDA:0,suiteTearDown
FNF:4
FNH:1
DA:39,0
DA:41,0
DA:44,0
DA:46,0
DA:49,2
DA:51,2
DA:54,0
DA:56,0
LF:8
LH:2
end_of_record
TN:
SF:/home/ubuntu/coreMQTT/test/unit-test/MQTTv5/core_mqttv5_utest.c
FN:1018,1075,test_MQTTV5_Disconnect
FN:1077,1109,test_MQTT_ProcessLoop_handleIncomingDisconnect
FN:1119,1127,setupSubscriptionInfo
FN:1128,1139,MQTTV5_SerializeSubscribedHeader_cb
FN:1142,1218,test_MQTTV5_Subscribe_invalid_params
FN:1220,1238,test_MQTTV5_Subscribe_ValidateFailure
FN:1240,1280,test_MQTTV5_Subscribe_happy_path
FN:1283,1334,test_MQTTV5_Subscribe_happy_path1
FN:1336,1377,test_MQTTV5_Subscribe_happy_path2
FN:1379,1420,test_MQTTV5_Subscribe_happy_path3
FN:1422,1473,test_MQTTV5_Subscribe_happy_path4
FN:1475,1550,test_MQTTV5_shared_subscriptions
FN:1553,1577,test_MQTT_ProcessLoop_handleIncomingAck_Happy_Paths_suback
FN:1583,1594,MQTTV5_SerializeUnsubscribeHeader_cb
FN:1600,1632,test_MQTT_UnsubscribeV5_happy_path
FN:1634,1668,test_MQTT_UnsubscribeV5_happy_path_withUP
FN:224,230,setUp
FN:233,235,tearDown
FN:238,241,suiteSetUp
FN:244,247,suiteTearDown
FN:257,260,getTime
FN:265,273,transportRecvFailure
FN:282,293,eventCallback
FN:306,327,eventCallback1
FN:333,341,transportSendNoBytes
FN:343,357,MQTTV5_SerializeAckFixed_cb
FN:359,372,MQTTV5_SerializeDisconnectFixed_cb
FN:376,388,MQTT_SerializeConnectFixedHeader_cb
FN:390,399,MQTTV5_SerializeConnectProperties_cb
FN:401,410,MQTT_SerializePublishProperties_cb
FN:423,438,transportWritevSuccess
FN:451,458,transportSendSuccess
FN:463,471,transportSendFailure
FN:482,489,transportRecvSuccess
FN:498,504,setupTransportInterface
FN:511,515,setupNetworkBuffer
FN:517,529,setupPublishProperties
FN:532,551,test_MQTT_Connect
FN:553,670,test_MQTT_Connect_error_path
FN:672,730,test_MQTT_Connect_receiveConnack
FN:732,776,test_MQTT_Publish
FN:778,809,test_MQTT_ProcessLoop_handleIncomingAck_Happy_Paths
FN:811,846,test_MQTT_ProcessLoop_handleIncomingAck_Error_Paths1
FN:848,874,test_MQTT_ProcessLoop_handleIncomingAck_Error_Paths2
FN:876,908,test_MQTT_ProcessLoop_handleIncomingAck_Error_Paths3
FN:910,947,test_MQTT_ProcessLoop_handleIncomingAck_Happy_Paths2
FN:949,979,test_MQTT_ProcessLoop_handleIncomingAck_Error_Paths4
FN:981,1016,test_MQTT_ProcessLoop_handleIncomingAck_Error_Paths5
FNDA:2,test_MQTTV5_Disconnect
FNDA:2,test_MQTT_ProcessLoop_handleIncomingDisconnect
FNDA:6,setupSubscriptionInfo
FNDA:12,MQTTV5_SerializeSubscribedHeader_cb
FNDA:2,test_MQTTV5_Subscribe_invalid_params
FNDA:2,test_MQTTV5_Subscribe_ValidateFailure
FNDA:2,test_MQTTV5_Subscribe_happy_path
FNDA:2,test_MQTTV5_Subscribe_happy_path1
FNDA:2,test_MQTTV5_Subscribe_happy_path2
FNDA:2,test_MQTTV5_Subscribe_happy_path3
FNDA:2,test_MQTTV5_Subscribe_happy_path4
FNDA:2,test_MQTTV5_shared_subscriptions
FNDA:2,test_MQTT_ProcessLoop_handleIncomingAck_Happy_Paths_suback
FNDA:4,MQTTV5_SerializeUnsubscribeHeader_cb
FNDA:2,test_MQTT_UnsubscribeV5_happy_path
FNDA:2,test_MQTT_UnsubscribeV5_happy_path_withUP
FNDA:48,setUp
FNDA:48,tearDown
FNDA:2,suiteSetUp
FNDA:0,suiteTearDown
FNDA:586,getTime
FNDA:2,transportRecvFailure
FNDA:4,eventCallback
FNDA:10,eventCallback1
FNDA:402,transportSendNoBytes
FNDA:6,MQTTV5_SerializeAckFixed_cb
FNDA:6,MQTTV5_SerializeDisconnectFixed_cb
FNDA:16,MQTT_SerializeConnectFixedHeader_cb
FNDA:16,MQTTV5_SerializeConnectProperties_cb
FNDA:10,MQTT_SerializePublishProperties_cb
FNDA:38,transportWritevSuccess
FNDA:2,transportSendSuccess
FNDA:2,transportSendFailure
FNDA:22,transportRecvSuccess
FNDA:44,setupTransportInterface
FNDA:44,setupNetworkBuffer
FNDA:2,setupPublishProperties
FNDA:2,test_MQTT_Connect
FNDA:2,test_MQTT_Connect_error_path
FNDA:2,test_MQTT_Connect_receiveConnack
FNDA:2,test_MQTT_Publish
FNDA:2,test_MQTT_ProcessLoop_handleIncomingAck_Happy_Paths
FNDA:2,test_MQTT_ProcessLoop_handleIncomingAck_Error_Paths1
FNDA:2,test_MQTT_ProcessLoop_handleIncomingAck_Error_Paths2
FNDA:2,test_MQTT_ProcessLoop_handleIncomingAck_Error_Paths3
FNDA:2,test_MQTT_ProcessLoop_handleIncomingAck_Happy_Paths2
FNDA:2,test_MQTT_ProcessLoop_handleIncomingAck_Error_Paths4
FNDA:2,test_MQTT_ProcessLoop_handleIncomingAck_Error_Paths5
FNF:48
FNH:47
BRDA:320,0,0,4
BRDA:320,0,1,6
BRDA:431,0,0,332
BRDA:431,0,1,38
BRF:4
BRH:4
DA:224,48
DA:226,48
DA:227,48
DA:229,48
DA:230,48
DA:233,48
DA:235,48
DA:238,2
DA:240,2
DA:241,2
DA:244,0
DA:246,0
DA:257,586
DA:259,586
DA:265,2
DA:272,2
DA:282,4
DA:291,4
DA:292,4
DA:293,4
DA:306,10
DA:314,10
DA:315,10
DA:317,10
DA:318,10
DA:320,10
DA:322,4
DA:323,4
DA:324,4
DA:325,4
DA:327,10
DA:333,402
DA:340,402
DA:343,6
DA:356,6
DA:359,6
DA:371,6
DA:376,16
DA:387,16
DA:390,16
DA:398,16
DA:401,10
DA:409,10
DA:423,38
DA:427,38
DA:428,38
DA:431,370
DA:433,332
DA:434,332
DA:437,38
DA:451,2
DA:455,2
DA:457,2
DA:463,2
DA:470,2
DA:482,22
DA:486,22
DA:488,22
DA:498,44
DA:500,44
DA:501,44
DA:502,44
DA:503,44
DA:504,44
DA:511,44
DA:513,44
DA:514,44
DA:515,44
DA:517,2
DA:519,2
DA:520,2
DA:521,2
DA:522,2
DA:523,2
DA:524,2
DA:525,2
DA:526,2
DA:527,2
DA:528,2
DA:529,2
DA:532,2
DA:534,2
DA:535,2
DA:536,2
DA:538,2
DA:539,2
DA:541,2
DA:542,2
DA:544,2
DA:545,2
DA:548,2
DA:549,2
DA:550,2
DA:551,2
DA:553,2
DA:555,2
DA:556,2
DA:557,2
DA:558,2
DA:561,2
DA:562,2
DA:568,2
DA:569,2
DA:570,2
DA:571,2
DA:572,2
DA:573,2
DA:574,2
DA:575,2
DA:576,2
DA:577,2
DA:578,2
DA:579,2
DA:580,2
DA:581,2
DA:582,2
DA:583,2
DA:584,2
DA:585,2
DA:586,2
DA:589,2
DA:590,2
DA:591,2
DA:592,2
DA:593,2
DA:594,2
DA:595,2
DA:596,2
DA:597,2
DA:598,2
DA:599,2
DA:600,2
DA:602,2
DA:603,2
DA:604,2
DA:605,2
DA:606,2
DA:607,2
DA:608,2
DA:609,2
DA:610,2
DA:611,2
DA:612,2
DA:613,2
DA:614,2
DA:615,2
DA:616,2
DA:617,2
DA:618,2
DA:619,2
DA:620,2
DA:621,2
DA:622,2
DA:623,2
DA:624,2
DA:625,2
DA:626,2
DA:627,2
DA:628,2
DA:629,2
DA:630,2
DA:632,2
DA:633,2
DA:634,2
DA:635,2
DA:636,2
DA:637,2
DA:638,2
DA:639,2
DA:640,2
DA:641,2
DA:642,2
DA:643,2
DA:644,2
DA:645,2
DA:646,2
DA:647,2
DA:649,2
DA:650,2
DA:651,2
DA:652,2
DA:653,2
DA:654,2
DA:655,2
DA:656,2
DA:657,2
DA:658,2
DA:659,2
DA:660,2
DA:662,2
DA:663,2
DA:664,2
DA:665,2
DA:666,2
DA:667,2
DA:668,2
DA:669,2
DA:670,2
DA:672,2
DA:674,2
DA:675,2
DA:676,2
DA:679,2
DA:680,2
DA:681,2
DA:682,2
DA:684,2
DA:685,2
DA:686,2
DA:688,2
DA:689,2
DA:690,2
DA:691,2
DA:693,2
DA:694,2
DA:697,2
DA:698,2
DA:699,2
DA:700,2
DA:701,2
DA:702,2
DA:703,2
DA:704,2
DA:707,2
DA:708,2
DA:709,2
DA:710,2
DA:711,2
DA:712,2
DA:715,2
DA:716,2
DA:717,2
DA:718,2
DA:719,2
DA:720,2
DA:721,2
DA:722,2
DA:724,2
DA:725,2
DA:726,2
DA:727,2
DA:728,2
DA:729,2
DA:730,2
DA:732,2
DA:734,2
DA:735,2
DA:736,2
DA:737,2
DA:738,2
DA:741,2
DA:743,2
DA:744,2
DA:745,2
DA:747,2
DA:748,2
DA:749,2
DA:752,2
DA:753,2
DA:754,2
DA:756,2
DA:757,2
DA:758,2
DA:759,2
DA:760,2
DA:761,2
DA:762,2
DA:764,2
DA:765,2
DA:766,2
DA:769,2
DA:770,2
DA:771,2
DA:772,2
DA:773,2
DA:774,2
DA:775,2
DA:776,2
DA:778,2
DA:782,2
DA:783,2
DA:784,2
DA:786,2
DA:788,2
DA:789,2
DA:791,2
DA:792,2
DA:793,2
DA:794,2
DA:795,2
DA:796,2
DA:797,2
DA:798,2
DA:799,2
DA:800,2
DA:801,2
DA:802,2
DA:803,2
DA:804,2
DA:805,2
DA:806,2
DA:807,2
DA:808,2
DA:809,2
DA:811,2
DA:816,2
DA:817,2
DA:818,2
DA:820,2
DA:823,2
DA:824,2
DA:825,2
DA:826,2
DA:827,2
DA:828,2
DA:829,2
DA:830,2
DA:831,2
DA:832,2
DA:833,2
DA:834,2
DA:835,2
DA:836,2
DA:837,2
DA:838,2
DA:839,2
DA:840,2
DA:841,2
DA:842,2
DA:843,2
DA:844,2
DA:845,2
DA:846,2
DA:848,2
DA:851,2
DA:852,2
DA:853,2
DA:855,2
DA:858,2
DA:859,2
DA:860,2
DA:861,2
DA:862,2
DA:863,2
DA:864,2
DA:865,2
DA:866,2
DA:867,2
DA:868,2
DA:869,2
DA:870,2
DA:871,2
DA:872,2
DA:873,2
DA:874,2
DA:876,2
DA:880,2
DA:881,2
DA:882,2
DA:884,2
DA:885,2
DA:888,2
DA:889,2
DA:890,2
DA:891,2
DA:892,2
DA:893,2
DA:894,2
DA:895,2
DA:896,2
DA:897,2
DA:898,2
DA:899,2
DA:900,2
DA:901,2
DA:902,2
DA:903,2
DA:904,2
DA:905,2
DA:906,2
DA:907,2
DA:908,2
DA:910,2
DA:915,2
DA:916,2
DA:917,2
DA:919,2
DA:920,2
DA:923,2
DA:924,2
DA:925,2
DA:926,2
DA:927,2
DA:928,2
DA:929,2
DA:930,2
DA:931,2
DA:932,2
DA:933,2
DA:934,2
DA:935,2
DA:936,2
DA:937,2
DA:938,2
DA:939,2
DA:940,2
DA:941,2
DA:942,2
DA:943,2
DA:944,2
DA:945,2
DA:946,2
DA:947,2
DA:949,2
DA:953,2
DA:954,2
DA:955,2
DA:957,2
DA:960,2
DA:961,2
DA:962,2
DA:963,2
DA:964,2
DA:965,2
DA:966,2
DA:967,2
DA:968,2
DA:969,2
DA:970,2
DA:971,2
DA:972,2
DA:973,2
DA:974,2
DA:975,2
DA:976,2
DA:977,2
DA:978,2
DA:979,2
DA:981,2
DA:985,2
DA:986,2
DA:987,2
DA:989,2
DA:990,2
DA:993,2
DA:994,2
DA:995,2
DA:996,2
DA:997,2
DA:998,2
DA:999,2
DA:1000,2
DA:1001,2
DA:1002,2
DA:1003,2
DA:1004,2
DA:1005,2
DA:1006,2
DA:1007,2
DA:1008,2
DA:1009,2
DA:1010,2
DA:1011,2
DA:1012,2
DA:1013,2
DA:1014,2
DA:1015,2
DA:1016,2
DA:1018,2
DA:1020,2
DA:1022,2
DA:1023,2
DA:1024,2
DA:1025,2
DA:1026,2
DA:1027,2
DA:1029,2
DA:1030,2
DA:1031,2
DA:1032,2
DA:1035,2
DA:1036,2
DA:1038,2
DA:1039,2
DA:1042,2
DA:1043,2
DA:1046,2
DA:1047,2
DA:1048,2
DA:1049,2
DA:1052,2
DA:1053,2
DA:1054,2
DA:1055,2
DA:1056,2
DA:1057,2
DA:1060,2
DA:1061,2
DA:1062,2
DA:1063,2
DA:1064,2
DA:1065,2
DA:1066,2
DA:1069,2
DA:1070,2
DA:1071,2
DA:1072,2
DA:1073,2
DA:1074,2
DA:1075,2
DA:1077,2
DA:1080,2
DA:1081,2
DA:1082,2
DA:1085,2
DA:1087,2
DA:1088,2
DA:1089,2
DA:1090,2
DA:1091,2
DA:1092,2
DA:1093,2
DA:1094,2
DA:1095,2
DA:1096,2
DA:1097,2
DA:1098,2
DA:1099,2
DA:1100,2
DA:1101,2
DA:1104,2
DA:1105,2
DA:1106,2
DA:1107,2
DA:1108,2
DA:1109,2
DA:1119,6
DA:1121,6
DA:1122,6
DA:1123,6
DA:1124,6
DA:1125,6
DA:1126,6
DA:1127,6
DA:1128,12
DA:1138,12
DA:1142,2
DA:1145,2
DA:1146,2
DA:1147,2
DA:1150,2
DA:1151,2
DA:1154,2
DA:1155,2
DA:1158,2
DA:1159,2
DA:1162,2
DA:1163,2
DA:1166,2
DA:1167,2
DA:1170,2
DA:1171,2
DA:1172,2
DA:1175,2
DA:1176,2
DA:1177,2
DA:1180,2
DA:1181,2
DA:1182,2
DA:1183,2
DA:1186,2
DA:1187,2
DA:1188,2
DA:1191,2
DA:1192,2
DA:1193,2
DA:1196,2
DA:1197,2
DA:1198,2
DA:1199,2
DA:1200,2
DA:1202,2
DA:1203,2
DA:1204,2
DA:1205,2
DA:1207,2
DA:1208,2
DA:1209,2
DA:1210,2
DA:1211,2
DA:1213,2
DA:1214,2
DA:1215,2
DA:1216,2
DA:1218,2
DA:1220,2
DA:1225,2
DA:1227,2
DA:1228,2
DA:1231,2
DA:1233,2
DA:1234,2
DA:1237,2
DA:1238,2
DA:1240,2
DA:1242,2
DA:1243,2
DA:1244,2
DA:1245,2
DA:1247,2
DA:1248,2
DA:1249,2
DA:1250,2
DA:1252,2
DA:1253,2
DA:1254,2
DA:1256,2
DA:1257,2
DA:1258,2
DA:1261,2
DA:1262,2
DA:1264,2
DA:1267,2
DA:1270,2
DA:1271,2
DA:1272,2
DA:1273,2
DA:1276,2
DA:1278,2
DA:1280,2
DA:1283,2
DA:1285,2
DA:1286,2
DA:1287,2
DA:1289,2
DA:1290,2
DA:1291,2
DA:1292,2
DA:1293,2
DA:1296,2
DA:1297,2
DA:1299,2
DA:1300,2
DA:1302,2
DA:1305,2
DA:1308,2
DA:1309,2
DA:1310,2
DA:1311,2
DA:1313,2
DA:1315,2
DA:1316,2
DA:1317,2
DA:1318,2
DA:1319,2
DA:1320,2
DA:1322,2
DA:1323,2
DA:1324,2
DA:1325,2
DA:1326,2
DA:1327,2
DA:1331,2
DA:1332,2
DA:1334,2
DA:1336,2
DA:1338,2
DA:1339,2
DA:1340,2
DA:1341,2
DA:1342,2
DA:1343,2
DA:1344,2
DA:1345,2
DA:1346,2
DA:1348,2
DA:1349,2
DA:1351,2
DA:1352,2
DA:1354,2
DA:1357,2
DA:1360,2
DA:1361,2
DA:1362,2
DA:1363,2
DA:1365,2
DA:1367,2
DA:1368,2
DA:1369,2
DA:1370,2
DA:1371,2
DA:1372,2
DA:1374,2
DA:1375,2
DA:1377,2
DA:1379,2
DA:1381,2
DA:1382,2
DA:1383,2
DA:1384,2
DA:1385,2
DA:1386,2
DA:1387,2
DA:1388,2
DA:1389,2
DA:1391,2
DA:1392,2
DA:1394,2
DA:1395,2
DA:1397,2
DA:1400,2
DA:1403,2
DA:1404,2
DA:1405,2
DA:1406,2
DA:1408,2
DA:1410,2
DA:1411,2
DA:1412,2
DA:1413,2
DA:1414,2
DA:1415,2
DA:1417,2
DA:1418,2
DA:1420,2
DA:1422,2
DA:1424,2
DA:1425,2
DA:1426,2
DA:1427,2
DA:1428,2
DA:1430,2
DA:1431,2
DA:1432,2
DA:1433,2
DA:1435,2
DA:1436,2
DA:1438,2
DA:1439,2
DA:1441,2
DA:1444,2
DA:1447,2
DA:1448,2
DA:1449,2
DA:1450,2
DA:1452,2
DA:1454,2
DA:1455,2
DA:1456,2
DA:1457,2
DA:1458,2
DA:1460,2
DA:1463,2
DA:1464,2
DA:1465,2
DA:1466,2
DA:1467,2
DA:1468,2
DA:1470,2
DA:1471,2
DA:1473,2
DA:1475,2
DA:1477,2
DA:1478,2
DA:1479,2
DA:1480,2
DA:1481,2
DA:1482,2
DA:1483,2
DA:1484,2
DA:1485,2
DA:1487,2
DA:1488,2
DA:1490,2
DA:1491,2
DA:1493,2
DA:1496,2
DA:1500,2
DA:1501,2
DA:1502,2
DA:1503,2
DA:1505,2
DA:1506,2
DA:1507,2
DA:1508,2
DA:1509,2
DA:1510,2
DA:1512,2
DA:1513,2
DA:1516,2
DA:1518,2
DA:1519,2
DA:1521,2
DA:1522,2
DA:1523,2
DA:1525,2
DA:1526,2
DA:1527,2
DA:1528,2
DA:1530,2
DA:1531,2
DA:1532,2
DA:1533,2
DA:1534,2
DA:1539,2
DA:1540,2
DA:1542,2
DA:1543,2
DA:1545,2
DA:1546,2
DA:1547,2
DA:1548,2
DA:1549,2
DA:1550,2
DA:1553,2
DA:1556,2
DA:1557,2
DA:1558,2
DA:1560,2
DA:1561,2
DA:1562,2
DA:1564,2
DA:1565,2
DA:1566,2
DA:1567,2
DA:1568,2
DA:1569,2
DA:1570,2
DA:1571,2
DA:1572,2
DA:1573,2
DA:1574,2
DA:1575,2
DA:1576,2
DA:1577,2
DA:1583,4
DA:1593,4
DA:1600,2
DA:1603,2
DA:1604,2
DA:1605,2
DA:1606,2
DA:1607,2
DA:1608,2
DA:1609,2
DA:1611,2
DA:1612,2
DA:1613,2
DA:1614,2
DA:1616,2
DA:1617,2
DA:1620,2
DA:1621,2
DA:1623,2
DA:1624,2
DA:1625,2
DA:1626,2
DA:1629,2
DA:1630,2
DA:1632,2
DA:1634,2
DA:1637,2
DA:1638,2
DA:1639,2
DA:1640,2
DA:1641,2
DA:1642,2
DA:1643,2
DA:1645,2
DA:1646,2
DA:1647,2
DA:1648,2
DA:1650,2
DA:1651,2
DA:1653,2
DA:1654,2
DA:1655,2
DA:1656,2
DA:1658,2
DA:1659,2
DA:1660,2
DA:1661,2
DA:1662,2
DA:1664,2
DA:1666,2
DA:1667,2
DA:1668,2
LF:887
LH:885
end_of_record
TN:
SF:/home/ubuntu/coreMQTT/test/unit-test/WithoutUP/core_mqttv5WUP_serializer_utest.c
FN:100,102,suiteSetUp
FN:105,108,suiteTearDown
FN:119,148,encodeRemainingLength
FN:158,188,encodeString
FN:190,200,serializeutf_8
FN:202,213,serializeutf_8pair
FN:215,270,test_MQTTV5_DeserializeConnackOnlyUserProperty
FN:271,297,test_MQTTV5_DeserializeAck
FN:300,322,test_MQTTV5_DeserializeDisconnect
FN:87,92,setUp
FN:95,97,tearDown
FNDA:2,suiteSetUp
FNDA:0,suiteTearDown
FNDA:14,encodeRemainingLength
FNDA:34,encodeString
FNDA:6,serializeutf_8
FNDA:14,serializeutf_8pair
FNDA:2,test_MQTTV5_DeserializeConnackOnlyUserProperty
FNDA:2,test_MQTTV5_DeserializeAck
FNDA:2,test_MQTTV5_DeserializeDisconnect
FNDA:6,setUp
FNDA:6,tearDown
FNF:11
FNH:10
BRDA:126,0,0,0
BRDA:126,0,1,14
BRDA:137,0,0,0
BRDA:137,0,1,14
BRDA:145,0,0,0
BRDA:145,0,1,14
BRDA:168,0,0,0
BRDA:168,0,1,34
BRDA:169,0,0,0
BRDA:169,0,1,34
BRF:10
BRH:5
DA:87,6
DA:89,6
DA:90,6
DA:91,6
DA:92,6
DA:95,6
DA:97,6
DA:100,2
DA:102,2
DA:105,0
DA:107,0
DA:119,14
DA:123,14
DA:124,14
DA:126,14
DA:128,14
DA:133,14
DA:134,14
DA:137,14
DA:139,0
DA:143,14
DA:144,14
DA:145,14
DA:147,14
DA:158,34
DA:162,34
DA:166,34
DA:168,34
DA:169,34
DA:171,34
DA:174,34
DA:175,34
DA:178,34
DA:179,34
DA:182,34
DA:185,34
DA:187,34
DA:190,6
DA:193,6
DA:195,6
DA:196,6
DA:197,6
DA:198,6
DA:199,6
DA:202,14
DA:204,14
DA:206,14
DA:207,14
DA:208,14
DA:209,14
DA:210,14
DA:211,14
DA:212,14
DA:215,2
DA:217,2
DA:218,2
DA:220,2
DA:221,2
DA:223,2
DA:224,2
DA:225,2
DA:226,2
DA:227,2
DA:228,2
DA:229,2
DA:230,2
DA:231,2
DA:232,2
DA:233,2
DA:236,2
DA:237,2
DA:238,2
DA:239,2
DA:240,2
DA:241,2
DA:242,2
DA:245,2
DA:246,2
DA:247,2
DA:248,2
DA:249,2
DA:250,2
DA:251,2
DA:254,2
DA:255,2
DA:256,2
DA:257,2
DA:258,2
DA:259,2
DA:260,2
DA:263,2
DA:264,2
DA:265,2
DA:266,2
DA:267,2
DA:268,2
DA:269,2
DA:270,2
DA:271,2
DA:275,2
DA:276,2
DA:277,2
DA:278,2
DA:279,2
DA:283,2
DA:284,2
DA:285,2
DA:286,2
DA:287,2
DA:288,2
DA:289,2
DA:290,2
DA:291,2
DA:292,2
DA:293,2
DA:294,2
DA:295,2
DA:296,2
DA:297,2
DA:300,2
DA:305,2
DA:306,2
DA:307,2
DA:310,2
DA:312,2
DA:313,2
DA:314,2
DA:315,2
DA:316,2
DA:317,2
DA:318,2
DA:319,2
DA:320,2
DA:321,2
DA:322,2
LF:135
LH:132
end_of_record
