TN:
SF:/home/ubuntu/coreMQTT/build/unit-test/MQTT/core_mqtt_serializer_utest_runner.c
FN:119,165,main
FN:61,66,CMock_Init
FN:67,69,CMock_Verify
FN:70,72,CMock_Destroy
FN:76,83,resetTest
FN:85,88,verifyTest
FN:91,116,run_test
FNDA:2,main
FNDA:80,CMock_Init
FNDA:80,CMock_Verify
FNDA:80,CMock_Destroy
FNDA:0,resetTest
FNDA:0,verifyTest
FNDA:80,run_test
FNF:7
FNH:5
BRDA:103,0,0,80
BRDA:103,0,1,0
BRDA:108,0,0,80
BRDA:108,0,1,0
BRF:4
BRH:2
DA:61,80
DA:63,80
DA:64,80
DA:65,80
DA:66,80
DA:67,80
DA:69,80
DA:70,80
DA:72,80
DA:76,0
DA:78,0
DA:79,0
DA:80,0
DA:81,0
DA:82,0
DA:83,0
DA:85,0
DA:87,0
DA:88,0
DA:91,80
DA:93,80
DA:94,80
DA:99,80
DA:100,80
DA:102,80
DA:103,80
DA:105,80
DA:106,80
DA:108,80
DA:110,80
DA:111,80
DA:113,80
DA:115,80
DA:116,80
DA:119,2
DA:121,2
DA:122,2
DA:123,2
DA:124,2
DA:125,2
DA:126,2
DA:127,2
DA:128,2
DA:129,2
DA:130,2
DA:131,2
DA:132,2
DA:133,2
DA:134,2
DA:135,2
DA:136,2
DA:137,2
DA:138,2
DA:139,2
DA:140,2
DA:141,2
DA:142,2
DA:143,2
DA:144,2
DA:145,2
DA:146,2
DA:147,2
DA:148,2
DA:149,2
DA:150,2
DA:151,2
DA:152,2
DA:153,2
DA:154,2
DA:155,2
DA:156,2
DA:157,2
DA:158,2
DA:159,2
DA:160,2
DA:161,2
DA:162,2
DA:164,2
LF:78
LH:68
end_of_record
TN:
SF:/home/ubuntu/coreMQTT/build/unit-test/MQTT/core_mqtt_state_utest_runner.c
FN:35,40,CMock_Init
FN:41,43,CMock_Verify
FN:44,46,CMock_Destroy
FN:50,57,resetTest
FN:59,62,verifyTest
FN:65,90,run_test
FN:93,114,main
FNDA:30,CMock_Init
FNDA:30,CMock_Verify
FNDA:30,CMock_Destroy
FNDA:0,resetTest
FNDA:0,verifyTest
FNDA:30,run_test
FNDA:2,main
FNF:7
FNH:5
BRDA:77,0,0,30
BRDA:77,0,1,0
BRDA:82,0,0,30
BRDA:82,0,1,0
BRF:4
BRH:2
DA:35,30
DA:37,30
DA:38,30
DA:39,30
DA:40,30
DA:41,30
DA:43,30
DA:44,30
DA:46,30
DA:50,0
DA:52,0
DA:53,0
DA:54,0
DA:55,0
DA:56,0
DA:57,0
DA:59,0
DA:61,0
DA:62,0
DA:65,30
DA:67,30
DA:68,30
DA:73,30
DA:74,30
DA:76,30
DA:77,30
DA:79,30
DA:80,30
DA:82,30
DA:84,30
DA:85,30
DA:87,30
DA:89,30
DA:90,30
DA:93,2
DA:95,2
DA:96,2
DA:97,2
DA:98,2
DA:99,2
DA:100,2
DA:101,2
DA:102,2
DA:103,2
DA:104,2
DA:105,2
DA:106,2
DA:107,2
DA:108,2
DA:109,2
DA:110,2
DA:111,2
DA:113,2
LF:53
LH:43
end_of_record
TN:
SF:/home/ubuntu/coreMQTT/build/unit-test/MQTT/core_mqtt_utest_runner.c
FN:142,149,CMock_Init
FN:150,154,CMock_Verify
FN:155,159,CMock_Destroy
FN:163,170,resetTest
FN:172,175,verifyTest
FN:178,203,run_test
FN:206,329,main
FNDA:232,CMock_Init
FNDA:232,CMock_Verify
FNDA:232,CMock_Destroy
FNDA:0,resetTest
FNDA:0,verifyTest
FNDA:232,run_test
FNDA:2,main
FNF:7
FNH:5
BRDA:190,0,0,232
BRDA:190,0,1,0
BRDA:195,0,0,232
BRDA:195,0,1,0
BRF:4
BRH:2
DA:142,232
DA:144,232
DA:145,232
DA:146,232
DA:147,232
DA:148,232
DA:149,232
DA:150,232
DA:152,232
DA:153,232
DA:154,232
DA:155,232
DA:157,232
DA:158,232
DA:159,232
DA:163,0
DA:165,0
DA:166,0
DA:167,0
DA:168,0
DA:169,0
DA:170,0
DA:172,0
DA:174,0
DA:175,0
DA:178,232
DA:180,232
DA:181,232
DA:186,232
DA:187,232
DA:189,232
DA:190,232
DA:192,232
DA:193,232
DA:195,232
DA:197,232
DA:198,232
DA:200,232
DA:202,232
DA:203,232
DA:206,2
DA:208,2
DA:209,2
DA:210,2
DA:211,2
DA:212,2
DA:213,2
DA:214,2
DA:215,2
DA:216,2
DA:217,2
DA:218,2
DA:219,2
DA:220,2
DA:221,2
DA:222,2
DA:223,2
DA:224,2
DA:225,2
DA:226,2
DA:227,2
DA:228,2
DA:229,2
DA:230,2
DA:231,2
DA:232,2
DA:233,2
DA:234,2
DA:235,2
DA:236,2
DA:237,2
DA:238,2
DA:239,2
DA:240,2
DA:241,2
DA:242,2
DA:243,2
DA:244,2
DA:245,2
DA:246,2
DA:247,2
DA:248,2
DA:249,2
DA:250,2
DA:251,2
DA:252,2
DA:253,2
DA:254,2
DA:255,2
DA:256,2
DA:257,2
DA:258,2
DA:259,2
DA:260,2
DA:261,2
DA:262,2
DA:263,2
DA:264,2
DA:265,2
DA:266,2
DA:267,2
DA:268,2
DA:269,2
DA:270,2
DA:271,2
DA:272,2
DA:273,2
DA:274,2
DA:275,2
DA:276,2
DA:277,2
DA:278,2
DA:279,2
DA:280,2
DA:281,2
DA:282,2
DA:283,2
DA:284,2
DA:285,2
DA:286,2
DA:287,2
DA:288,2
DA:289,2
DA:290,2
DA:291,2
DA:292,2
DA:293,2
DA:294,2
DA:295,2
DA:296,2
DA:297,2
DA:298,2
DA:299,2
DA:300,2
DA:301,2
DA:302,2
DA:303,2
DA:304,2
DA:305,2
DA:306,2
DA:307,2
DA:308,2
DA:309,2
DA:310,2
DA:311,2
DA:312,2
DA:313,2
DA:314,2
DA:315,2
DA:316,2
DA:317,2
DA:318,2
DA:319,2
DA:320,2
DA:321,2
DA:322,2
DA:323,2
DA:324,2
DA:325,2
DA:327,2
DA:328,2
LF:161
LH:151
end_of_record
TN:
SF:/home/ubuntu/coreMQTT/build/unit-test/MQTT/mocks/mock_core_mqtt_serializer.c
FN:10001,10006,MQTTV5_SerializeDisconnectWithProperty_CMockIgnoreArg_pFixedBuffer
FN:10008,10013,MQTTV5_SerializeDisconnectWithProperty_CMockIgnoreArg_sessionExpiry
FN:1208,1719,mock_core_mqtt_serializer_Verify
FN:1721,1724,mock_core_mqtt_serializer_Init
FN:1726,1732,mock_core_mqtt_serializer_Destroy
FN:1740,1822,MQTT_GetConnectPacketSize
FN:1824,1840,CMockExpectParameters_MQTT_GetConnectPacketSize
FN:1842,1854,MQTT_GetConnectPacketSize_CMockIgnoreAndReturn
FN:1856,1861,MQTT_GetConnectPacketSize_CMockStopIgnore
FN:1863,1876,MQTT_GetConnectPacketSize_CMockExpectAnyArgsAndReturn
FN:1878,1892,MQTT_GetConnectPacketSize_CMockExpectAndReturn
FN:1894,1899,MQTT_GetConnectPacketSize_AddCallback
FN:1901,1906,MQTT_GetConnectPacketSize_Stub
FN:1908,1921,MQTT_GetConnectPacketSize_CMockExpectWithArrayAndReturn
FN:1923,1930,MQTT_GetConnectPacketSize_CMockReturnMemThruPtr_pRemainingLength
FN:1932,1939,MQTT_GetConnectPacketSize_CMockReturnMemThruPtr_pPacketSize
FN:1941,1946,MQTT_GetConnectPacketSize_CMockIgnoreArg_pConnectInfo
FN:1948,1953,MQTT_GetConnectPacketSize_CMockIgnoreArg_pWillInfo
FN:1955,1960,MQTT_GetConnectPacketSize_CMockIgnoreArg_pRemainingLength
FN:1962,1967,MQTT_GetConnectPacketSize_CMockIgnoreArg_pPacketSize
FN:1975,2042,MQTT_SerializeConnect
FN:2044,2058,CMockExpectParameters_MQTT_SerializeConnect
FN:2060,2072,MQTT_SerializeConnect_CMockIgnoreAndReturn
FN:2074,2079,MQTT_SerializeConnect_CMockStopIgnore
FN:2081,2094,MQTT_SerializeConnect_CMockExpectAnyArgsAndReturn
FN:2096,2110,MQTT_SerializeConnect_CMockExpectAndReturn
FN:2112,2117,MQTT_SerializeConnect_AddCallback
FN:2119,2124,MQTT_SerializeConnect_Stub
FN:2126,2139,MQTT_SerializeConnect_CMockExpectWithArrayAndReturn
FN:2141,2146,MQTT_SerializeConnect_CMockIgnoreArg_pConnectInfo
FN:2148,2153,MQTT_SerializeConnect_CMockIgnoreArg_pWillInfo
FN:2155,2160,MQTT_SerializeConnect_CMockIgnoreArg_remainingLength
FN:2162,2167,MQTT_SerializeConnect_CMockIgnoreArg_pFixedBuffer
FN:2175,2274,MQTTV5_GetSubscribePacketSize
FN:2276,2297,CMockExpectParameters_MQTTV5_GetSubscribePacketSize
FN:2299,2311,MQTTV5_GetSubscribePacketSize_CMockIgnoreAndReturn
FN:2313,2318,MQTTV5_GetSubscribePacketSize_CMockStopIgnore
FN:2320,2333,MQTTV5_GetSubscribePacketSize_CMockExpectAnyArgsAndReturn
FN:2335,2349,MQTTV5_GetSubscribePacketSize_CMockExpectAndReturn
FN:2351,2356,MQTTV5_GetSubscribePacketSize_AddCallback
FN:2358,2363,MQTTV5_GetSubscribePacketSize_Stub
FN:2365,2378,MQTTV5_GetSubscribePacketSize_CMockExpectWithArrayAndReturn
FN:2380,2387,MQTTV5_GetSubscribePacketSize_CMockReturnMemThruPtr_pSubscriptionList
FN:2389,2396,MQTTV5_GetSubscribePacketSize_CMockReturnMemThruPtr_pSubscribeProperties
FN:2398,2405,MQTTV5_GetSubscribePacketSize_CMockReturnMemThruPtr_pRemainingLength
FN:2407,2414,MQTTV5_GetSubscribePacketSize_CMockReturnMemThruPtr_pPacketSize
FN:2416,2421,MQTTV5_GetSubscribePacketSize_CMockIgnoreArg_pSubscriptionList
FN:2423,2428,MQTTV5_GetSubscribePacketSize_CMockIgnoreArg_pSubscribeProperties
FN:2430,2435,MQTTV5_GetSubscribePacketSize_CMockIgnoreArg_subscriptionCount
FN:2437,2442,MQTTV5_GetSubscribePacketSize_CMockIgnoreArg_pRemainingLength
FN:2444,2449,MQTTV5_GetSubscribePacketSize_CMockIgnoreArg_pPacketSize
FN:2457,2536,MQTT_GetSubscribePacketSize
FN:2538,2554,CMockExpectParameters_MQTT_GetSubscribePacketSize
FN:2556,2568,MQTT_GetSubscribePacketSize_CMockIgnoreAndReturn
FN:2570,2575,MQTT_GetSubscribePacketSize_CMockStopIgnore
FN:2577,2590,MQTT_GetSubscribePacketSize_CMockExpectAnyArgsAndReturn
FN:2592,2606,MQTT_GetSubscribePacketSize_CMockExpectAndReturn
FN:2608,2613,MQTT_GetSubscribePacketSize_AddCallback
FN:2615,2620,MQTT_GetSubscribePacketSize_Stub
FN:2622,2635,MQTT_GetSubscribePacketSize_CMockExpectWithArrayAndReturn
FN:2637,2644,MQTT_GetSubscribePacketSize_CMockReturnMemThruPtr_pRemainingLength
FN:2646,2653,MQTT_GetSubscribePacketSize_CMockReturnMemThruPtr_pPacketSize
FN:2655,2660,MQTT_GetSubscribePacketSize_CMockIgnoreArg_pSubscriptionList
FN:2662,2667,MQTT_GetSubscribePacketSize_CMockIgnoreArg_subscriptionCount
FN:2669,2674,MQTT_GetSubscribePacketSize_CMockIgnoreArg_pRemainingLength
FN:2676,2681,MQTT_GetSubscribePacketSize_CMockIgnoreArg_pPacketSize
FN:2689,2758,MQTT_SerializeSubscribe
FN:2760,2776,CMockExpectParameters_MQTT_SerializeSubscribe
FN:2778,2790,MQTT_SerializeSubscribe_CMockIgnoreAndReturn
FN:2792,2797,MQTT_SerializeSubscribe_CMockStopIgnore
FN:2799,2812,MQTT_SerializeSubscribe_CMockExpectAnyArgsAndReturn
FN:2814,2828,MQTT_SerializeSubscribe_CMockExpectAndReturn
FN:2830,2835,MQTT_SerializeSubscribe_AddCallback
FN:2837,2842,MQTT_SerializeSubscribe_Stub
FN:2844,2857,MQTT_SerializeSubscribe_CMockExpectWithArrayAndReturn
FN:2859,2864,MQTT_SerializeSubscribe_CMockIgnoreArg_pSubscriptionList
FN:2866,2871,MQTT_SerializeSubscribe_CMockIgnoreArg_subscriptionCount
FN:2873,2878,MQTT_SerializeSubscribe_CMockIgnoreArg_packetId
FN:2880,2885,MQTT_SerializeSubscribe_CMockIgnoreArg_remainingLength
FN:2887,2892,MQTT_SerializeSubscribe_CMockIgnoreArg_pFixedBuffer
FN:2900,2979,MQTT_GetUnsubscribePacketSize
FN:2981,2997,CMockExpectParameters_MQTT_GetUnsubscribePacketSize
FN:2999,3011,MQTT_GetUnsubscribePacketSize_CMockIgnoreAndReturn
FN:3013,3018,MQTT_GetUnsubscribePacketSize_CMockStopIgnore
FN:3020,3033,MQTT_GetUnsubscribePacketSize_CMockExpectAnyArgsAndReturn
FN:3035,3049,MQTT_GetUnsubscribePacketSize_CMockExpectAndReturn
FN:3051,3056,MQTT_GetUnsubscribePacketSize_AddCallback
FN:3058,3063,MQTT_GetUnsubscribePacketSize_Stub
FN:3065,3078,MQTT_GetUnsubscribePacketSize_CMockExpectWithArrayAndReturn
FN:3080,3087,MQTT_GetUnsubscribePacketSize_CMockReturnMemThruPtr_pRemainingLength
FN:3089,3096,MQTT_GetUnsubscribePacketSize_CMockReturnMemThruPtr_pPacketSize
FN:3098,3103,MQTT_GetUnsubscribePacketSize_CMockIgnoreArg_pSubscriptionList
FN:3105,3110,MQTT_GetUnsubscribePacketSize_CMockIgnoreArg_subscriptionCount
FN:3112,3117,MQTT_GetUnsubscribePacketSize_CMockIgnoreArg_pRemainingLength
FN:3119,3124,MQTT_GetUnsubscribePacketSize_CMockIgnoreArg_pPacketSize
FN:3132,3201,MQTT_SerializeUnsubscribe
FN:3203,3219,CMockExpectParameters_MQTT_SerializeUnsubscribe
FN:3221,3233,MQTT_SerializeUnsubscribe_CMockIgnoreAndReturn
FN:3235,3240,MQTT_SerializeUnsubscribe_CMockStopIgnore
FN:3242,3255,MQTT_SerializeUnsubscribe_CMockExpectAnyArgsAndReturn
FN:3257,3271,MQTT_SerializeUnsubscribe_CMockExpectAndReturn
FN:3273,3278,MQTT_SerializeUnsubscribe_AddCallback
FN:3280,3285,MQTT_SerializeUnsubscribe_Stub
FN:3287,3300,MQTT_SerializeUnsubscribe_CMockExpectWithArrayAndReturn
FN:3302,3307,MQTT_SerializeUnsubscribe_CMockIgnoreArg_pSubscriptionList
FN:3309,3314,MQTT_SerializeUnsubscribe_CMockIgnoreArg_subscriptionCount
FN:3316,3321,MQTT_SerializeUnsubscribe_CMockIgnoreArg_packetId
FN:3323,3328,MQTT_SerializeUnsubscribe_CMockIgnoreArg_remainingLength
FN:3330,3335,MQTT_SerializeUnsubscribe_CMockIgnoreArg_pFixedBuffer
FN:3343,3417,MQTT_GetPublishPacketSize
FN:3419,3432,CMockExpectParameters_MQTT_GetPublishPacketSize
FN:3434,3446,MQTT_GetPublishPacketSize_CMockIgnoreAndReturn
FN:3448,3453,MQTT_GetPublishPacketSize_CMockStopIgnore
FN:3455,3468,MQTT_GetPublishPacketSize_CMockExpectAnyArgsAndReturn
FN:3470,3484,MQTT_GetPublishPacketSize_CMockExpectAndReturn
FN:3486,3491,MQTT_GetPublishPacketSize_AddCallback
FN:3493,3498,MQTT_GetPublishPacketSize_Stub
FN:3500,3513,MQTT_GetPublishPacketSize_CMockExpectWithArrayAndReturn
FN:3515,3522,MQTT_GetPublishPacketSize_CMockReturnMemThruPtr_pRemainingLength
FN:3524,3531,MQTT_GetPublishPacketSize_CMockReturnMemThruPtr_pPacketSize
FN:3533,3538,MQTT_GetPublishPacketSize_CMockIgnoreArg_pPublishInfo
FN:3540,3545,MQTT_GetPublishPacketSize_CMockIgnoreArg_pRemainingLength
FN:3547,3552,MQTT_GetPublishPacketSize_CMockIgnoreArg_pPacketSize
FN:3560,3624,MQTT_SerializePublish
FN:3626,3639,CMockExpectParameters_MQTT_SerializePublish
FN:3641,3653,MQTT_SerializePublish_CMockIgnoreAndReturn
FN:3655,3660,MQTT_SerializePublish_CMockStopIgnore
FN:3662,3675,MQTT_SerializePublish_CMockExpectAnyArgsAndReturn
FN:3677,3691,MQTT_SerializePublish_CMockExpectAndReturn
FN:3693,3698,MQTT_SerializePublish_AddCallback
FN:3700,3705,MQTT_SerializePublish_Stub
FN:3707,3720,MQTT_SerializePublish_CMockExpectWithArrayAndReturn
FN:3722,3727,MQTT_SerializePublish_CMockIgnoreArg_pPublishInfo
FN:3729,3734,MQTT_SerializePublish_CMockIgnoreArg_packetId
FN:3736,3741,MQTT_SerializePublish_CMockIgnoreArg_remainingLength
FN:3743,3748,MQTT_SerializePublish_CMockIgnoreArg_pFixedBuffer
FN:3756,3835,MQTT_SerializePublishHeaderWithoutTopic
FN:3837,3853,CMockExpectParameters_MQTT_SerializePublishHeaderWithoutTopic
FN:3855,3867,MQTT_SerializePublishHeaderWithoutTopic_CMockIgnoreAndReturn
FN:3869,3874,MQTT_SerializePublishHeaderWithoutTopic_CMockStopIgnore
FN:3876,3889,MQTT_SerializePublishHeaderWithoutTopic_CMockExpectAnyArgsAndReturn
FN:3891,3905,MQTT_SerializePublishHeaderWithoutTopic_CMockExpectAndReturn
FN:3907,3912,MQTT_SerializePublishHeaderWithoutTopic_AddCallback
FN:3914,3919,MQTT_SerializePublishHeaderWithoutTopic_Stub
FN:3921,3934,MQTT_SerializePublishHeaderWithoutTopic_CMockExpectWithArrayAndReturn
FN:3936,3943,MQTT_SerializePublishHeaderWithoutTopic_CMockReturnMemThruPtr_pBuffer
FN:3945,3952,MQTT_SerializePublishHeaderWithoutTopic_CMockReturnMemThruPtr_headerSize
FN:3954,3959,MQTT_SerializePublishHeaderWithoutTopic_CMockIgnoreArg_pPublishInfo
FN:3961,3966,MQTT_SerializePublishHeaderWithoutTopic_CMockIgnoreArg_remainingLength
FN:3968,3973,MQTT_SerializePublishHeaderWithoutTopic_CMockIgnoreArg_pBuffer
FN:3975,3980,MQTT_SerializePublishHeaderWithoutTopic_CMockIgnoreArg_headerSize
FN:3988,4066,MQTT_SerializePublishHeader
FN:4068,4085,CMockExpectParameters_MQTT_SerializePublishHeader
FN:4087,4099,MQTT_SerializePublishHeader_CMockIgnoreAndReturn
FN:4101,4106,MQTT_SerializePublishHeader_CMockStopIgnore
FN:4108,4121,MQTT_SerializePublishHeader_CMockExpectAnyArgsAndReturn
FN:4123,4137,MQTT_SerializePublishHeader_CMockExpectAndReturn
FN:4139,4144,MQTT_SerializePublishHeader_AddCallback
FN:4146,4151,MQTT_SerializePublishHeader_Stub
FN:4153,4166,MQTT_SerializePublishHeader_CMockExpectWithArrayAndReturn
FN:4168,4175,MQTT_SerializePublishHeader_CMockReturnMemThruPtr_pHeaderSize
FN:4177,4182,MQTT_SerializePublishHeader_CMockIgnoreArg_pPublishInfo
FN:4184,4189,MQTT_SerializePublishHeader_CMockIgnoreArg_packetId
FN:4191,4196,MQTT_SerializePublishHeader_CMockIgnoreArg_remainingLength
FN:4198,4203,MQTT_SerializePublishHeader_CMockIgnoreArg_pFixedBuffer
FN:4205,4210,MQTT_SerializePublishHeader_CMockIgnoreArg_pHeaderSize
FN:4218,4274,MQTT_SerializeAck
FN:4276,4285,CMockExpectParameters_MQTT_SerializeAck
FN:4287,4299,MQTT_SerializeAck_CMockIgnoreAndReturn
FN:4301,4306,MQTT_SerializeAck_CMockStopIgnore
FN:4308,4321,MQTT_SerializeAck_CMockExpectAnyArgsAndReturn
FN:4323,4337,MQTT_SerializeAck_CMockExpectAndReturn
FN:4339,4344,MQTT_SerializeAck_AddCallback
FN:4346,4351,MQTT_SerializeAck_Stub
FN:4353,4366,MQTT_SerializeAck_CMockExpectWithArrayAndReturn
FN:4368,4373,MQTT_SerializeAck_CMockIgnoreArg_pFixedBuffer
FN:4375,4380,MQTT_SerializeAck_CMockIgnoreArg_packetType
FN:4382,4387,MQTT_SerializeAck_CMockIgnoreArg_packetId
FN:4395,4447,MQTT_GetDisconnectPacketSize
FN:4449,4455,CMockExpectParameters_MQTT_GetDisconnectPacketSize
FN:4457,4469,MQTT_GetDisconnectPacketSize_CMockIgnoreAndReturn
FN:4471,4476,MQTT_GetDisconnectPacketSize_CMockStopIgnore
FN:4478,4491,MQTT_GetDisconnectPacketSize_CMockExpectAnyArgsAndReturn
FN:4493,4507,MQTT_GetDisconnectPacketSize_CMockExpectAndReturn
FN:4509,4514,MQTT_GetDisconnectPacketSize_AddCallback
FN:4516,4521,MQTT_GetDisconnectPacketSize_Stub
FN:4523,4536,MQTT_GetDisconnectPacketSize_CMockExpectWithArrayAndReturn
FN:4538,4545,MQTT_GetDisconnectPacketSize_CMockReturnMemThruPtr_pPacketSize
FN:4547,4552,MQTT_GetDisconnectPacketSize_CMockIgnoreArg_pPacketSize
FN:4560,4606,MQTT_SerializeDisconnect
FN:4608,4613,CMockExpectParameters_MQTT_SerializeDisconnect
FN:4615,4627,MQTT_SerializeDisconnect_CMockIgnoreAndReturn
FN:4629,4634,MQTT_SerializeDisconnect_CMockStopIgnore
FN:4636,4649,MQTT_SerializeDisconnect_CMockExpectAnyArgsAndReturn
FN:4651,4665,MQTT_SerializeDisconnect_CMockExpectAndReturn
FN:4667,4672,MQTT_SerializeDisconnect_AddCallback
FN:4674,4679,MQTT_SerializeDisconnect_Stub
FN:4681,4694,MQTT_SerializeDisconnect_CMockExpectWithArrayAndReturn
FN:4696,4701,MQTT_SerializeDisconnect_CMockIgnoreArg_pFixedBuffer
FN:4709,4761,MQTT_GetPingreqPacketSize
FN:4763,4769,CMockExpectParameters_MQTT_GetPingreqPacketSize
FN:4771,4783,MQTT_GetPingreqPacketSize_CMockIgnoreAndReturn
FN:4785,4790,MQTT_GetPingreqPacketSize_CMockStopIgnore
FN:4792,4805,MQTT_GetPingreqPacketSize_CMockExpectAnyArgsAndReturn
FN:4807,4821,MQTT_GetPingreqPacketSize_CMockExpectAndReturn
FN:4823,4828,MQTT_GetPingreqPacketSize_AddCallback
FN:4830,4835,MQTT_GetPingreqPacketSize_Stub
FN:4837,4850,MQTT_GetPingreqPacketSize_CMockExpectWithArrayAndReturn
FN:4852,4859,MQTT_GetPingreqPacketSize_CMockReturnMemThruPtr_pPacketSize
FN:4861,4866,MQTT_GetPingreqPacketSize_CMockIgnoreArg_pPacketSize
FN:4874,4920,MQTT_SerializePingreq
FN:4922,4927,CMockExpectParameters_MQTT_SerializePingreq
FN:4929,4941,MQTT_SerializePingreq_CMockIgnoreAndReturn
FN:4943,4948,MQTT_SerializePingreq_CMockStopIgnore
FN:4950,4963,MQTT_SerializePingreq_CMockExpectAnyArgsAndReturn
FN:4965,4979,MQTT_SerializePingreq_CMockExpectAndReturn
FN:4981,4986,MQTT_SerializePingreq_AddCallback
FN:4988,4993,MQTT_SerializePingreq_Stub
FN:4995,5008,MQTT_SerializePingreq_CMockExpectWithArrayAndReturn
FN:5010,5015,MQTT_SerializePingreq_CMockIgnoreArg_pFixedBuffer
FN:5023,5097,MQTT_DeserializePublish
FN:5099,5112,CMockExpectParameters_MQTT_DeserializePublish
FN:5114,5126,MQTT_DeserializePublish_CMockIgnoreAndReturn
FN:5128,5133,MQTT_DeserializePublish_CMockStopIgnore
FN:5135,5148,MQTT_DeserializePublish_CMockExpectAnyArgsAndReturn
FN:5150,5164,MQTT_DeserializePublish_CMockExpectAndReturn
FN:5166,5171,MQTT_DeserializePublish_AddCallback
FN:5173,5178,MQTT_DeserializePublish_Stub
FN:5180,5193,MQTT_DeserializePublish_CMockExpectWithArrayAndReturn
FN:5195,5202,MQTT_DeserializePublish_CMockReturnMemThruPtr_pPacketId
FN:5204,5211,MQTT_DeserializePublish_CMockReturnMemThruPtr_pPublishInfo
FN:5213,5218,MQTT_DeserializePublish_CMockIgnoreArg_pIncomingPacket
FN:5220,5225,MQTT_DeserializePublish_CMockIgnoreArg_pPacketId
FN:5227,5232,MQTT_DeserializePublish_CMockIgnoreArg_pPublishInfo
FN:5240,5314,MQTT_DeserializeAck
FN:5316,5329,CMockExpectParameters_MQTT_DeserializeAck
FN:5331,5343,MQTT_DeserializeAck_CMockIgnoreAndReturn
FN:5345,5350,MQTT_DeserializeAck_CMockStopIgnore
FN:5352,5365,MQTT_DeserializeAck_CMockExpectAnyArgsAndReturn
FN:5367,5381,MQTT_DeserializeAck_CMockExpectAndReturn
FN:5383,5388,MQTT_DeserializeAck_AddCallback
FN:5390,5395,MQTT_DeserializeAck_Stub
FN:5397,5410,MQTT_DeserializeAck_CMockExpectWithArrayAndReturn
FN:5412,5419,MQTT_DeserializeAck_CMockReturnMemThruPtr_pPacketId
FN:5421,5428,MQTT_DeserializeAck_CMockReturnMemThruPtr_pSessionPresent
FN:5430,5435,MQTT_DeserializeAck_CMockIgnoreArg_pIncomingPacket
FN:5437,5442,MQTT_DeserializeAck_CMockIgnoreArg_pPacketId
FN:5444,5449,MQTT_DeserializeAck_CMockIgnoreArg_pSessionPresent
FN:5457,5528,MQTT_GetIncomingPacketTypeAndLength
FN:5530,5543,CMockExpectParameters_MQTT_GetIncomingPacketTypeAndLength
FN:5545,5557,MQTT_GetIncomingPacketTypeAndLength_CMockIgnoreAndReturn
FN:5559,5564,MQTT_GetIncomingPacketTypeAndLength_CMockStopIgnore
FN:5566,5579,MQTT_GetIncomingPacketTypeAndLength_CMockExpectAnyArgsAndReturn
FN:5581,5595,MQTT_GetIncomingPacketTypeAndLength_CMockExpectAndReturn
FN:5597,5602,MQTT_GetIncomingPacketTypeAndLength_AddCallback
FN:5604,5609,MQTT_GetIncomingPacketTypeAndLength_Stub
FN:5611,5624,MQTT_GetIncomingPacketTypeAndLength_CMockExpectWithArrayAndReturn
FN:5626,5633,MQTT_GetIncomingPacketTypeAndLength_CMockReturnMemThruPtr_pNetworkContext
FN:5635,5642,MQTT_GetIncomingPacketTypeAndLength_CMockReturnMemThruPtr_pIncomingPacket
FN:5644,5649,MQTT_GetIncomingPacketTypeAndLength_CMockIgnoreArg_readFunc
FN:5651,5656,MQTT_GetIncomingPacketTypeAndLength_CMockIgnoreArg_pNetworkContext
FN:5658,5663,MQTT_GetIncomingPacketTypeAndLength_CMockIgnoreArg_pIncomingPacket
FN:5671,5739,MQTT_ProcessIncomingPacketTypeAndLength
FN:5741,5753,CMockExpectParameters_MQTT_ProcessIncomingPacketTypeAndLength
FN:5755,5767,MQTT_ProcessIncomingPacketTypeAndLength_CMockIgnoreAndReturn
FN:5769,5774,MQTT_ProcessIncomingPacketTypeAndLength_CMockStopIgnore
FN:5776,5789,MQTT_ProcessIncomingPacketTypeAndLength_CMockExpectAnyArgsAndReturn
FN:5791,5805,MQTT_ProcessIncomingPacketTypeAndLength_CMockExpectAndReturn
FN:5807,5812,MQTT_ProcessIncomingPacketTypeAndLength_AddCallback
FN:5814,5819,MQTT_ProcessIncomingPacketTypeAndLength_Stub
FN:5821,5834,MQTT_ProcessIncomingPacketTypeAndLength_CMockExpectWithArrayAndReturn
FN:5836,5843,MQTT_ProcessIncomingPacketTypeAndLength_CMockReturnMemThruPtr_pIncomingPacket
FN:5845,5850,MQTT_ProcessIncomingPacketTypeAndLength_CMockIgnoreArg_pBuffer
FN:5852,5857,MQTT_ProcessIncomingPacketTypeAndLength_CMockIgnoreArg_pIndex
FN:5859,5864,MQTT_ProcessIncomingPacketTypeAndLength_CMockIgnoreArg_pIncomingPacket
FN:5872,5944,MQTT_SerializeConnectFixedHeader
FN:5946,5961,CMockExpectParameters_MQTT_SerializeConnectFixedHeader
FN:5963,5975,MQTT_SerializeConnectFixedHeader_CMockIgnoreAndReturn
FN:5977,5982,MQTT_SerializeConnectFixedHeader_CMockStopIgnore
FN:5984,5997,MQTT_SerializeConnectFixedHeader_CMockExpectAnyArgsAndReturn
FN:5999,6012,MQTT_SerializeConnectFixedHeader_CMockExpectAndReturn
FN:6014,6019,MQTT_SerializeConnectFixedHeader_AddCallback
FN:6021,6026,MQTT_SerializeConnectFixedHeader_Stub
FN:6028,6041,MQTT_SerializeConnectFixedHeader_CMockExpectWithArrayAndReturn
FN:6043,6050,MQTT_SerializeConnectFixedHeader_CMockReturnMemThruPtr_pIndex
FN:6052,6057,MQTT_SerializeConnectFixedHeader_CMockIgnoreArg_pIndex
FN:6059,6064,MQTT_SerializeConnectFixedHeader_CMockIgnoreArg_pConnectInfo
FN:6066,6071,MQTT_SerializeConnectFixedHeader_CMockIgnoreArg_pWillInfo
FN:6073,6078,MQTT_SerializeConnectFixedHeader_CMockIgnoreArg_remainingLength
FN:6086,6147,MQTT_SerializeSubscribeHeader
FN:6149,6160,CMockExpectParameters_MQTT_SerializeSubscribeHeader
FN:6162,6174,MQTT_SerializeSubscribeHeader_CMockIgnoreAndReturn
FN:6176,6181,MQTT_SerializeSubscribeHeader_CMockStopIgnore
FN:6183,6196,MQTT_SerializeSubscribeHeader_CMockExpectAnyArgsAndReturn
FN:6198,6211,MQTT_SerializeSubscribeHeader_CMockExpectAndReturn
FN:6213,6218,MQTT_SerializeSubscribeHeader_AddCallback
FN:6220,6225,MQTT_SerializeSubscribeHeader_Stub
FN:6227,6240,MQTT_SerializeSubscribeHeader_CMockExpectWithArrayAndReturn
FN:6242,6249,MQTT_SerializeSubscribeHeader_CMockReturnMemThruPtr_pIndex
FN:6251,6256,MQTT_SerializeSubscribeHeader_CMockIgnoreArg_remainingLength
FN:6258,6263,MQTT_SerializeSubscribeHeader_CMockIgnoreArg_pIndex
FN:6265,6270,MQTT_SerializeSubscribeHeader_CMockIgnoreArg_packetId
FN:6278,6339,MQTT_SerializeUnsubscribeHeader
FN:6341,6352,CMockExpectParameters_MQTT_SerializeUnsubscribeHeader
FN:6354,6366,MQTT_SerializeUnsubscribeHeader_CMockIgnoreAndReturn
FN:6368,6373,MQTT_SerializeUnsubscribeHeader_CMockStopIgnore
FN:6375,6388,MQTT_SerializeUnsubscribeHeader_CMockExpectAnyArgsAndReturn
FN:6390,6403,MQTT_SerializeUnsubscribeHeader_CMockExpectAndReturn
FN:6405,6410,MQTT_SerializeUnsubscribeHeader_AddCallback
FN:6412,6417,MQTT_SerializeUnsubscribeHeader_Stub
FN:6419,6432,MQTT_SerializeUnsubscribeHeader_CMockExpectWithArrayAndReturn
FN:6434,6441,MQTT_SerializeUnsubscribeHeader_CMockReturnMemThruPtr_pIndex
FN:6443,6448,MQTT_SerializeUnsubscribeHeader_CMockIgnoreArg_remainingLength
FN:6450,6455,MQTT_SerializeUnsubscribeHeader_CMockIgnoreArg_pIndex
FN:6457,6462,MQTT_SerializeUnsubscribeHeader_CMockIgnoreArg_packetId
FN:6470,6529,MQTTV5_SerializeConnectProperties
FN:6531,6540,CMockExpectParameters_MQTTV5_SerializeConnectProperties
FN:6542,6554,MQTTV5_SerializeConnectProperties_CMockIgnoreAndReturn
FN:6556,6561,MQTTV5_SerializeConnectProperties_CMockStopIgnore
FN:6563,6576,MQTTV5_SerializeConnectProperties_CMockExpectAnyArgsAndReturn
FN:6578,6591,MQTTV5_SerializeConnectProperties_CMockExpectAndReturn
FN:6593,6598,MQTTV5_SerializeConnectProperties_AddCallback
FN:6600,6605,MQTTV5_SerializeConnectProperties_Stub
FN:6607,6620,MQTTV5_SerializeConnectProperties_CMockExpectWithArrayAndReturn
FN:6622,6629,MQTTV5_SerializeConnectProperties_CMockReturnMemThruPtr_pIndex
FN:6631,6636,MQTTV5_SerializeConnectProperties_CMockIgnoreArg_pIndex
FN:6638,6643,MQTTV5_SerializeConnectProperties_CMockIgnoreArg_pConnectProperties
FN:6651,6710,MQTT_SerializePublishProperties
FN:6712,6721,CMockExpectParameters_MQTT_SerializePublishProperties
FN:6723,6735,MQTT_SerializePublishProperties_CMockIgnoreAndReturn
FN:6737,6742,MQTT_SerializePublishProperties_CMockStopIgnore
FN:6744,6757,MQTT_SerializePublishProperties_CMockExpectAnyArgsAndReturn
FN:6759,6772,MQTT_SerializePublishProperties_CMockExpectAndReturn
FN:6774,6779,MQTT_SerializePublishProperties_AddCallback
FN:6781,6786,MQTT_SerializePublishProperties_Stub
FN:6788,6801,MQTT_SerializePublishProperties_CMockExpectWithArrayAndReturn
FN:6803,6810,MQTT_SerializePublishProperties_CMockReturnMemThruPtr_pIndex
FN:6812,6817,MQTT_SerializePublishProperties_CMockIgnoreArg_pPublishInfo
FN:6819,6824,MQTT_SerializePublishProperties_CMockIgnoreArg_pIndex
FN:6832,6906,MQTTV5_DeserializeConnack
FN:6908,6921,CMockExpectParameters_MQTTV5_DeserializeConnack
FN:6923,6935,MQTTV5_DeserializeConnack_CMockIgnoreAndReturn
FN:6937,6942,MQTTV5_DeserializeConnack_CMockStopIgnore
FN:6944,6957,MQTTV5_DeserializeConnack_CMockExpectAnyArgsAndReturn
FN:6959,6973,MQTTV5_DeserializeConnack_CMockExpectAndReturn
FN:6975,6980,MQTTV5_DeserializeConnack_AddCallback
FN:6982,6987,MQTTV5_DeserializeConnack_Stub
FN:6989,7002,MQTTV5_DeserializeConnack_CMockExpectWithArrayAndReturn
FN:7004,7011,MQTTV5_DeserializeConnack_CMockReturnMemThruPtr_pConnackProperties
FN:7013,7020,MQTTV5_DeserializeConnack_CMockReturnMemThruPtr_pSessionPresent
FN:7022,7027,MQTTV5_DeserializeConnack_CMockIgnoreArg_pConnackProperties
FN:7029,7034,MQTTV5_DeserializeConnack_CMockIgnoreArg_pIncomingPacket
FN:7036,7041,MQTTV5_DeserializeConnack_CMockIgnoreArg_pSessionPresent
FN:7049,7101,MQTTV5_InitConnect
FN:7103,7109,CMockExpectParameters_MQTTV5_InitConnect
FN:7111,7123,MQTTV5_InitConnect_CMockIgnoreAndReturn
FN:7125,7130,MQTTV5_InitConnect_CMockStopIgnore
FN:7132,7145,MQTTV5_InitConnect_CMockExpectAnyArgsAndReturn
FN:7147,7161,MQTTV5_InitConnect_CMockExpectAndReturn
FN:7163,7168,MQTTV5_InitConnect_AddCallback
FN:7170,7175,MQTTV5_InitConnect_Stub
FN:7177,7190,MQTTV5_InitConnect_CMockExpectWithArrayAndReturn
FN:7192,7199,MQTTV5_InitConnect_CMockReturnMemThruPtr_pConnectProperties
FN:7201,7206,MQTTV5_InitConnect_CMockIgnoreArg_pConnectProperties
FN:7214,7316,MQTTV5_GetConnectPacketSize
FN:7318,7339,CMockExpectParameters_MQTTV5_GetConnectPacketSize
FN:7341,7353,MQTTV5_GetConnectPacketSize_CMockIgnoreAndReturn
FN:7355,7360,MQTTV5_GetConnectPacketSize_CMockStopIgnore
FN:7362,7375,MQTTV5_GetConnectPacketSize_CMockExpectAnyArgsAndReturn
FN:7377,7391,MQTTV5_GetConnectPacketSize_CMockExpectAndReturn
FN:7393,7398,MQTTV5_GetConnectPacketSize_AddCallback
FN:7400,7405,MQTTV5_GetConnectPacketSize_Stub
FN:7407,7420,MQTTV5_GetConnectPacketSize_CMockExpectWithArrayAndReturn
FN:7422,7429,MQTTV5_GetConnectPacketSize_CMockReturnMemThruPtr_pWillInfo
FN:7431,7438,MQTTV5_GetConnectPacketSize_CMockReturnMemThruPtr_pConnectProperties
FN:7440,7447,MQTTV5_GetConnectPacketSize_CMockReturnMemThruPtr_pRemainingLength
FN:7449,7456,MQTTV5_GetConnectPacketSize_CMockReturnMemThruPtr_pPacketSize
FN:7458,7463,MQTTV5_GetConnectPacketSize_CMockIgnoreArg_pConnectInfo
FN:7465,7470,MQTTV5_GetConnectPacketSize_CMockIgnoreArg_pWillInfo
FN:7472,7477,MQTTV5_GetConnectPacketSize_CMockIgnoreArg_pConnectProperties
FN:7479,7484,MQTTV5_GetConnectPacketSize_CMockIgnoreArg_pRemainingLength
FN:7486,7491,MQTTV5_GetConnectPacketSize_CMockIgnoreArg_pPacketSize
FN:7499,7574,MQTTV5_SerializeConnect
FN:7576,7593,CMockExpectParameters_MQTTV5_SerializeConnect
FN:7595,7607,MQTTV5_SerializeConnect_CMockIgnoreAndReturn
FN:7609,7614,MQTTV5_SerializeConnect_CMockStopIgnore
FN:7616,7629,MQTTV5_SerializeConnect_CMockExpectAnyArgsAndReturn
FN:7631,7645,MQTTV5_SerializeConnect_CMockExpectAndReturn
FN:7647,7652,MQTTV5_SerializeConnect_AddCallback
FN:7654,7659,MQTTV5_SerializeConnect_Stub
FN:7661,7674,MQTTV5_SerializeConnect_CMockExpectWithArrayAndReturn
FN:7676,7681,MQTTV5_SerializeConnect_CMockIgnoreArg_pConnectInfo
FN:7683,7688,MQTTV5_SerializeConnect_CMockIgnoreArg_pWillInfo
FN:7690,7695,MQTTV5_SerializeConnect_CMockIgnoreArg_pConnectProperties
FN:7697,7702,MQTTV5_SerializeConnect_CMockIgnoreArg_remainingLength
FN:7704,7709,MQTTV5_SerializeConnect_CMockIgnoreArg_pFixedBuffer
FN:7717,7778,MQTTV5_ValidatePublishParams
FN:7780,7791,CMockExpectParameters_MQTTV5_ValidatePublishParams
FN:7793,7805,MQTTV5_ValidatePublishParams_CMockIgnoreAndReturn
FN:7807,7812,MQTTV5_ValidatePublishParams_CMockStopIgnore
FN:7814,7827,MQTTV5_ValidatePublishParams_CMockExpectAnyArgsAndReturn
FN:7829,7843,MQTTV5_ValidatePublishParams_CMockExpectAndReturn
FN:7845,7850,MQTTV5_ValidatePublishParams_AddCallback
FN:7852,7857,MQTTV5_ValidatePublishParams_Stub
FN:7859,7872,MQTTV5_ValidatePublishParams_CMockExpectWithArrayAndReturn
FN:7874,7879,MQTTV5_ValidatePublishParams_CMockIgnoreArg_pPublishInfo
FN:7881,7886,MQTTV5_ValidatePublishParams_CMockIgnoreArg_topicAliasMax
FN:7888,7893,MQTTV5_ValidatePublishParams_CMockIgnoreArg_retainAvailable
FN:7895,7900,MQTTV5_ValidatePublishParams_CMockIgnoreArg_maxQos
FN:7908,7993,MQTTV5_GetPublishPacketSize
FN:7995,8011,CMockExpectParameters_MQTTV5_GetPublishPacketSize
FN:8013,8025,MQTTV5_GetPublishPacketSize_CMockIgnoreAndReturn
FN:8027,8032,MQTTV5_GetPublishPacketSize_CMockStopIgnore
FN:8034,8047,MQTTV5_GetPublishPacketSize_CMockExpectAnyArgsAndReturn
FN:8049,8063,MQTTV5_GetPublishPacketSize_CMockExpectAndReturn
FN:8065,8070,MQTTV5_GetPublishPacketSize_AddCallback
FN:8072,8077,MQTTV5_GetPublishPacketSize_Stub
FN:8079,8092,MQTTV5_GetPublishPacketSize_CMockExpectWithArrayAndReturn
FN:8094,8101,MQTTV5_GetPublishPacketSize_CMockReturnMemThruPtr_pPublishInfo
FN:8103,8110,MQTTV5_GetPublishPacketSize_CMockReturnMemThruPtr_pRemainingLength
FN:8112,8119,MQTTV5_GetPublishPacketSize_CMockReturnMemThruPtr_pPacketSize
FN:8121,8126,MQTTV5_GetPublishPacketSize_CMockIgnoreArg_pPublishInfo
FN:8128,8133,MQTTV5_GetPublishPacketSize_CMockIgnoreArg_pRemainingLength
FN:8135,8140,MQTTV5_GetPublishPacketSize_CMockIgnoreArg_pPacketSize
FN:8142,8147,MQTTV5_GetPublishPacketSize_CMockIgnoreArg_maxPacketSize
FN:8155,8239,MQTTV5_DeserializeAck
FN:8241,8258,CMockExpectParameters_MQTTV5_DeserializeAck
FN:8260,8272,MQTTV5_DeserializeAck_CMockIgnoreAndReturn
FN:8274,8279,MQTTV5_DeserializeAck_CMockStopIgnore
FN:8281,8294,MQTTV5_DeserializeAck_CMockExpectAnyArgsAndReturn
FN:8296,8310,MQTTV5_DeserializeAck_CMockExpectAndReturn
FN:8312,8317,MQTTV5_DeserializeAck_AddCallback
FN:8319,8324,MQTTV5_DeserializeAck_Stub
FN:8326,8339,MQTTV5_DeserializeAck_CMockExpectWithArrayAndReturn
FN:8341,8348,MQTTV5_DeserializeAck_CMockReturnMemThruPtr_pPacketId
FN:8350,8357,MQTTV5_DeserializeAck_CMockReturnMemThruPtr_pAckInfo
FN:8359,8364,MQTTV5_DeserializeAck_CMockIgnoreArg_pIncomingPacket
FN:8366,8371,MQTTV5_DeserializeAck_CMockIgnoreArg_pPacketId
FN:8373,8378,MQTTV5_DeserializeAck_CMockIgnoreArg_pAckInfo
FN:8380,8385,MQTTV5_DeserializeAck_CMockIgnoreArg_requestProblem
FN:8387,8392,MQTTV5_DeserializeAck_CMockIgnoreArg_maxPacketSize
FN:8400,8485,MQTTV5_GetAckPacketSize
FN:8487,8503,CMockExpectParameters_MQTTV5_GetAckPacketSize
FN:8505,8517,MQTTV5_GetAckPacketSize_CMockIgnoreAndReturn
FN:8519,8524,MQTTV5_GetAckPacketSize_CMockStopIgnore
FN:8526,8539,MQTTV5_GetAckPacketSize_CMockExpectAnyArgsAndReturn
FN:8541,8555,MQTTV5_GetAckPacketSize_CMockExpectAndReturn
FN:8557,8562,MQTTV5_GetAckPacketSize_AddCallback
FN:8564,8569,MQTTV5_GetAckPacketSize_Stub
FN:8571,8584,MQTTV5_GetAckPacketSize_CMockExpectWithArrayAndReturn
FN:8586,8593,MQTTV5_GetAckPacketSize_CMockReturnMemThruPtr_pAckInfo
FN:8595,8602,MQTTV5_GetAckPacketSize_CMockReturnMemThruPtr_pRemainingLength
FN:8604,8611,MQTTV5_GetAckPacketSize_CMockReturnMemThruPtr_pPacketSize
FN:8613,8618,MQTTV5_GetAckPacketSize_CMockIgnoreArg_pAckInfo
FN:8620,8625,MQTTV5_GetAckPacketSize_CMockIgnoreArg_pRemainingLength
FN:8627,8632,MQTTV5_GetAckPacketSize_CMockIgnoreArg_pPacketSize
FN:8634,8639,MQTTV5_GetAckPacketSize_CMockIgnoreArg_maxPacketSize
FN:8647,8718,MQTTV5_SerializeAckFixed
FN:8720,8736,CMockExpectParameters_MQTTV5_SerializeAckFixed
FN:8738,8750,MQTTV5_SerializeAckFixed_CMockIgnoreAndReturn
FN:8752,8757,MQTTV5_SerializeAckFixed_CMockStopIgnore
FN:8759,8772,MQTTV5_SerializeAckFixed_CMockExpectAnyArgsAndReturn
FN:8774,8787,MQTTV5_SerializeAckFixed_CMockExpectAndReturn
FN:8789,8794,MQTTV5_SerializeAckFixed_AddCallback
FN:8796,8801,MQTTV5_SerializeAckFixed_Stub
FN:8803,8816,MQTTV5_SerializeAckFixed_CMockExpectWithArrayAndReturn
FN:8818,8825,MQTTV5_SerializeAckFixed_CMockReturnMemThruPtr_pIndex
FN:8827,8832,MQTTV5_SerializeAckFixed_CMockIgnoreArg_pIndex
FN:8834,8839,MQTTV5_SerializeAckFixed_CMockIgnoreArg_packetType
FN:8841,8846,MQTTV5_SerializeAckFixed_CMockIgnoreArg_packetId
FN:8848,8853,MQTTV5_SerializeAckFixed_CMockIgnoreArg_remainingLength
FN:8855,8860,MQTTV5_SerializeAckFixed_CMockIgnoreArg_propertyLength
FN:8868,8937,MQTTV5_SerializePubAckWithProperty
FN:8939,8954,CMockExpectParameters_MQTTV5_SerializePubAckWithProperty
FN:8956,8968,MQTTV5_SerializePubAckWithProperty_CMockIgnoreAndReturn
FN:8970,8975,MQTTV5_SerializePubAckWithProperty_CMockStopIgnore
FN:8977,8990,MQTTV5_SerializePubAckWithProperty_CMockExpectAnyArgsAndReturn
FN:8992,9006,MQTTV5_SerializePubAckWithProperty_CMockExpectAndReturn
FN:9008,9013,MQTTV5_SerializePubAckWithProperty_AddCallback
FN:9015,9020,MQTTV5_SerializePubAckWithProperty_Stub
FN:9022,9035,MQTTV5_SerializePubAckWithProperty_CMockExpectWithArrayAndReturn
FN:9037,9042,MQTTV5_SerializePubAckWithProperty_CMockIgnoreArg_pAckInfo
FN:9044,9049,MQTTV5_SerializePubAckWithProperty_CMockIgnoreArg_remainingLength
FN:9051,9056,MQTTV5_SerializePubAckWithProperty_CMockIgnoreArg_pFixedBuffer
FN:9058,9063,MQTTV5_SerializePubAckWithProperty_CMockIgnoreArg_packetType
FN:9065,9070,MQTTV5_SerializePubAckWithProperty_CMockIgnoreArg_packetId
FN:9078,9173,MQTTV5_GetDisconnectPacketSize
FN:9175,9195,CMockExpectParameters_MQTTV5_GetDisconnectPacketSize
FN:9197,9209,MQTTV5_GetDisconnectPacketSize_CMockIgnoreAndReturn
FN:9211,9216,MQTTV5_GetDisconnectPacketSize_CMockStopIgnore
FN:9218,9231,MQTTV5_GetDisconnectPacketSize_CMockExpectAnyArgsAndReturn
FN:9233,9247,MQTTV5_GetDisconnectPacketSize_CMockExpectAndReturn
FN:9249,9254,MQTTV5_GetDisconnectPacketSize_AddCallback
FN:9256,9261,MQTTV5_GetDisconnectPacketSize_Stub
FN:9263,9276,MQTTV5_GetDisconnectPacketSize_CMockExpectWithArrayAndReturn
FN:9278,9285,MQTTV5_GetDisconnectPacketSize_CMockReturnMemThruPtr_pDisconnectInfo
FN:9287,9294,MQTTV5_GetDisconnectPacketSize_CMockReturnMemThruPtr_pRemainingLength
FN:9296,9303,MQTTV5_GetDisconnectPacketSize_CMockReturnMemThruPtr_pPacketSize
FN:9305,9310,MQTTV5_GetDisconnectPacketSize_CMockIgnoreArg_pDisconnectInfo
FN:9312,9317,MQTTV5_GetDisconnectPacketSize_CMockIgnoreArg_pRemainingLength
FN:9319,9324,MQTTV5_GetDisconnectPacketSize_CMockIgnoreArg_pPacketSize
FN:9326,9331,MQTTV5_GetDisconnectPacketSize_CMockIgnoreArg_maxPacketSize
FN:9333,9338,MQTTV5_GetDisconnectPacketSize_CMockIgnoreArg_sessionExpiry
FN:9340,9345,MQTTV5_GetDisconnectPacketSize_CMockIgnoreArg_prevSessionExpiry
FN:9353,9422,MQTTV5_SerializeDisconnectFixed
FN:9424,9438,CMockExpectParameters_MQTTV5_SerializeDisconnectFixed
FN:9440,9452,MQTTV5_SerializeDisconnectFixed_CMockIgnoreAndReturn
FN:9454,9459,MQTTV5_SerializeDisconnectFixed_CMockStopIgnore
FN:9461,9474,MQTTV5_SerializeDisconnectFixed_CMockExpectAnyArgsAndReturn
FN:9476,9489,MQTTV5_SerializeDisconnectFixed_CMockExpectAndReturn
FN:9491,9496,MQTTV5_SerializeDisconnectFixed_AddCallback
FN:9498,9503,MQTTV5_SerializeDisconnectFixed_Stub
FN:9505,9518,MQTTV5_SerializeDisconnectFixed_CMockExpectWithArrayAndReturn
FN:9520,9527,MQTTV5_SerializeDisconnectFixed_CMockReturnMemThruPtr_pIndex
FN:9529,9534,MQTTV5_SerializeDisconnectFixed_CMockIgnoreArg_pIndex
FN:9536,9541,MQTTV5_SerializeDisconnectFixed_CMockIgnoreArg_pDisconnectInfo
FN:9543,9548,MQTTV5_SerializeDisconnectFixed_CMockIgnoreArg_remainingLength
FN:9550,9555,MQTTV5_SerializeDisconnectFixed_CMockIgnoreArg_sessionExpiry
FN:9563,9653,MQTTV5_DeserializeDisconnect
FN:9655,9674,CMockExpectParameters_MQTTV5_DeserializeDisconnect
FN:9676,9688,MQTTV5_DeserializeDisconnect_CMockIgnoreAndReturn
FN:9690,9695,MQTTV5_DeserializeDisconnect_CMockStopIgnore
FN:9697,9710,MQTTV5_DeserializeDisconnect_CMockExpectAnyArgsAndReturn
FN:9712,9726,MQTTV5_DeserializeDisconnect_CMockExpectAndReturn
FN:9728,9733,MQTTV5_DeserializeDisconnect_AddCallback
FN:9735,9740,MQTTV5_DeserializeDisconnect_Stub
FN:9742,9755,MQTTV5_DeserializeDisconnect_CMockExpectWithArrayAndReturn
FN:9757,9764,MQTTV5_DeserializeDisconnect_CMockReturnMemThruPtr_pDisconnectInfo
FN:9766,9773,MQTTV5_DeserializeDisconnect_CMockReturnMemThruPtr_pServerRef
FN:9775,9782,MQTTV5_DeserializeDisconnect_CMockReturnMemThruPtr_pServerRefLength
FN:9784,9789,MQTTV5_DeserializeDisconnect_CMockIgnoreArg_pPacket
FN:9791,9796,MQTTV5_DeserializeDisconnect_CMockIgnoreArg_pDisconnectInfo
FN:9798,9803,MQTTV5_DeserializeDisconnect_CMockIgnoreArg_pServerRef
FN:9805,9810,MQTTV5_DeserializeDisconnect_CMockIgnoreArg_pServerRefLength
FN:9812,9817,MQTTV5_DeserializeDisconnect_CMockIgnoreArg_maxPacketSize
FN:9825,9889,MQTTV5_SerializeDisconnectWithProperty
FN:9891,9904,CMockExpectParameters_MQTTV5_SerializeDisconnectWithProperty
FN:9906,9918,MQTTV5_SerializeDisconnectWithProperty_CMockIgnoreAndReturn
FN:9920,9925,MQTTV5_SerializeDisconnectWithProperty_CMockStopIgnore
FN:9927,9940,MQTTV5_SerializeDisconnectWithProperty_CMockExpectAnyArgsAndReturn
FN:9942,9956,MQTTV5_SerializeDisconnectWithProperty_CMockExpectAndReturn
FN:9958,9963,MQTTV5_SerializeDisconnectWithProperty_AddCallback
FN:9965,9970,MQTTV5_SerializeDisconnectWithProperty_Stub
FN:9972,9985,MQTTV5_SerializeDisconnectWithProperty_CMockExpectWithArrayAndReturn
FN:9987,9992,MQTTV5_SerializeDisconnectWithProperty_CMockIgnoreArg_pDisconnectInfo
FN:9994,9999,MQTTV5_SerializeDisconnectWithProperty_CMockIgnoreArg_remainingLength
FNDA:0,MQTTV5_SerializeDisconnectWithProperty_CMockIgnoreArg_pFixedBuffer
FNDA:0,MQTTV5_SerializeDisconnectWithProperty_CMockIgnoreArg_sessionExpiry
FNDA:232,mock_core_mqtt_serializer_Verify
FNDA:232,mock_core_mqtt_serializer_Init
FNDA:464,mock_core_mqtt_serializer_Destroy
FNDA:70,MQTT_GetConnectPacketSize
FNDA:0,CMockExpectParameters_MQTT_GetConnectPacketSize
FNDA:20,MQTT_GetConnectPacketSize_CMockIgnoreAndReturn
FNDA:0,MQTT_GetConnectPacketSize_CMockStopIgnore
FNDA:20,MQTT_GetConnectPacketSize_CMockExpectAnyArgsAndReturn
FNDA:0,MQTT_GetConnectPacketSize_CMockExpectAndReturn
FNDA:0,MQTT_GetConnectPacketSize_AddCallback
FNDA:0,MQTT_GetConnectPacketSize_Stub
FNDA:0,MQTT_GetConnectPacketSize_CMockExpectWithArrayAndReturn
FNDA:16,MQTT_GetConnectPacketSize_CMockReturnMemThruPtr_pRemainingLength
FNDA:16,MQTT_GetConnectPacketSize_CMockReturnMemThruPtr_pPacketSize
FNDA:0,MQTT_GetConnectPacketSize_CMockIgnoreArg_pConnectInfo
FNDA:0,MQTT_GetConnectPacketSize_CMockIgnoreArg_pWillInfo
FNDA:14,MQTT_GetConnectPacketSize_CMockIgnoreArg_pRemainingLength
FNDA:14,MQTT_GetConnectPacketSize_CMockIgnoreArg_pPacketSize
FNDA:0,MQTT_SerializeConnect
FNDA:0,CMockExpectParameters_MQTT_SerializeConnect
FNDA:26,MQTT_SerializeConnect_CMockIgnoreAndReturn
FNDA:0,MQTT_SerializeConnect_CMockStopIgnore
FNDA:0,MQTT_SerializeConnect_CMockExpectAnyArgsAndReturn
FNDA:0,MQTT_SerializeConnect_CMockExpectAndReturn
FNDA:0,MQTT_SerializeConnect_AddCallback
FNDA:0,MQTT_SerializeConnect_Stub
FNDA:0,MQTT_SerializeConnect_CMockExpectWithArrayAndReturn
FNDA:0,MQTT_SerializeConnect_CMockIgnoreArg_pConnectInfo
FNDA:0,MQTT_SerializeConnect_CMockIgnoreArg_pWillInfo
FNDA:0,MQTT_SerializeConnect_CMockIgnoreArg_remainingLength
FNDA:0,MQTT_SerializeConnect_CMockIgnoreArg_pFixedBuffer
FNDA:0,MQTTV5_GetSubscribePacketSize
FNDA:0,CMockExpectParameters_MQTTV5_GetSubscribePacketSize
FNDA:0,MQTTV5_GetSubscribePacketSize_CMockIgnoreAndReturn
FNDA:0,MQTTV5_GetSubscribePacketSize_CMockStopIgnore
FNDA:0,MQTTV5_GetSubscribePacketSize_CMockExpectAnyArgsAndReturn
FNDA:0,MQTTV5_GetSubscribePacketSize_CMockExpectAndReturn
FNDA:0,MQTTV5_GetSubscribePacketSize_AddCallback
FNDA:0,MQTTV5_GetSubscribePacketSize_Stub
FNDA:0,MQTTV5_GetSubscribePacketSize_CMockExpectWithArrayAndReturn
FNDA:0,MQTTV5_GetSubscribePacketSize_CMockReturnMemThruPtr_pSubscriptionList
FNDA:0,MQTTV5_GetSubscribePacketSize_CMockReturnMemThruPtr_pSubscribeProperties
FNDA:0,MQTTV5_GetSubscribePacketSize_CMockReturnMemThruPtr_pRemainingLength
FNDA:0,MQTTV5_GetSubscribePacketSize_CMockReturnMemThruPtr_pPacketSize
FNDA:0,MQTTV5_GetSubscribePacketSize_CMockIgnoreArg_pSubscriptionList
FNDA:0,MQTTV5_GetSubscribePacketSize_CMockIgnoreArg_pSubscribeProperties
FNDA:0,MQTTV5_GetSubscribePacketSize_CMockIgnoreArg_subscriptionCount
FNDA:0,MQTTV5_GetSubscribePacketSize_CMockIgnoreArg_pRemainingLength
FNDA:0,MQTTV5_GetSubscribePacketSize_CMockIgnoreArg_pPacketSize
FNDA:16,MQTT_GetSubscribePacketSize
FNDA:0,CMockExpectParameters_MQTT_GetSubscribePacketSize
FNDA:0,MQTT_GetSubscribePacketSize_CMockIgnoreAndReturn
FNDA:0,MQTT_GetSubscribePacketSize_CMockStopIgnore
FNDA:16,MQTT_GetSubscribePacketSize_CMockExpectAnyArgsAndReturn
FNDA:0,MQTT_GetSubscribePacketSize_CMockExpectAndReturn
FNDA:0,MQTT_GetSubscribePacketSize_AddCallback
FNDA:0,MQTT_GetSubscribePacketSize_Stub
FNDA:0,MQTT_GetSubscribePacketSize_CMockExpectWithArrayAndReturn
FNDA:16,MQTT_GetSubscribePacketSize_CMockReturnMemThruPtr_pRemainingLength
FNDA:16,MQTT_GetSubscribePacketSize_CMockReturnMemThruPtr_pPacketSize
FNDA:0,MQTT_GetSubscribePacketSize_CMockIgnoreArg_pSubscriptionList
FNDA:0,MQTT_GetSubscribePacketSize_CMockIgnoreArg_subscriptionCount
FNDA:0,MQTT_GetSubscribePacketSize_CMockIgnoreArg_pRemainingLength
FNDA:0,MQTT_GetSubscribePacketSize_CMockIgnoreArg_pPacketSize
FNDA:0,MQTT_SerializeSubscribe
FNDA:0,CMockExpectParameters_MQTT_SerializeSubscribe
FNDA:0,MQTT_SerializeSubscribe_CMockIgnoreAndReturn
FNDA:0,MQTT_SerializeSubscribe_CMockStopIgnore
FNDA:0,MQTT_SerializeSubscribe_CMockExpectAnyArgsAndReturn
FNDA:0,MQTT_SerializeSubscribe_CMockExpectAndReturn
FNDA:0,MQTT_SerializeSubscribe_AddCallback
FNDA:0,MQTT_SerializeSubscribe_Stub
FNDA:0,MQTT_SerializeSubscribe_CMockExpectWithArrayAndReturn
FNDA:0,MQTT_SerializeSubscribe_CMockIgnoreArg_pSubscriptionList
FNDA:0,MQTT_SerializeSubscribe_CMockIgnoreArg_subscriptionCount
FNDA:0,MQTT_SerializeSubscribe_CMockIgnoreArg_packetId
FNDA:0,MQTT_SerializeSubscribe_CMockIgnoreArg_remainingLength
FNDA:0,MQTT_SerializeSubscribe_CMockIgnoreArg_pFixedBuffer
FNDA:12,MQTT_GetUnsubscribePacketSize
FNDA:0,CMockExpectParameters_MQTT_GetUnsubscribePacketSize
FNDA:0,MQTT_GetUnsubscribePacketSize_CMockIgnoreAndReturn
FNDA:0,MQTT_GetUnsubscribePacketSize_CMockStopIgnore
FNDA:12,MQTT_GetUnsubscribePacketSize_CMockExpectAnyArgsAndReturn
FNDA:0,MQTT_GetUnsubscribePacketSize_CMockExpectAndReturn
FNDA:0,MQTT_GetUnsubscribePacketSize_AddCallback
FNDA:0,MQTT_GetUnsubscribePacketSize_Stub
FNDA:0,MQTT_GetUnsubscribePacketSize_CMockExpectWithArrayAndReturn
FNDA:12,MQTT_GetUnsubscribePacketSize_CMockReturnMemThruPtr_pRemainingLength
FNDA:12,MQTT_GetUnsubscribePacketSize_CMockReturnMemThruPtr_pPacketSize
FNDA:0,MQTT_GetUnsubscribePacketSize_CMockIgnoreArg_pSubscriptionList
FNDA:0,MQTT_GetUnsubscribePacketSize_CMockIgnoreArg_subscriptionCount
FNDA:0,MQTT_GetUnsubscribePacketSize_CMockIgnoreArg_pRemainingLength
FNDA:0,MQTT_GetUnsubscribePacketSize_CMockIgnoreArg_pPacketSize
FNDA:0,MQTT_SerializeUnsubscribe
FNDA:0,CMockExpectParameters_MQTT_SerializeUnsubscribe
FNDA:0,MQTT_SerializeUnsubscribe_CMockIgnoreAndReturn
FNDA:0,MQTT_SerializeUnsubscribe_CMockStopIgnore
FNDA:0,MQTT_SerializeUnsubscribe_CMockExpectAnyArgsAndReturn
FNDA:0,MQTT_SerializeUnsubscribe_CMockExpectAndReturn
FNDA:0,MQTT_SerializeUnsubscribe_AddCallback
FNDA:0,MQTT_SerializeUnsubscribe_Stub
FNDA:0,MQTT_SerializeUnsubscribe_CMockExpectWithArrayAndReturn
FNDA:0,MQTT_SerializeUnsubscribe_CMockIgnoreArg_pSubscriptionList
FNDA:0,MQTT_SerializeUnsubscribe_CMockIgnoreArg_subscriptionCount
FNDA:0,MQTT_SerializeUnsubscribe_CMockIgnoreArg_packetId
FNDA:0,MQTT_SerializeUnsubscribe_CMockIgnoreArg_remainingLength
FNDA:0,MQTT_SerializeUnsubscribe_CMockIgnoreArg_pFixedBuffer
FNDA:28,MQTT_GetPublishPacketSize
FNDA:0,CMockExpectParameters_MQTT_GetPublishPacketSize
FNDA:2,MQTT_GetPublishPacketSize_CMockIgnoreAndReturn
FNDA:0,MQTT_GetPublishPacketSize_CMockStopIgnore
FNDA:26,MQTT_GetPublishPacketSize_CMockExpectAnyArgsAndReturn
FNDA:0,MQTT_GetPublishPacketSize_CMockExpectAndReturn
FNDA:0,MQTT_GetPublishPacketSize_AddCallback
FNDA:0,MQTT_GetPublishPacketSize_Stub
FNDA:0,MQTT_GetPublishPacketSize_CMockExpectWithArrayAndReturn
FNDA:0,MQTT_GetPublishPacketSize_CMockReturnMemThruPtr_pRemainingLength
FNDA:0,MQTT_GetPublishPacketSize_CMockReturnMemThruPtr_pPacketSize
FNDA:0,MQTT_GetPublishPacketSize_CMockIgnoreArg_pPublishInfo
FNDA:0,MQTT_GetPublishPacketSize_CMockIgnoreArg_pRemainingLength
FNDA:0,MQTT_GetPublishPacketSize_CMockIgnoreArg_pPacketSize
FNDA:0,MQTT_SerializePublish
FNDA:0,CMockExpectParameters_MQTT_SerializePublish
FNDA:0,MQTT_SerializePublish_CMockIgnoreAndReturn
FNDA:0,MQTT_SerializePublish_CMockStopIgnore
FNDA:0,MQTT_SerializePublish_CMockExpectAnyArgsAndReturn
FNDA:0,MQTT_SerializePublish_CMockExpectAndReturn
FNDA:0,MQTT_SerializePublish_AddCallback
FNDA:0,MQTT_SerializePublish_Stub
FNDA:0,MQTT_SerializePublish_CMockExpectWithArrayAndReturn
FNDA:0,MQTT_SerializePublish_CMockIgnoreArg_pPublishInfo
FNDA:0,MQTT_SerializePublish_CMockIgnoreArg_packetId
FNDA:0,MQTT_SerializePublish_CMockIgnoreArg_remainingLength
FNDA:0,MQTT_SerializePublish_CMockIgnoreArg_pFixedBuffer
FNDA:26,MQTT_SerializePublishHeaderWithoutTopic
FNDA:0,CMockExpectParameters_MQTT_SerializePublishHeaderWithoutTopic
FNDA:0,MQTT_SerializePublishHeaderWithoutTopic_CMockIgnoreAndReturn
FNDA:0,MQTT_SerializePublishHeaderWithoutTopic_CMockStopIgnore
FNDA:26,MQTT_SerializePublishHeaderWithoutTopic_CMockExpectAnyArgsAndReturn
FNDA:0,MQTT_SerializePublishHeaderWithoutTopic_CMockExpectAndReturn
FNDA:0,MQTT_SerializePublishHeaderWithoutTopic_AddCallback
FNDA:0,MQTT_SerializePublishHeaderWithoutTopic_Stub
FNDA:0,MQTT_SerializePublishHeaderWithoutTopic_CMockExpectWithArrayAndReturn
FNDA:0,MQTT_SerializePublishHeaderWithoutTopic_CMockReturnMemThruPtr_pBuffer
FNDA:2,MQTT_SerializePublishHeaderWithoutTopic_CMockReturnMemThruPtr_headerSize
FNDA:0,MQTT_SerializePublishHeaderWithoutTopic_CMockIgnoreArg_pPublishInfo
FNDA:0,MQTT_SerializePublishHeaderWithoutTopic_CMockIgnoreArg_remainingLength
FNDA:0,MQTT_SerializePublishHeaderWithoutTopic_CMockIgnoreArg_pBuffer
FNDA:0,MQTT_SerializePublishHeaderWithoutTopic_CMockIgnoreArg_headerSize
FNDA:0,MQTT_SerializePublishHeader
FNDA:0,CMockExpectParameters_MQTT_SerializePublishHeader
FNDA:0,MQTT_SerializePublishHeader_CMockIgnoreAndReturn
FNDA:0,MQTT_SerializePublishHeader_CMockStopIgnore
FNDA:0,MQTT_SerializePublishHeader_CMockExpectAnyArgsAndReturn
FNDA:0,MQTT_SerializePublishHeader_CMockExpectAndReturn
FNDA:0,MQTT_SerializePublishHeader_AddCallback
FNDA:0,MQTT_SerializePublishHeader_Stub
FNDA:0,MQTT_SerializePublishHeader_CMockExpectWithArrayAndReturn
FNDA:0,MQTT_SerializePublishHeader_CMockReturnMemThruPtr_pHeaderSize
FNDA:0,MQTT_SerializePublishHeader_CMockIgnoreArg_pPublishInfo
FNDA:0,MQTT_SerializePublishHeader_CMockIgnoreArg_packetId
FNDA:0,MQTT_SerializePublishHeader_CMockIgnoreArg_remainingLength
FNDA:0,MQTT_SerializePublishHeader_CMockIgnoreArg_pFixedBuffer
FNDA:0,MQTT_SerializePublishHeader_CMockIgnoreArg_pHeaderSize
FNDA:36,MQTT_SerializeAck
FNDA:0,CMockExpectParameters_MQTT_SerializeAck
FNDA:0,MQTT_SerializeAck_CMockIgnoreAndReturn
FNDA:0,MQTT_SerializeAck_CMockStopIgnore
FNDA:36,MQTT_SerializeAck_CMockExpectAnyArgsAndReturn
FNDA:0,MQTT_SerializeAck_CMockExpectAndReturn
FNDA:0,MQTT_SerializeAck_AddCallback
FNDA:0,MQTT_SerializeAck_Stub
FNDA:0,MQTT_SerializeAck_CMockExpectWithArrayAndReturn
FNDA:0,MQTT_SerializeAck_CMockIgnoreArg_pFixedBuffer
FNDA:0,MQTT_SerializeAck_CMockIgnoreArg_packetType
FNDA:0,MQTT_SerializeAck_CMockIgnoreArg_packetId
FNDA:6,MQTT_GetDisconnectPacketSize
FNDA:0,CMockExpectParameters_MQTT_GetDisconnectPacketSize
FNDA:0,MQTT_GetDisconnectPacketSize_CMockIgnoreAndReturn
FNDA:0,MQTT_GetDisconnectPacketSize_CMockStopIgnore
FNDA:6,MQTT_GetDisconnectPacketSize_CMockExpectAnyArgsAndReturn
FNDA:0,MQTT_GetDisconnectPacketSize_CMockExpectAndReturn
FNDA:0,MQTT_GetDisconnectPacketSize_AddCallback
FNDA:0,MQTT_GetDisconnectPacketSize_Stub
FNDA:0,MQTT_GetDisconnectPacketSize_CMockExpectWithArrayAndReturn
FNDA:6,MQTT_GetDisconnectPacketSize_CMockReturnMemThruPtr_pPacketSize
FNDA:0,MQTT_GetDisconnectPacketSize_CMockIgnoreArg_pPacketSize
FNDA:6,MQTT_SerializeDisconnect
FNDA:0,CMockExpectParameters_MQTT_SerializeDisconnect
FNDA:0,MQTT_SerializeDisconnect_CMockIgnoreAndReturn
FNDA:0,MQTT_SerializeDisconnect_CMockStopIgnore
FNDA:6,MQTT_SerializeDisconnect_CMockExpectAnyArgsAndReturn
FNDA:0,MQTT_SerializeDisconnect_CMockExpectAndReturn
FNDA:0,MQTT_SerializeDisconnect_AddCallback
FNDA:2,MQTT_SerializeDisconnect_Stub
FNDA:0,MQTT_SerializeDisconnect_CMockExpectWithArrayAndReturn
FNDA:0,MQTT_SerializeDisconnect_CMockIgnoreArg_pFixedBuffer
FNDA:14,MQTT_GetPingreqPacketSize
FNDA:0,CMockExpectParameters_MQTT_GetPingreqPacketSize
FNDA:0,MQTT_GetPingreqPacketSize_CMockIgnoreAndReturn
FNDA:0,MQTT_GetPingreqPacketSize_CMockStopIgnore
FNDA:14,MQTT_GetPingreqPacketSize_CMockExpectAnyArgsAndReturn
FNDA:0,MQTT_GetPingreqPacketSize_CMockExpectAndReturn
FNDA:0,MQTT_GetPingreqPacketSize_AddCallback
FNDA:0,MQTT_GetPingreqPacketSize_Stub
FNDA:0,MQTT_GetPingreqPacketSize_CMockExpectWithArrayAndReturn
FNDA:10,MQTT_GetPingreqPacketSize_CMockReturnMemThruPtr_pPacketSize
FNDA:0,MQTT_GetPingreqPacketSize_CMockIgnoreArg_pPacketSize
FNDA:12,MQTT_SerializePingreq
FNDA:0,CMockExpectParameters_MQTT_SerializePingreq
FNDA:0,MQTT_SerializePingreq_CMockIgnoreAndReturn
FNDA:0,MQTT_SerializePingreq_CMockStopIgnore
FNDA:12,MQTT_SerializePingreq_CMockExpectAnyArgsAndReturn
FNDA:0,MQTT_SerializePingreq_CMockExpectAndReturn
FNDA:0,MQTT_SerializePingreq_AddCallback
FNDA:0,MQTT_SerializePingreq_Stub
FNDA:0,MQTT_SerializePingreq_CMockExpectWithArrayAndReturn
FNDA:0,MQTT_SerializePingreq_CMockIgnoreArg_pFixedBuffer
FNDA:22,MQTT_DeserializePublish
FNDA:0,CMockExpectParameters_MQTT_DeserializePublish
FNDA:0,MQTT_DeserializePublish_CMockIgnoreAndReturn
FNDA:0,MQTT_DeserializePublish_CMockStopIgnore
FNDA:22,MQTT_DeserializePublish_CMockExpectAnyArgsAndReturn
FNDA:0,MQTT_DeserializePublish_CMockExpectAndReturn
FNDA:0,MQTT_DeserializePublish_AddCallback
FNDA:0,MQTT_DeserializePublish_Stub
FNDA:0,MQTT_DeserializePublish_CMockExpectWithArrayAndReturn
FNDA:0,MQTT_DeserializePublish_CMockReturnMemThruPtr_pPacketId
FNDA:8,MQTT_DeserializePublish_CMockReturnMemThruPtr_pPublishInfo
FNDA:0,MQTT_DeserializePublish_CMockIgnoreArg_pIncomingPacket
FNDA:0,MQTT_DeserializePublish_CMockIgnoreArg_pPacketId
FNDA:0,MQTT_DeserializePublish_CMockIgnoreArg_pPublishInfo
FNDA:68,MQTT_DeserializeAck
FNDA:0,CMockExpectParameters_MQTT_DeserializeAck
FNDA:6,MQTT_DeserializeAck_CMockIgnoreAndReturn
FNDA:0,MQTT_DeserializeAck_CMockStopIgnore
FNDA:62,MQTT_DeserializeAck_CMockExpectAnyArgsAndReturn
FNDA:0,MQTT_DeserializeAck_CMockExpectAndReturn
FNDA:0,MQTT_DeserializeAck_AddCallback
FNDA:0,MQTT_DeserializeAck_Stub
FNDA:0,MQTT_DeserializeAck_CMockExpectWithArrayAndReturn
FNDA:0,MQTT_DeserializeAck_CMockReturnMemThruPtr_pPacketId
FNDA:16,MQTT_DeserializeAck_CMockReturnMemThruPtr_pSessionPresent
FNDA:0,MQTT_DeserializeAck_CMockIgnoreArg_pIncomingPacket
FNDA:0,MQTT_DeserializeAck_CMockIgnoreArg_pPacketId
FNDA:0,MQTT_DeserializeAck_CMockIgnoreArg_pSessionPresent
FNDA:62,MQTT_GetIncomingPacketTypeAndLength
FNDA:0,CMockExpectParameters_MQTT_GetIncomingPacketTypeAndLength
FNDA:0,MQTT_GetIncomingPacketTypeAndLength_CMockIgnoreAndReturn
FNDA:0,MQTT_GetIncomingPacketTypeAndLength_CMockStopIgnore
FNDA:62,MQTT_GetIncomingPacketTypeAndLength_CMockExpectAnyArgsAndReturn
FNDA:0,MQTT_GetIncomingPacketTypeAndLength_CMockExpectAndReturn
FNDA:0,MQTT_GetIncomingPacketTypeAndLength_AddCallback
FNDA:0,MQTT_GetIncomingPacketTypeAndLength_Stub
FNDA:0,MQTT_GetIncomingPacketTypeAndLength_CMockExpectWithArrayAndReturn
FNDA:0,MQTT_GetIncomingPacketTypeAndLength_CMockReturnMemThruPtr_pNetworkContext
FNDA:46,MQTT_GetIncomingPacketTypeAndLength_CMockReturnMemThruPtr_pIncomingPacket
FNDA:0,MQTT_GetIncomingPacketTypeAndLength_CMockIgnoreArg_readFunc
FNDA:0,MQTT_GetIncomingPacketTypeAndLength_CMockIgnoreArg_pNetworkContext
FNDA:0,MQTT_GetIncomingPacketTypeAndLength_CMockIgnoreArg_pIncomingPacket
FNDA:80,MQTT_ProcessIncomingPacketTypeAndLength
FNDA:0,CMockExpectParameters_MQTT_ProcessIncomingPacketTypeAndLength
FNDA:0,MQTT_ProcessIncomingPacketTypeAndLength_CMockIgnoreAndReturn
FNDA:0,MQTT_ProcessIncomingPacketTypeAndLength_CMockStopIgnore
FNDA:80,MQTT_ProcessIncomingPacketTypeAndLength_CMockExpectAnyArgsAndReturn
FNDA:0,MQTT_ProcessIncomingPacketTypeAndLength_CMockExpectAndReturn
FNDA:0,MQTT_ProcessIncomingPacketTypeAndLength_AddCallback
FNDA:0,MQTT_ProcessIncomingPacketTypeAndLength_Stub
FNDA:0,MQTT_ProcessIncomingPacketTypeAndLength_CMockExpectWithArrayAndReturn
FNDA:76,MQTT_ProcessIncomingPacketTypeAndLength_CMockReturnMemThruPtr_pIncomingPacket
FNDA:0,MQTT_ProcessIncomingPacketTypeAndLength_CMockIgnoreArg_pBuffer
FNDA:0,MQTT_ProcessIncomingPacketTypeAndLength_CMockIgnoreArg_pIndex
FNDA:0,MQTT_ProcessIncomingPacketTypeAndLength_CMockIgnoreArg_pIncomingPacket
FNDA:66,MQTT_SerializeConnectFixedHeader
FNDA:0,CMockExpectParameters_MQTT_SerializeConnectFixedHeader
FNDA:0,MQTT_SerializeConnectFixedHeader_CMockIgnoreAndReturn
FNDA:0,MQTT_SerializeConnectFixedHeader_CMockStopIgnore
FNDA:0,MQTT_SerializeConnectFixedHeader_CMockExpectAnyArgsAndReturn
FNDA:0,MQTT_SerializeConnectFixedHeader_CMockExpectAndReturn
FNDA:0,MQTT_SerializeConnectFixedHeader_AddCallback
FNDA:38,MQTT_SerializeConnectFixedHeader_Stub
FNDA:0,MQTT_SerializeConnectFixedHeader_CMockExpectWithArrayAndReturn
FNDA:0,MQTT_SerializeConnectFixedHeader_CMockReturnMemThruPtr_pIndex
FNDA:0,MQTT_SerializeConnectFixedHeader_CMockIgnoreArg_pIndex
FNDA:0,MQTT_SerializeConnectFixedHeader_CMockIgnoreArg_pConnectInfo
FNDA:0,MQTT_SerializeConnectFixedHeader_CMockIgnoreArg_pWillInfo
FNDA:0,MQTT_SerializeConnectFixedHeader_CMockIgnoreArg_remainingLength
FNDA:16,MQTT_SerializeSubscribeHeader
FNDA:0,CMockExpectParameters_MQTT_SerializeSubscribeHeader
FNDA:0,MQTT_SerializeSubscribeHeader_CMockIgnoreAndReturn
FNDA:0,MQTT_SerializeSubscribeHeader_CMockStopIgnore
FNDA:0,MQTT_SerializeSubscribeHeader_CMockExpectAnyArgsAndReturn
FNDA:0,MQTT_SerializeSubscribeHeader_CMockExpectAndReturn
FNDA:0,MQTT_SerializeSubscribeHeader_AddCallback
FNDA:16,MQTT_SerializeSubscribeHeader_Stub
FNDA:0,MQTT_SerializeSubscribeHeader_CMockExpectWithArrayAndReturn
FNDA:0,MQTT_SerializeSubscribeHeader_CMockReturnMemThruPtr_pIndex
FNDA:0,MQTT_SerializeSubscribeHeader_CMockIgnoreArg_remainingLength
FNDA:0,MQTT_SerializeSubscribeHeader_CMockIgnoreArg_pIndex
FNDA:0,MQTT_SerializeSubscribeHeader_CMockIgnoreArg_packetId
FNDA:12,MQTT_SerializeUnsubscribeHeader
FNDA:0,CMockExpectParameters_MQTT_SerializeUnsubscribeHeader
FNDA:0,MQTT_SerializeUnsubscribeHeader_CMockIgnoreAndReturn
FNDA:0,MQTT_SerializeUnsubscribeHeader_CMockStopIgnore
FNDA:0,MQTT_SerializeUnsubscribeHeader_CMockExpectAnyArgsAndReturn
FNDA:0,MQTT_SerializeUnsubscribeHeader_CMockExpectAndReturn
FNDA:0,MQTT_SerializeUnsubscribeHeader_AddCallback
FNDA:12,MQTT_SerializeUnsubscribeHeader_Stub
FNDA:0,MQTT_SerializeUnsubscribeHeader_CMockExpectWithArrayAndReturn
FNDA:0,MQTT_SerializeUnsubscribeHeader_CMockReturnMemThruPtr_pIndex
FNDA:0,MQTT_SerializeUnsubscribeHeader_CMockIgnoreArg_remainingLength
FNDA:0,MQTT_SerializeUnsubscribeHeader_CMockIgnoreArg_pIndex
FNDA:0,MQTT_SerializeUnsubscribeHeader_CMockIgnoreArg_packetId
FNDA:0,MQTTV5_SerializeConnectProperties
FNDA:0,CMockExpectParameters_MQTTV5_SerializeConnectProperties
FNDA:0,MQTTV5_SerializeConnectProperties_CMockIgnoreAndReturn
FNDA:0,MQTTV5_SerializeConnectProperties_CMockStopIgnore
FNDA:0,MQTTV5_SerializeConnectProperties_CMockExpectAnyArgsAndReturn
FNDA:0,MQTTV5_SerializeConnectProperties_CMockExpectAndReturn
FNDA:0,MQTTV5_SerializeConnectProperties_AddCallback
FNDA:0,MQTTV5_SerializeConnectProperties_Stub
FNDA:0,MQTTV5_SerializeConnectProperties_CMockExpectWithArrayAndReturn
FNDA:0,MQTTV5_SerializeConnectProperties_CMockReturnMemThruPtr_pIndex
FNDA:0,MQTTV5_SerializeConnectProperties_CMockIgnoreArg_pIndex
FNDA:0,MQTTV5_SerializeConnectProperties_CMockIgnoreArg_pConnectProperties
FNDA:0,MQTT_SerializePublishProperties
FNDA:0,CMockExpectParameters_MQTT_SerializePublishProperties
FNDA:0,MQTT_SerializePublishProperties_CMockIgnoreAndReturn
FNDA:0,MQTT_SerializePublishProperties_CMockStopIgnore
FNDA:0,MQTT_SerializePublishProperties_CMockExpectAnyArgsAndReturn
FNDA:0,MQTT_SerializePublishProperties_CMockExpectAndReturn
FNDA:0,MQTT_SerializePublishProperties_AddCallback
FNDA:0,MQTT_SerializePublishProperties_Stub
FNDA:0,MQTT_SerializePublishProperties_CMockExpectWithArrayAndReturn
FNDA:0,MQTT_SerializePublishProperties_CMockReturnMemThruPtr_pIndex
FNDA:0,MQTT_SerializePublishProperties_CMockIgnoreArg_pPublishInfo
FNDA:0,MQTT_SerializePublishProperties_CMockIgnoreArg_pIndex
FNDA:0,MQTTV5_DeserializeConnack
FNDA:0,CMockExpectParameters_MQTTV5_DeserializeConnack
FNDA:0,MQTTV5_DeserializeConnack_CMockIgnoreAndReturn
FNDA:0,MQTTV5_DeserializeConnack_CMockStopIgnore
FNDA:0,MQTTV5_DeserializeConnack_CMockExpectAnyArgsAndReturn
FNDA:0,MQTTV5_DeserializeConnack_CMockExpectAndReturn
FNDA:0,MQTTV5_DeserializeConnack_AddCallback
FNDA:0,MQTTV5_DeserializeConnack_Stub
FNDA:0,MQTTV5_DeserializeConnack_CMockExpectWithArrayAndReturn
FNDA:0,MQTTV5_DeserializeConnack_CMockReturnMemThruPtr_pConnackProperties
FNDA:0,MQTTV5_DeserializeConnack_CMockReturnMemThruPtr_pSessionPresent
FNDA:0,MQTTV5_DeserializeConnack_CMockIgnoreArg_pConnackProperties
FNDA:0,MQTTV5_DeserializeConnack_CMockIgnoreArg_pIncomingPacket
FNDA:0,MQTTV5_DeserializeConnack_CMockIgnoreArg_pSessionPresent
FNDA:0,MQTTV5_InitConnect
FNDA:0,CMockExpectParameters_MQTTV5_InitConnect
FNDA:0,MQTTV5_InitConnect_CMockIgnoreAndReturn
FNDA:0,MQTTV5_InitConnect_CMockStopIgnore
FNDA:0,MQTTV5_InitConnect_CMockExpectAnyArgsAndReturn
FNDA:0,MQTTV5_InitConnect_CMockExpectAndReturn
FNDA:0,MQTTV5_InitConnect_AddCallback
FNDA:0,MQTTV5_InitConnect_Stub
FNDA:0,MQTTV5_InitConnect_CMockExpectWithArrayAndReturn
FNDA:0,MQTTV5_InitConnect_CMockReturnMemThruPtr_pConnectProperties
FNDA:0,MQTTV5_InitConnect_CMockIgnoreArg_pConnectProperties
FNDA:0,MQTTV5_GetConnectPacketSize
FNDA:0,CMockExpectParameters_MQTTV5_GetConnectPacketSize
FNDA:0,MQTTV5_GetConnectPacketSize_CMockIgnoreAndReturn
FNDA:0,MQTTV5_GetConnectPacketSize_CMockStopIgnore
FNDA:0,MQTTV5_GetConnectPacketSize_CMockExpectAnyArgsAndReturn
FNDA:0,MQTTV5_GetConnectPacketSize_CMockExpectAndReturn
FNDA:0,MQTTV5_GetConnectPacketSize_AddCallback
FNDA:0,MQTTV5_GetConnectPacketSize_Stub
FNDA:0,MQTTV5_GetConnectPacketSize_CMockExpectWithArrayAndReturn
FNDA:0,MQTTV5_GetConnectPacketSize_CMockReturnMemThruPtr_pWillInfo
FNDA:0,MQTTV5_GetConnectPacketSize_CMockReturnMemThruPtr_pConnectProperties
FNDA:0,MQTTV5_GetConnectPacketSize_CMockReturnMemThruPtr_pRemainingLength
FNDA:0,MQTTV5_GetConnectPacketSize_CMockReturnMemThruPtr_pPacketSize
FNDA:0,MQTTV5_GetConnectPacketSize_CMockIgnoreArg_pConnectInfo
FNDA:0,MQTTV5_GetConnectPacketSize_CMockIgnoreArg_pWillInfo
FNDA:0,MQTTV5_GetConnectPacketSize_CMockIgnoreArg_pConnectProperties
FNDA:0,MQTTV5_GetConnectPacketSize_CMockIgnoreArg_pRemainingLength
FNDA:0,MQTTV5_GetConnectPacketSize_CMockIgnoreArg_pPacketSize
FNDA:0,MQTTV5_SerializeConnect
FNDA:0,CMockExpectParameters_MQTTV5_SerializeConnect
FNDA:0,MQTTV5_SerializeConnect_CMockIgnoreAndReturn
FNDA:0,MQTTV5_SerializeConnect_CMockStopIgnore
FNDA:0,MQTTV5_SerializeConnect_CMockExpectAnyArgsAndReturn
FNDA:0,MQTTV5_SerializeConnect_CMockExpectAndReturn
FNDA:0,MQTTV5_SerializeConnect_AddCallback
FNDA:0,MQTTV5_SerializeConnect_Stub
FNDA:0,MQTTV5_SerializeConnect_CMockExpectWithArrayAndReturn
FNDA:0,MQTTV5_SerializeConnect_CMockIgnoreArg_pConnectInfo
FNDA:0,MQTTV5_SerializeConnect_CMockIgnoreArg_pWillInfo
FNDA:0,MQTTV5_SerializeConnect_CMockIgnoreArg_pConnectProperties
FNDA:0,MQTTV5_SerializeConnect_CMockIgnoreArg_remainingLength
FNDA:0,MQTTV5_SerializeConnect_CMockIgnoreArg_pFixedBuffer
FNDA:0,MQTTV5_ValidatePublishParams
FNDA:0,CMockExpectParameters_MQTTV5_ValidatePublishParams
FNDA:0,MQTTV5_ValidatePublishParams_CMockIgnoreAndReturn
FNDA:0,MQTTV5_ValidatePublishParams_CMockStopIgnore
FNDA:0,MQTTV5_ValidatePublishParams_CMockExpectAnyArgsAndReturn
FNDA:0,MQTTV5_ValidatePublishParams_CMockExpectAndReturn
FNDA:0,MQTTV5_ValidatePublishParams_AddCallback
FNDA:0,MQTTV5_ValidatePublishParams_Stub
FNDA:0,MQTTV5_ValidatePublishParams_CMockExpectWithArrayAndReturn
FNDA:0,MQTTV5_ValidatePublishParams_CMockIgnoreArg_pPublishInfo
FNDA:0,MQTTV5_ValidatePublishParams_CMockIgnoreArg_topicAliasMax
FNDA:0,MQTTV5_ValidatePublishParams_CMockIgnoreArg_retainAvailable
FNDA:0,MQTTV5_ValidatePublishParams_CMockIgnoreArg_maxQos
FNDA:0,MQTTV5_GetPublishPacketSize
FNDA:0,CMockExpectParameters_MQTTV5_GetPublishPacketSize
FNDA:0,MQTTV5_GetPublishPacketSize_CMockIgnoreAndReturn
FNDA:0,MQTTV5_GetPublishPacketSize_CMockStopIgnore
FNDA:0,MQTTV5_GetPublishPacketSize_CMockExpectAnyArgsAndReturn
FNDA:0,MQTTV5_GetPublishPacketSize_CMockExpectAndReturn
FNDA:0,MQTTV5_GetPublishPacketSize_AddCallback
FNDA:0,MQTTV5_GetPublishPacketSize_Stub
FNDA:0,MQTTV5_GetPublishPacketSize_CMockExpectWithArrayAndReturn
FNDA:0,MQTTV5_GetPublishPacketSize_CMockReturnMemThruPtr_pPublishInfo
FNDA:0,MQTTV5_GetPublishPacketSize_CMockReturnMemThruPtr_pRemainingLength
FNDA:0,MQTTV5_GetPublishPacketSize_CMockReturnMemThruPtr_pPacketSize
FNDA:0,MQTTV5_GetPublishPacketSize_CMockIgnoreArg_pPublishInfo
FNDA:0,MQTTV5_GetPublishPacketSize_CMockIgnoreArg_pRemainingLength
FNDA:0,MQTTV5_GetPublishPacketSize_CMockIgnoreArg_pPacketSize
FNDA:0,MQTTV5_GetPublishPacketSize_CMockIgnoreArg_maxPacketSize
FNDA:0,MQTTV5_DeserializeAck
FNDA:0,CMockExpectParameters_MQTTV5_DeserializeAck
FNDA:0,MQTTV5_DeserializeAck_CMockIgnoreAndReturn
FNDA:0,MQTTV5_DeserializeAck_CMockStopIgnore
FNDA:0,MQTTV5_DeserializeAck_CMockExpectAnyArgsAndReturn
FNDA:0,MQTTV5_DeserializeAck_CMockExpectAndReturn
FNDA:0,MQTTV5_DeserializeAck_AddCallback
FNDA:0,MQTTV5_DeserializeAck_Stub
FNDA:0,MQTTV5_DeserializeAck_CMockExpectWithArrayAndReturn
FNDA:0,MQTTV5_DeserializeAck_CMockReturnMemThruPtr_pPacketId
FNDA:0,MQTTV5_DeserializeAck_CMockReturnMemThruPtr_pAckInfo
FNDA:0,MQTTV5_DeserializeAck_CMockIgnoreArg_pIncomingPacket
FNDA:0,MQTTV5_DeserializeAck_CMockIgnoreArg_pPacketId
FNDA:0,MQTTV5_DeserializeAck_CMockIgnoreArg_pAckInfo
FNDA:0,MQTTV5_DeserializeAck_CMockIgnoreArg_requestProblem
FNDA:0,MQTTV5_DeserializeAck_CMockIgnoreArg_maxPacketSize
FNDA:0,MQTTV5_GetAckPacketSize
FNDA:0,CMockExpectParameters_MQTTV5_GetAckPacketSize
FNDA:0,MQTTV5_GetAckPacketSize_CMockIgnoreAndReturn
FNDA:0,MQTTV5_GetAckPacketSize_CMockStopIgnore
FNDA:0,MQTTV5_GetAckPacketSize_CMockExpectAnyArgsAndReturn
FNDA:0,MQTTV5_GetAckPacketSize_CMockExpectAndReturn
FNDA:0,MQTTV5_GetAckPacketSize_AddCallback
FNDA:0,MQTTV5_GetAckPacketSize_Stub
FNDA:0,MQTTV5_GetAckPacketSize_CMockExpectWithArrayAndReturn
FNDA:0,MQTTV5_GetAckPacketSize_CMockReturnMemThruPtr_pAckInfo
FNDA:0,MQTTV5_GetAckPacketSize_CMockReturnMemThruPtr_pRemainingLength
FNDA:0,MQTTV5_GetAckPacketSize_CMockReturnMemThruPtr_pPacketSize
FNDA:0,MQTTV5_GetAckPacketSize_CMockIgnoreArg_pAckInfo
FNDA:0,MQTTV5_GetAckPacketSize_CMockIgnoreArg_pRemainingLength
FNDA:0,MQTTV5_GetAckPacketSize_CMockIgnoreArg_pPacketSize
FNDA:0,MQTTV5_GetAckPacketSize_CMockIgnoreArg_maxPacketSize
FNDA:0,MQTTV5_SerializeAckFixed
FNDA:0,CMockExpectParameters_MQTTV5_SerializeAckFixed
FNDA:0,MQTTV5_SerializeAckFixed_CMockIgnoreAndReturn
FNDA:0,MQTTV5_SerializeAckFixed_CMockStopIgnore
FNDA:0,MQTTV5_SerializeAckFixed_CMockExpectAnyArgsAndReturn
FNDA:0,MQTTV5_SerializeAckFixed_CMockExpectAndReturn
FNDA:0,MQTTV5_SerializeAckFixed_AddCallback
FNDA:0,MQTTV5_SerializeAckFixed_Stub
FNDA:0,MQTTV5_SerializeAckFixed_CMockExpectWithArrayAndReturn
FNDA:0,MQTTV5_SerializeAckFixed_CMockReturnMemThruPtr_pIndex
FNDA:0,MQTTV5_SerializeAckFixed_CMockIgnoreArg_pIndex
FNDA:0,MQTTV5_SerializeAckFixed_CMockIgnoreArg_packetType
FNDA:0,MQTTV5_SerializeAckFixed_CMockIgnoreArg_packetId
FNDA:0,MQTTV5_SerializeAckFixed_CMockIgnoreArg_remainingLength
FNDA:0,MQTTV5_SerializeAckFixed_CMockIgnoreArg_propertyLength
FNDA:0,MQTTV5_SerializePubAckWithProperty
FNDA:0,CMockExpectParameters_MQTTV5_SerializePubAckWithProperty
FNDA:0,MQTTV5_SerializePubAckWithProperty_CMockIgnoreAndReturn
FNDA:0,MQTTV5_SerializePubAckWithProperty_CMockStopIgnore
FNDA:0,MQTTV5_SerializePubAckWithProperty_CMockExpectAnyArgsAndReturn
FNDA:0,MQTTV5_SerializePubAckWithProperty_CMockExpectAndReturn
FNDA:0,MQTTV5_SerializePubAckWithProperty_AddCallback
FNDA:0,MQTTV5_SerializePubAckWithProperty_Stub
FNDA:0,MQTTV5_SerializePubAckWithProperty_CMockExpectWithArrayAndReturn
FNDA:0,MQTTV5_SerializePubAckWithProperty_CMockIgnoreArg_pAckInfo
FNDA:0,MQTTV5_SerializePubAckWithProperty_CMockIgnoreArg_remainingLength
FNDA:0,MQTTV5_SerializePubAckWithProperty_CMockIgnoreArg_pFixedBuffer
FNDA:0,MQTTV5_SerializePubAckWithProperty_CMockIgnoreArg_packetType
FNDA:0,MQTTV5_SerializePubAckWithProperty_CMockIgnoreArg_packetId
FNDA:0,MQTTV5_GetDisconnectPacketSize
FNDA:0,CMockExpectParameters_MQTTV5_GetDisconnectPacketSize
FNDA:0,MQTTV5_GetDisconnectPacketSize_CMockIgnoreAndReturn
FNDA:0,MQTTV5_GetDisconnectPacketSize_CMockStopIgnore
FNDA:0,MQTTV5_GetDisconnectPacketSize_CMockExpectAnyArgsAndReturn
FNDA:0,MQTTV5_GetDisconnectPacketSize_CMockExpectAndReturn
FNDA:0,MQTTV5_GetDisconnectPacketSize_AddCallback
FNDA:0,MQTTV5_GetDisconnectPacketSize_Stub
FNDA:0,MQTTV5_GetDisconnectPacketSize_CMockExpectWithArrayAndReturn
FNDA:0,MQTTV5_GetDisconnectPacketSize_CMockReturnMemThruPtr_pDisconnectInfo
FNDA:0,MQTTV5_GetDisconnectPacketSize_CMockReturnMemThruPtr_pRemainingLength
FNDA:0,MQTTV5_GetDisconnectPacketSize_CMockReturnMemThruPtr_pPacketSize
FNDA:0,MQTTV5_GetDisconnectPacketSize_CMockIgnoreArg_pDisconnectInfo
FNDA:0,MQTTV5_GetDisconnectPacketSize_CMockIgnoreArg_pRemainingLength
FNDA:0,MQTTV5_GetDisconnectPacketSize_CMockIgnoreArg_pPacketSize
FNDA:0,MQTTV5_GetDisconnectPacketSize_CMockIgnoreArg_maxPacketSize
FNDA:0,MQTTV5_GetDisconnectPacketSize_CMockIgnoreArg_sessionExpiry
FNDA:0,MQTTV5_GetDisconnectPacketSize_CMockIgnoreArg_prevSessionExpiry
FNDA:0,MQTTV5_SerializeDisconnectFixed
FNDA:0,CMockExpectParameters_MQTTV5_SerializeDisconnectFixed
FNDA:0,MQTTV5_SerializeDisconnectFixed_CMockIgnoreAndReturn
FNDA:0,MQTTV5_SerializeDisconnectFixed_CMockStopIgnore
FNDA:0,MQTTV5_SerializeDisconnectFixed_CMockExpectAnyArgsAndReturn
FNDA:0,MQTTV5_SerializeDisconnectFixed_CMockExpectAndReturn
FNDA:0,MQTTV5_SerializeDisconnectFixed_AddCallback
FNDA:0,MQTTV5_SerializeDisconnectFixed_Stub
FNDA:0,MQTTV5_SerializeDisconnectFixed_CMockExpectWithArrayAndReturn
FNDA:0,MQTTV5_SerializeDisconnectFixed_CMockReturnMemThruPtr_pIndex
FNDA:0,MQTTV5_SerializeDisconnectFixed_CMockIgnoreArg_pIndex
FNDA:0,MQTTV5_SerializeDisconnectFixed_CMockIgnoreArg_pDisconnectInfo
FNDA:0,MQTTV5_SerializeDisconnectFixed_CMockIgnoreArg_remainingLength
FNDA:0,MQTTV5_SerializeDisconnectFixed_CMockIgnoreArg_sessionExpiry
FNDA:0,MQTTV5_DeserializeDisconnect
FNDA:0,CMockExpectParameters_MQTTV5_DeserializeDisconnect
FNDA:0,MQTTV5_DeserializeDisconnect_CMockIgnoreAndReturn
FNDA:0,MQTTV5_DeserializeDisconnect_CMockStopIgnore
FNDA:0,MQTTV5_DeserializeDisconnect_CMockExpectAnyArgsAndReturn
FNDA:0,MQTTV5_DeserializeDisconnect_CMockExpectAndReturn
FNDA:0,MQTTV5_DeserializeDisconnect_AddCallback
FNDA:0,MQTTV5_DeserializeDisconnect_Stub
FNDA:0,MQTTV5_DeserializeDisconnect_CMockExpectWithArrayAndReturn
FNDA:0,MQTTV5_DeserializeDisconnect_CMockReturnMemThruPtr_pDisconnectInfo
FNDA:0,MQTTV5_DeserializeDisconnect_CMockReturnMemThruPtr_pServerRef
FNDA:0,MQTTV5_DeserializeDisconnect_CMockReturnMemThruPtr_pServerRefLength
FNDA:0,MQTTV5_DeserializeDisconnect_CMockIgnoreArg_pPacket
FNDA:0,MQTTV5_DeserializeDisconnect_CMockIgnoreArg_pDisconnectInfo
FNDA:0,MQTTV5_DeserializeDisconnect_CMockIgnoreArg_pServerRef
FNDA:0,MQTTV5_DeserializeDisconnect_CMockIgnoreArg_pServerRefLength
FNDA:0,MQTTV5_DeserializeDisconnect_CMockIgnoreArg_maxPacketSize
FNDA:0,MQTTV5_SerializeDisconnectWithProperty
FNDA:0,CMockExpectParameters_MQTTV5_SerializeDisconnectWithProperty
FNDA:0,MQTTV5_SerializeDisconnectWithProperty_CMockIgnoreAndReturn
FNDA:0,MQTTV5_SerializeDisconnectWithProperty_CMockStopIgnore
FNDA:0,MQTTV5_SerializeDisconnectWithProperty_CMockExpectAnyArgsAndReturn
FNDA:0,MQTTV5_SerializeDisconnectWithProperty_CMockExpectAndReturn
FNDA:0,MQTTV5_SerializeDisconnectWithProperty_AddCallback
FNDA:0,MQTTV5_SerializeDisconnectWithProperty_Stub
FNDA:0,MQTTV5_SerializeDisconnectWithProperty_CMockExpectWithArrayAndReturn
FNDA:0,MQTTV5_SerializeDisconnectWithProperty_CMockIgnoreArg_pDisconnectInfo
FNDA:0,MQTTV5_SerializeDisconnectWithProperty_CMockIgnoreArg_remainingLength
FNF:546
FNH:57
BRDA:1213,0,0,20
BRDA:1213,0,1,212
BRDA:1215,0,0,0
BRDA:1215,0,1,232
BRDA:1220,0,0,0
BRDA:1220,0,1,232
BRDA:1226,0,0,26
BRDA:1226,0,1,206
BRDA:1228,0,0,0
BRDA:1228,0,1,232
BRDA:1233,0,0,0
BRDA:1233,0,1,232
BRDA:1239,0,0,0
BRDA:1239,0,1,232
BRDA:1241,0,0,0
BRDA:1241,0,1,232
BRDA:1246,0,0,0
BRDA:1246,0,1,232
BRDA:1252,0,0,0
BRDA:1252,0,1,232
BRDA:1254,0,0,0
BRDA:1254,0,1,232
BRDA:1259,0,0,0
BRDA:1259,0,1,232
BRDA:1265,0,0,0
BRDA:1265,0,1,232
BRDA:1267,0,0,0
BRDA:1267,0,1,232
BRDA:1272,0,0,0
BRDA:1272,0,1,232
BRDA:1278,0,0,0
BRDA:1278,0,1,232
BRDA:1280,0,0,0
BRDA:1280,0,1,232
BRDA:1285,0,0,0
BRDA:1285,0,1,232
BRDA:1291,0,0,0
BRDA:1291,0,1,232
BRDA:1293,0,0,0
BRDA:1293,0,1,232
BRDA:1298,0,0,0
BRDA:1298,0,1,232
BRDA:1304,0,0,2
BRDA:1304,0,1,230
BRDA:1306,0,0,0
BRDA:1306,0,1,232
BRDA:1311,0,0,0
BRDA:1311,0,1,232
BRDA:1317,0,0,0
BRDA:1317,0,1,232
BRDA:1319,0,0,0
BRDA:1319,0,1,232
BRDA:1324,0,0,0
BRDA:1324,0,1,232
BRDA:1330,0,0,0
BRDA:1330,0,1,232
BRDA:1332,0,0,0
BRDA:1332,0,1,232
BRDA:1337,0,0,0
BRDA:1337,0,1,232
BRDA:1343,0,0,0
BRDA:1343,0,1,232
BRDA:1345,0,0,0
BRDA:1345,0,1,232
BRDA:1350,0,0,0
BRDA:1350,0,1,232
BRDA:1356,0,0,0
BRDA:1356,0,1,232
BRDA:1358,0,0,0
BRDA:1358,0,1,232
BRDA:1363,0,0,0
BRDA:1363,0,1,232
BRDA:1369,0,0,0
BRDA:1369,0,1,232
BRDA:1371,0,0,0
BRDA:1371,0,1,232
BRDA:1376,0,0,0
BRDA:1376,0,1,232
BRDA:1382,0,0,0
BRDA:1382,0,1,232
BRDA:1384,0,0,0
BRDA:1384,0,1,232
BRDA:1389,0,0,2
BRDA:1389,0,1,230
BRDA:1395,0,0,0
BRDA:1395,0,1,232
BRDA:1397,0,0,0
BRDA:1397,0,1,232
BRDA:1402,0,0,0
BRDA:1402,0,1,232
BRDA:1408,0,0,0
BRDA:1408,0,1,232
BRDA:1410,0,0,0
BRDA:1410,0,1,232
BRDA:1415,0,0,0
BRDA:1415,0,1,232
BRDA:1421,0,0,0
BRDA:1421,0,1,232
BRDA:1423,0,0,0
BRDA:1423,0,1,232
BRDA:1428,0,0,0
BRDA:1428,0,1,232
BRDA:1434,0,0,6
BRDA:1434,0,1,226
BRDA:1436,0,0,0
BRDA:1436,0,1,232
BRDA:1441,0,0,0
BRDA:1441,0,1,232
BRDA:1447,0,0,0
BRDA:1447,0,1,232
BRDA:1449,0,0,0
BRDA:1449,0,1,232
BRDA:1454,0,0,0
BRDA:1454,0,1,232
BRDA:1460,0,0,0
BRDA:1460,0,1,232
BRDA:1462,0,0,0
BRDA:1462,0,1,232
BRDA:1467,0,0,0
BRDA:1467,0,1,232
BRDA:1473,0,0,0
BRDA:1473,0,1,232
BRDA:1475,0,0,0
BRDA:1475,0,1,232
BRDA:1480,0,0,38
BRDA:1480,0,1,194
BRDA:1486,0,0,0
BRDA:1486,0,1,232
BRDA:1488,0,0,0
BRDA:1488,0,1,232
BRDA:1493,0,0,16
BRDA:1493,0,1,216
BRDA:1499,0,0,0
BRDA:1499,0,1,232
BRDA:1501,0,0,0
BRDA:1501,0,1,232
BRDA:1506,0,0,12
BRDA:1506,0,1,220
BRDA:1512,0,0,0
BRDA:1512,0,1,232
BRDA:1514,0,0,0
BRDA:1514,0,1,232
BRDA:1519,0,0,0
BRDA:1519,0,1,232
BRDA:1525,0,0,0
BRDA:1525,0,1,232
BRDA:1527,0,0,0
BRDA:1527,0,1,232
BRDA:1532,0,0,0
BRDA:1532,0,1,232
BRDA:1538,0,0,0
BRDA:1538,0,1,232
BRDA:1540,0,0,0
BRDA:1540,0,1,232
BRDA:1545,0,0,0
BRDA:1545,0,1,232
BRDA:1551,0,0,0
BRDA:1551,0,1,232
BRDA:1553,0,0,0
BRDA:1553,0,1,232
BRDA:1558,0,0,0
BRDA:1558,0,1,232
BRDA:1564,0,0,0
BRDA:1564,0,1,232
BRDA:1566,0,0,0
BRDA:1566,0,1,232
BRDA:1571,0,0,0
BRDA:1571,0,1,232
BRDA:1577,0,0,0
BRDA:1577,0,1,232
BRDA:1579,0,0,0
BRDA:1579,0,1,232
BRDA:1584,0,0,0
BRDA:1584,0,1,232
BRDA:1590,0,0,0
BRDA:1590,0,1,232
BRDA:1592,0,0,0
BRDA:1592,0,1,232
BRDA:1597,0,0,0
BRDA:1597,0,1,232
BRDA:1603,0,0,0
BRDA:1603,0,1,232
BRDA:1605,0,0,0
BRDA:1605,0,1,232
BRDA:1610,0,0,0
BRDA:1610,0,1,232
BRDA:1616,0,0,0
BRDA:1616,0,1,232
BRDA:1618,0,0,0
BRDA:1618,0,1,232
BRDA:1623,0,0,0
BRDA:1623,0,1,232
BRDA:1629,0,0,0
BRDA:1629,0,1,232
BRDA:1631,0,0,0
BRDA:1631,0,1,232
BRDA:1636,0,0,0
BRDA:1636,0,1,232
BRDA:1642,0,0,0
BRDA:1642,0,1,232
BRDA:1644,0,0,0
BRDA:1644,0,1,232
BRDA:1649,0,0,0
BRDA:1649,0,1,232
BRDA:1655,0,0,0
BRDA:1655,0,1,232
BRDA:1657,0,0,0
BRDA:1657,0,1,232
BRDA:1662,0,0,0
BRDA:1662,0,1,232
BRDA:1668,0,0,0
BRDA:1668,0,1,232
BRDA:1670,0,0,0
BRDA:1670,0,1,232
BRDA:1675,0,0,0
BRDA:1675,0,1,232
BRDA:1681,0,0,0
BRDA:1681,0,1,232
BRDA:1683,0,0,0
BRDA:1683,0,1,232
BRDA:1688,0,0,0
BRDA:1688,0,1,232
BRDA:1694,0,0,0
BRDA:1694,0,1,232
BRDA:1696,0,0,0
BRDA:1696,0,1,232
BRDA:1701,0,0,0
BRDA:1701,0,1,232
BRDA:1707,0,0,0
BRDA:1707,0,1,232
BRDA:1709,0,0,0
BRDA:1709,0,1,232
BRDA:1714,0,0,0
BRDA:1714,0,1,232
BRDA:1747,0,0,50
BRDA:1747,0,1,20
BRDA:1750,0,0,30
BRDA:1750,0,1,20
BRDA:1756,0,0,20
BRDA:1756,0,1,0
BRDA:1757,0,0,0
BRDA:1757,0,1,20
BRDA:1763,0,0,0
BRDA:1763,0,1,20
BRDA:1765,0,0,0
BRDA:1765,0,1,20
BRDA:1767,0,0,0
BRDA:1767,0,1,20
BRDA:1769,0,0,0
BRDA:1769,0,1,20
BRDA:1771,0,0,-
BRDA:1771,0,1,-
BRDA:1774,0,0,-
BRDA:1774,0,1,-
BRDA:1775,0,0,-
BRDA:1775,0,1,-
BRDA:1779,0,0,-
BRDA:1779,0,1,-
BRDA:1782,0,0,-
BRDA:1782,0,1,-
BRDA:1783,0,0,-
BRDA:1783,0,1,-
BRDA:1787,0,0,-
BRDA:1787,0,1,-
BRDA:1790,0,0,-
BRDA:1790,0,1,-
BRDA:1791,0,0,-
BRDA:1791,0,1,-
BRDA:1795,0,0,-
BRDA:1795,0,1,-
BRDA:1798,0,0,-
BRDA:1798,0,1,-
BRDA:1799,0,0,-
BRDA:1799,0,1,-
BRDA:1804,0,0,0
BRDA:1804,0,1,20
BRDA:1808,0,0,16
BRDA:1808,0,1,4
BRDA:1810,0,0,0
BRDA:1810,0,1,16
BRDA:1814,0,0,16
BRDA:1814,0,1,4
BRDA:1816,0,0,0
BRDA:1816,0,1,16
BRDA:1846,0,0,0
BRDA:1846,0,1,20
BRDA:1858,0,0,-
BRDA:1858,0,1,-
BRDA:1867,0,0,0
BRDA:1867,0,1,20
BRDA:1882,0,0,-
BRDA:1882,0,1,-
BRDA:1912,0,0,-
BRDA:1912,0,1,-
BRDA:1926,0,0,0
BRDA:1926,0,1,16
BRDA:1935,0,0,0
BRDA:1935,0,1,16
BRDA:1944,0,0,-
BRDA:1944,0,1,-
BRDA:1951,0,0,-
BRDA:1951,0,1,-
BRDA:1958,0,0,0
BRDA:1958,0,1,14
BRDA:1965,0,0,0
BRDA:1965,0,1,14
BRDA:1982,0,0,-
BRDA:1982,0,1,-
BRDA:1985,0,0,-
BRDA:1985,0,1,-
BRDA:1991,0,0,-
BRDA:1991,0,1,-
BRDA:1992,0,0,-
BRDA:1992,0,1,-
BRDA:1998,0,0,-
BRDA:1998,0,1,-
BRDA:2000,0,0,-
BRDA:2000,0,1,-
BRDA:2002,0,0,-
BRDA:2002,0,1,-
BRDA:2004,0,0,-
BRDA:2004,0,1,-
BRDA:2006,0,0,-
BRDA:2006,0,1,-
BRDA:2009,0,0,-
BRDA:2009,0,1,-
BRDA:2010,0,0,-
BRDA:2010,0,1,-
BRDA:2014,0,0,-
BRDA:2014,0,1,-
BRDA:2017,0,0,-
BRDA:2017,0,1,-
BRDA:2018,0,0,-
BRDA:2018,0,1,-
BRDA:2022,0,0,-
BRDA:2022,0,1,-
BRDA:2027,0,0,-
BRDA:2027,0,1,-
BRDA:2030,0,0,-
BRDA:2030,0,1,-
BRDA:2031,0,0,-
BRDA:2031,0,1,-
BRDA:2036,0,0,-
BRDA:2036,0,1,-
BRDA:2064,0,0,0
BRDA:2064,0,1,26
BRDA:2076,0,0,-
BRDA:2076,0,1,-
BRDA:2085,0,0,-
BRDA:2085,0,1,-
BRDA:2100,0,0,-
BRDA:2100,0,1,-
BRDA:2130,0,0,-
BRDA:2130,0,1,-
BRDA:2144,0,0,-
BRDA:2144,0,1,-
BRDA:2151,0,0,-
BRDA:2151,0,1,-
BRDA:2158,0,0,-
BRDA:2158,0,1,-
BRDA:2165,0,0,-
BRDA:2165,0,1,-
BRDA:2182,0,0,-
BRDA:2182,0,1,-
BRDA:2185,0,0,-
BRDA:2185,0,1,-
BRDA:2191,0,0,-
BRDA:2191,0,1,-
BRDA:2192,0,0,-
BRDA:2192,0,1,-
BRDA:2198,0,0,-
BRDA:2198,0,1,-
BRDA:2200,0,0,-
BRDA:2200,0,1,-
BRDA:2202,0,0,-
BRDA:2202,0,1,-
BRDA:2204,0,0,-
BRDA:2204,0,1,-
BRDA:2206,0,0,-
BRDA:2206,0,1,-
BRDA:2209,0,0,-
BRDA:2209,0,1,-
BRDA:2210,0,0,-
BRDA:2210,0,1,-
BRDA:2214,0,0,-
BRDA:2214,0,1,-
BRDA:2217,0,0,-
BRDA:2217,0,1,-
BRDA:2218,0,0,-
BRDA:2218,0,1,-
BRDA:2222,0,0,-
BRDA:2222,0,1,-
BRDA:2227,0,0,-
BRDA:2227,0,1,-
BRDA:2230,0,0,-
BRDA:2230,0,1,-
BRDA:2231,0,0,-
BRDA:2231,0,1,-
BRDA:2235,0,0,-
BRDA:2235,0,1,-
BRDA:2238,0,0,-
BRDA:2238,0,1,-
BRDA:2239,0,0,-
BRDA:2239,0,1,-
BRDA:2244,0,0,-
BRDA:2244,0,1,-
BRDA:2248,0,0,-
BRDA:2248,0,1,-
BRDA:2250,0,0,-
BRDA:2250,0,1,-
BRDA:2254,0,0,-
BRDA:2254,0,1,-
BRDA:2256,0,0,-
BRDA:2256,0,1,-
BRDA:2260,0,0,-
BRDA:2260,0,1,-
BRDA:2262,0,0,-
BRDA:2262,0,1,-
BRDA:2266,0,0,-
BRDA:2266,0,1,-
BRDA:2268,0,0,-
BRDA:2268,0,1,-
BRDA:2303,0,0,-
BRDA:2303,0,1,-
BRDA:2315,0,0,-
BRDA:2315,0,1,-
BRDA:2324,0,0,-
BRDA:2324,0,1,-
BRDA:2339,0,0,-
BRDA:2339,0,1,-
BRDA:2369,0,0,-
BRDA:2369,0,1,-
BRDA:2383,0,0,-
BRDA:2383,0,1,-
BRDA:2392,0,0,-
BRDA:2392,0,1,-
BRDA:2401,0,0,-
BRDA:2401,0,1,-
BRDA:2410,0,0,-
BRDA:2410,0,1,-
BRDA:2419,0,0,-
BRDA:2419,0,1,-
BRDA:2426,0,0,-
BRDA:2426,0,1,-
BRDA:2433,0,0,-
BRDA:2433,0,1,-
BRDA:2440,0,0,-
BRDA:2440,0,1,-
BRDA:2447,0,0,-
BRDA:2447,0,1,-
BRDA:2464,0,0,0
BRDA:2464,0,1,16
BRDA:2467,0,0,-
BRDA:2467,0,1,-
BRDA:2473,0,0,16
BRDA:2473,0,1,0
BRDA:2474,0,0,0
BRDA:2474,0,1,16
BRDA:2480,0,0,0
BRDA:2480,0,1,16
BRDA:2482,0,0,0
BRDA:2482,0,1,16
BRDA:2484,0,0,0
BRDA:2484,0,1,16
BRDA:2486,0,0,0
BRDA:2486,0,1,16
BRDA:2488,0,0,-
BRDA:2488,0,1,-
BRDA:2491,0,0,-
BRDA:2491,0,1,-
BRDA:2492,0,0,-
BRDA:2492,0,1,-
BRDA:2496,0,0,-
BRDA:2496,0,1,-
BRDA:2501,0,0,-
BRDA:2501,0,1,-
BRDA:2504,0,0,-
BRDA:2504,0,1,-
BRDA:2505,0,0,-
BRDA:2505,0,1,-
BRDA:2509,0,0,-
BRDA:2509,0,1,-
BRDA:2512,0,0,-
BRDA:2512,0,1,-
BRDA:2513,0,0,-
BRDA:2513,0,1,-
BRDA:2518,0,0,0
BRDA:2518,0,1,16
BRDA:2522,0,0,16
BRDA:2522,0,1,0
BRDA:2524,0,0,0
BRDA:2524,0,1,16
BRDA:2528,0,0,16
BRDA:2528,0,1,0
BRDA:2530,0,0,0
BRDA:2530,0,1,16
BRDA:2560,0,0,-
BRDA:2560,0,1,-
BRDA:2572,0,0,-
BRDA:2572,0,1,-
BRDA:2581,0,0,0
BRDA:2581,0,1,16
BRDA:2596,0,0,-
BRDA:2596,0,1,-
BRDA:2626,0,0,-
BRDA:2626,0,1,-
BRDA:2640,0,0,0
BRDA:2640,0,1,16
BRDA:2649,0,0,0
BRDA:2649,0,1,16
BRDA:2658,0,0,-
BRDA:2658,0,1,-
BRDA:2665,0,0,-
BRDA:2665,0,1,-
BRDA:2672,0,0,-
BRDA:2672,0,1,-
BRDA:2679,0,0,-
BRDA:2679,0,1,-
BRDA:2696,0,0,-
BRDA:2696,0,1,-
BRDA:2699,0,0,-
BRDA:2699,0,1,-
BRDA:2705,0,0,-
BRDA:2705,0,1,-
BRDA:2706,0,0,-
BRDA:2706,0,1,-
BRDA:2712,0,0,-
BRDA:2712,0,1,-
BRDA:2714,0,0,-
BRDA:2714,0,1,-
BRDA:2716,0,0,-
BRDA:2716,0,1,-
BRDA:2718,0,0,-
BRDA:2718,0,1,-
BRDA:2720,0,0,-
BRDA:2720,0,1,-
BRDA:2723,0,0,-
BRDA:2723,0,1,-
BRDA:2724,0,0,-
BRDA:2724,0,1,-
BRDA:2728,0,0,-
BRDA:2728,0,1,-
BRDA:2733,0,0,-
BRDA:2733,0,1,-
BRDA:2738,0,0,-
BRDA:2738,0,1,-
BRDA:2743,0,0,-
BRDA:2743,0,1,-
BRDA:2746,0,0,-
BRDA:2746,0,1,-
BRDA:2747,0,0,-
BRDA:2747,0,1,-
BRDA:2752,0,0,-
BRDA:2752,0,1,-
BRDA:2782,0,0,-
BRDA:2782,0,1,-
BRDA:2794,0,0,-
BRDA:2794,0,1,-
BRDA:2803,0,0,-
BRDA:2803,0,1,-
BRDA:2818,0,0,-
BRDA:2818,0,1,-
BRDA:2848,0,0,-
BRDA:2848,0,1,-
BRDA:2862,0,0,-
BRDA:2862,0,1,-
BRDA:2869,0,0,-
BRDA:2869,0,1,-
BRDA:2876,0,0,-
BRDA:2876,0,1,-
BRDA:2883,0,0,-
BRDA:2883,0,1,-
BRDA:2890,0,0,-
BRDA:2890,0,1,-
BRDA:2907,0,0,0
BRDA:2907,0,1,12
BRDA:2910,0,0,-
BRDA:2910,0,1,-
BRDA:2916,0,0,12
BRDA:2916,0,1,0
BRDA:2917,0,0,0
BRDA:2917,0,1,12
BRDA:2923,0,0,0
BRDA:2923,0,1,12
BRDA:2925,0,0,0
BRDA:2925,0,1,12
BRDA:2927,0,0,0
BRDA:2927,0,1,12
BRDA:2929,0,0,0
BRDA:2929,0,1,12
BRDA:2931,0,0,-
BRDA:2931,0,1,-
BRDA:2934,0,0,-
BRDA:2934,0,1,-
BRDA:2935,0,0,-
BRDA:2935,0,1,-
BRDA:2939,0,0,-
BRDA:2939,0,1,-
BRDA:2944,0,0,-
BRDA:2944,0,1,-
BRDA:2947,0,0,-
BRDA:2947,0,1,-
BRDA:2948,0,0,-
BRDA:2948,0,1,-
BRDA:2952,0,0,-
BRDA:2952,0,1,-
BRDA:2955,0,0,-
BRDA:2955,0,1,-
BRDA:2956,0,0,-
BRDA:2956,0,1,-
BRDA:2961,0,0,0
BRDA:2961,0,1,12
BRDA:2965,0,0,12
BRDA:2965,0,1,0
BRDA:2967,0,0,0
BRDA:2967,0,1,12
BRDA:2971,0,0,12
BRDA:2971,0,1,0
BRDA:2973,0,0,0
BRDA:2973,0,1,12
BRDA:3003,0,0,-
BRDA:3003,0,1,-
BRDA:3015,0,0,-
BRDA:3015,0,1,-
BRDA:3024,0,0,0
BRDA:3024,0,1,12
BRDA:3039,0,0,-
BRDA:3039,0,1,-
BRDA:3069,0,0,-
BRDA:3069,0,1,-
[...]
DA:2529,7000
DA:2530,7000
DA:2533,2
DA:2534,2
DA:2535,2
DA:2536,2
DA:2538,2
DA:2539,2
DA:2541,2
DA:2542,2
DA:2543,2
DA:2544,2
DA:2546,2
DA:2547,2
DA:2548,2
DA:2549,2
DA:2550,2
DA:2552,2
DA:2553,2
DA:2554,2
DA:2556,2
DA:2558,2
DA:2559,2
DA:2560,2
DA:2563,2
DA:2564,2
DA:2567,2
DA:2568,2
DA:2569,2
DA:2572,2
DA:2573,2
DA:2574,2
DA:2575,2
DA:2578,2
DA:2579,2
DA:2580,2
DA:2581,2
DA:2584,2
DA:2585,2
DA:2586,2
DA:2587,2
DA:2588,2
DA:2589,2
DA:2592,2
DA:2593,2
DA:2594,2
DA:2595,2
DA:2597,2
DA:2599,2
DA:2600,2
DA:2601,2
DA:2603,2
DA:2605,2
DA:2606,2
DA:2608,2
DA:2609,2
DA:2611,2
DA:2612,2
DA:2614,2
DA:2615,2
DA:2618,2
DA:2619,2
DA:2620,2
DA:2622,2
DA:2625,2
DA:2626,2
DA:2627,2
DA:2629,2
DA:2630,2
DA:2632,2
DA:2633,2
DA:2634,2
DA:2636,2
DA:2637,2
DA:2638,2
DA:2641,2
DA:2642,2
DA:2643,2
DA:2644,2
DA:2647,2
DA:2648,2
DA:2649,2
DA:2651,2
DA:2652,2
DA:2654,2
DA:2655,2
DA:2658,2
DA:2659,2
DA:2660,2
DA:2661,2
DA:2664,2
DA:2665,2
DA:2666,2
DA:2667,2
DA:2669,2
DA:2671,2
DA:2672,2
DA:2674,2
DA:2675,2
DA:2676,2
DA:2677,2
DA:2678,2
DA:2680,2
DA:2681,2
DA:2683,2
DA:2684,2
DA:2686,2
DA:2688,2
DA:2689,2
DA:2693,2
DA:2694,2
DA:2696,2
DA:2697,2
DA:2699,2
DA:2700,2
DA:2702,2
DA:2704,2
DA:2705,2
DA:2709,2
DA:2710,2
DA:2711,2
DA:2713,2
DA:2718,2
DA:2719,2
DA:2720,2
DA:2721,2
DA:2722,2
DA:2726,2
DA:2727,2
DA:2728,2
DA:2729,2
DA:2730,2
DA:2731,2
DA:2732,2
DA:2734,2
DA:2735,2
DA:2738,2
DA:2739,2
DA:2742,2
DA:2743,2
DA:2744,2
DA:2746,2
DA:2748,2
DA:2749,2
DA:2750,2
DA:2751,2
DA:2752,2
DA:2756,2
DA:2757,2
DA:2758,2
DA:2761,2
DA:2762,2
DA:2763,2
DA:2766,2
DA:2767,2
DA:2768,2
DA:2769,2
DA:2770,2
DA:2773,2
DA:2774,2
DA:2775,2
DA:2776,2
DA:2777,2
DA:2780,2
DA:2781,2
DA:2782,2
DA:2784,2
DA:2786,2
DA:2787,2
DA:2790,2
DA:2791,2
DA:2792,2
DA:2793,2
DA:2794,2
DA:2795,2
DA:2796,2
DA:2797,2
DA:2800,2
DA:2801,2
DA:2802,2
DA:2803,2
DA:2804,2
DA:2805,2
DA:2806,2
DA:2809,2
DA:2810,2
DA:2811,2
DA:2812,2
DA:2813,2
DA:2814,2
DA:2818,2
DA:2819,2
DA:2820,2
DA:2821,2
DA:2822,2
DA:2824,2
DA:2829,2
DA:2830,2
DA:2831,2
DA:2832,2
DA:2834,2
DA:2835,2
DA:2836,2
DA:2837,2
DA:2838,2
DA:2840,2
DA:2841,2
DA:2842,2
DA:2843,2
DA:2845,2
DA:2846,2
DA:2847,2
DA:2849,2
DA:2850,2
DA:2851,2
DA:2853,2
DA:2854,2
DA:2855,2
DA:2857,2
DA:2858,2
DA:2859,2
DA:2861,2
DA:2862,2
DA:2863,2
DA:2865,2
DA:2866,2
DA:2867,2
DA:2869,2
DA:2870,2
DA:2871,2
DA:2873,2
DA:2874,2
DA:2875,2
DA:2878,2
DA:2879,2
DA:2880,2
DA:2881,2
DA:2883,2
DA:2887,2
DA:2889,2
DA:2890,2
DA:2891,2
DA:2893,2
DA:2894,2
DA:2895,2
DA:2896,2
DA:2897,2
DA:2899,2
DA:2900,2
DA:2901,2
DA:2902,2
DA:2904,2
DA:2905,2
DA:2906,2
DA:2909,2
DA:2910,2
DA:2911,2
DA:2914,2
DA:2915,2
DA:2916,2
DA:2919,2
DA:2920,2
DA:2921,2
DA:2924,2
DA:2925,2
DA:2926,2
DA:2927,2
DA:2930,2
DA:2937,2
DA:2939,2
DA:2940,2
DA:2942,2
DA:2943,2
DA:2945,2
DA:2946,2
DA:2949,2
DA:2950,2
DA:2953,2
DA:2954,2
DA:2957,2
DA:2958,2
DA:2959,2
DA:2962,2
DA:2963,2
DA:2964,2
DA:2965,2
DA:2966,2
DA:2967,2
DA:2970,2
DA:2971,2
DA:2972,2
DA:2975,2
DA:2976,2
DA:2977,2
DA:2981,2
DA:2982,2
DA:2983,2
DA:2984,2
DA:2985,2
DA:2987,2
DA:2991,2
DA:2993,2
DA:2994,2
DA:2995,2
DA:2997,2
DA:2998,2
DA:3001,2
DA:3002,2
DA:3004,2
DA:3005,2
DA:3007,2
DA:3008,2
DA:3009,2
DA:3012,2
DA:3013,2
DA:3014,2
DA:3015,2
DA:3016,2
DA:3019,2
DA:3020,2
DA:3021,2
DA:3023,2
DA:3025,2
DA:3026,2
DA:3027,2
DA:3028,2
DA:3031,2
DA:3032,2
DA:3033,2
DA:3034,2
DA:3035,2
DA:3036,2
DA:3037,2
DA:3038,2
DA:3039,2
DA:3040,2
DA:3042,2
DA:3043,2
DA:3044,2
DA:3045,2
DA:3046,2
DA:3048,2
DA:3053,2
DA:3054,2
DA:3055,2
DA:3058,2
DA:3061,2
DA:3062,2
DA:3064,2
DA:3065,2
DA:3067,2
DA:3068,2
DA:3071,2
DA:3072,2
DA:3075,2
DA:3076,2
DA:3077,2
DA:3078,2
DA:3080,2
DA:3082,2
DA:3083,2
DA:3084,2
DA:3087,2
DA:3088,2
DA:3089,2
DA:3090,2
DA:3092,2
DA:3094,2
DA:3095,2
DA:3096,2
DA:3099,2
DA:3100,2
DA:3101,2
DA:3102,2
DA:3105,2
DA:3106,2
DA:3107,2
DA:3110,2
DA:3111,2
DA:3112,2
DA:3113,2
DA:3115,2
DA:3118,2
DA:3119,2
DA:3120,2
DA:3121,2
DA:3123,2
DA:3124,2
DA:3125,2
DA:3127,2
DA:3128,2
DA:3131,2
DA:3132,2
DA:3134,2
DA:3135,2
DA:3137,2
DA:3138,2
DA:3140,2
DA:3141,2
DA:3142,2
DA:3144,2
DA:3145,2
DA:3147,2
DA:3149,2
DA:3150,2
DA:3152,2
DA:3154,2
DA:3155,2
DA:3156,2
DA:3157,2
DA:3159,2
DA:3160,2
DA:3161,2
DA:3162,2
DA:3163,2
DA:3164,2
DA:3165,2
DA:3166,2
DA:3168,2
DA:3169,2
DA:3171,2
DA:3172,2
DA:3174,2
DA:3176,2
DA:3177,2
DA:3178,2
DA:3179,2
DA:3180,2
DA:3182,2
DA:3188,2
DA:3189,2
DA:3190,2
DA:3192,2
DA:3196,2
DA:3197,2
DA:3200,2
DA:3201,2
DA:3203,2
DA:3204,2
DA:3205,2
DA:3207,2
DA:3208,2
DA:3210,2
DA:3211,2
DA:3214,2
DA:3215,2
DA:3216,2
DA:3220,2
DA:3221,2
DA:3224,2
DA:3225,2
DA:3226,2
DA:3229,2
DA:3230,2
DA:3231,2
DA:3234,2
DA:3235,2
DA:3236,2
DA:3237,2
DA:3239,2
DA:3240,2
DA:3241,2
DA:3242,2
DA:3245,2
DA:3246,2
DA:3247,2
DA:3248,2
DA:3249,2
DA:3252,2
DA:3253,2
DA:3254,2
DA:3255,2
DA:3256,2
DA:3257,2
DA:3258,2
DA:3259,2
DA:3260,2
DA:3263,2
DA:3264,2
DA:3265,2
DA:3266,2
DA:3267,2
DA:3268,2
DA:3269,2
DA:3270,2
DA:3273,2
DA:3274,2
DA:3275,2
DA:3276,2
DA:3277,2
DA:3279,2
DA:3280,2
DA:3281,2
DA:3282,2
DA:3283,2
DA:3285,2
DA:3290,2
DA:3293,2
DA:3295,2
DA:3297,2
DA:3298,2
DA:3299,2
DA:3300,2
DA:3301,2
DA:3303,2
DA:3305,2
DA:3306,2
DA:3307,2
DA:3308,2
DA:3309,2
DA:3315,2
DA:3317,2
DA:3320,2
DA:3321,2
DA:3326,2
DA:3327,2
DA:3329,2
DA:3330,2
DA:3332,2
DA:3333,2
DA:3337,2
DA:3338,2
DA:3339,2
DA:3341,2
DA:3342,2
DA:3346,2
DA:3347,2
DA:3348,2
DA:3352,2
DA:3353,2
DA:3354,2
DA:3355,2
DA:3356,2
DA:3358,2
DA:3359,2
DA:3361,2
DA:3362,2
DA:3363,2
DA:3365,2
DA:3366,2
DA:3367,2
DA:3368,2
DA:3369,2
DA:3370,2
DA:3371,2
DA:3373,2
DA:3374,2
DA:3375,2
DA:3376,2
DA:3377,2
DA:3380,2
DA:3381,2
DA:3383,2
DA:3385,2
DA:3386,2
DA:3387,2
DA:3388,2
DA:3389,2
DA:3390,2
DA:3391,2
DA:3392,2
DA:3393,2
DA:3394,2
DA:3395,2
DA:3396,2
DA:3397,2
DA:3398,2
DA:3399,2
DA:3401,2
DA:3402,2
DA:3403,2
DA:3404,2
DA:3405,2
DA:3406,2
DA:3408,2
DA:3409,2
DA:3410,2
DA:3411,2
DA:3412,2
DA:3414,2
DA:3417,2
DA:3419,2
DA:3420,2
DA:3422,2
DA:3423,2
DA:3424,2
DA:3425,2
DA:3426,2
DA:3429,2
DA:3430,2
DA:3431,2
DA:3432,2
DA:3433,2
DA:3435,2
DA:3436,8194
DA:3438,8192
DA:3442,8192
DA:3445,2
DA:3446,2
DA:3451,2
DA:3452,2
DA:3454,2
DA:3460,2
DA:3461,2
DA:3464,2
DA:3467,2
DA:3468,2
LF:2036
LH:1997
end_of_record
TN:
SF:/home/ubuntu/coreMQTT/test/unit-test/MQTTv5/core_mqttv5_state_utest.c
FN:39,41,setUp
FN:44,46,tearDown
FN:49,51,suiteSetUp
FN:54,57,suiteTearDown
FNDA:0,setUp
FNDA:0,tearDown
FNDA:2,suiteSetUp
FNDA:0,suiteTearDown
FNF:4
FNH:1
DA:39,0
DA:41,0
DA:44,0
DA:46,0
DA:49,2
DA:51,2
DA:54,0
DA:56,0
LF:8
LH:2
end_of_record
TN:
SF:/home/ubuntu/coreMQTT/test/unit-test/MQTTv5/core_mqttv5_utest.c
FN:1018,1075,test_MQTTV5_Disconnect
FN:1077,1109,test_MQTT_ProcessLoop_handleIncomingDisconnect
FN:1119,1127,setupSubscriptionInfo
FN:1128,1139,MQTTV5_SerializeSubscribedHeader_cb
FN:1142,1218,test_MQTTV5_Subscribe_invalid_params
FN:1220,1238,test_MQTTV5_Subscribe_ValidateFailure
FN:1240,1280,test_MQTTV5_Subscribe_happy_path
FN:1283,1334,test_MQTTV5_Subscribe_happy_path1
FN:1336,1377,test_MQTTV5_Subscribe_happy_path2
FN:1379,1420,test_MQTTV5_Subscribe_happy_path3
FN:1422,1473,test_MQTTV5_Subscribe_happy_path4
FN:1475,1550,test_MQTTV5_shared_subscriptions
FN:224,230,setUp
FN:233,235,tearDown
FN:238,241,suiteSetUp
FN:244,247,suiteTearDown
FN:257,260,getTime
FN:265,273,transportRecvFailure
FN:282,293,eventCallback
FN:306,327,eventCallback1
FN:333,341,transportSendNoBytes
FN:343,357,MQTTV5_SerializeAckFixed_cb
FN:359,372,MQTTV5_SerializeDisconnectFixed_cb
FN:376,388,MQTT_SerializeConnectFixedHeader_cb
FN:390,399,MQTTV5_SerializeConnectProperties_cb
FN:401,410,MQTT_SerializePublishProperties_cb
FN:423,438,transportWritevSuccess
FN:451,458,transportSendSuccess
FN:463,471,transportSendFailure
FN:482,489,transportRecvSuccess
FN:498,504,setupTransportInterface
FN:511,515,setupNetworkBuffer
FN:517,529,setupPublishProperties
FN:532,551,test_MQTT_Connect
FN:553,670,test_MQTT_Connect_error_path
FN:672,730,test_MQTT_Connect_receiveConnack
FN:732,776,test_MQTT_Publish
FN:778,809,test_MQTT_ProcessLoop_handleIncomingAck_Happy_Paths
FN:811,846,test_MQTT_ProcessLoop_handleIncomingAck_Error_Paths1
FN:848,874,test_MQTT_ProcessLoop_handleIncomingAck_Error_Paths2
FN:876,908,test_MQTT_ProcessLoop_handleIncomingAck_Error_Paths3
FN:910,947,test_MQTT_ProcessLoop_handleIncomingAck_Happy_Paths2
FN:949,979,test_MQTT_ProcessLoop_handleIncomingAck_Error_Paths4
FN:981,1016,test_MQTT_ProcessLoop_handleIncomingAck_Error_Paths5
FNDA:2,test_MQTTV5_Disconnect
FNDA:2,test_MQTT_ProcessLoop_handleIncomingDisconnect
FNDA:2,setupSubscriptionInfo
FNDA:12,MQTTV5_SerializeSubscribedHeader_cb
FNDA:2,test_MQTTV5_Subscribe_invalid_params
FNDA:2,test_MQTTV5_Subscribe_ValidateFailure
FNDA:2,test_MQTTV5_Subscribe_happy_path
FNDA:2,test_MQTTV5_Subscribe_happy_path1
FNDA:2,test_MQTTV5_Subscribe_happy_path2
FNDA:2,test_MQTTV5_Subscribe_happy_path3
FNDA:2,test_MQTTV5_Subscribe_happy_path4
FNDA:2,test_MQTTV5_shared_subscriptions
FNDA:42,setUp
FNDA:42,tearDown
FNDA:2,suiteSetUp
FNDA:0,suiteTearDown
FNDA:572,getTime
FNDA:2,transportRecvFailure
FNDA:2,eventCallback
FNDA:10,eventCallback1
FNDA:402,transportSendNoBytes
FNDA:6,MQTTV5_SerializeAckFixed_cb
FNDA:6,MQTTV5_SerializeDisconnectFixed_cb
FNDA:16,MQTT_SerializeConnectFixedHeader_cb
FNDA:16,MQTTV5_SerializeConnectProperties_cb
FNDA:10,MQTT_SerializePublishProperties_cb
FNDA:34,transportWritevSuccess
FNDA:2,transportSendSuccess
FNDA:2,transportSendFailure
FNDA:20,transportRecvSuccess
FNDA:38,setupTransportInterface
FNDA:38,setupNetworkBuffer
FNDA:2,setupPublishProperties
FNDA:2,test_MQTT_Connect
FNDA:2,test_MQTT_Connect_error_path
FNDA:2,test_MQTT_Connect_receiveConnack
FNDA:2,test_MQTT_Publish
FNDA:2,test_MQTT_ProcessLoop_handleIncomingAck_Happy_Paths
FNDA:2,test_MQTT_ProcessLoop_handleIncomingAck_Error_Paths1
FNDA:2,test_MQTT_ProcessLoop_handleIncomingAck_Error_Paths2
FNDA:2,test_MQTT_ProcessLoop_handleIncomingAck_Error_Paths3
FNDA:2,test_MQTT_ProcessLoop_handleIncomingAck_Happy_Paths2
FNDA:2,test_MQTT_ProcessLoop_handleIncomingAck_Error_Paths4
FNDA:2,test_MQTT_ProcessLoop_handleIncomingAck_Error_Paths5
FNF:44
FNH:43
BRDA:320,0,0,4
BRDA:320,0,1,6
BRDA:431,0,0,306
BRDA:431,0,1,34
BRF:4
BRH:4
DA:224,42
DA:226,42
DA:227,42
DA:229,42
DA:230,42
DA:233,42
DA:235,42
DA:238,2
DA:240,2
DA:241,2
DA:244,0
DA:246,0
DA:257,572
DA:259,572
DA:265,2
DA:272,2
DA:282,2
DA:291,2
DA:292,2
DA:293,2
DA:306,10
DA:314,10
DA:315,10
DA:317,10
DA:318,10
DA:320,10
DA:322,4
DA:323,4
DA:324,4
DA:325,4
DA:327,10
DA:333,402
DA:340,402
DA:343,6
DA:356,6
DA:359,6
DA:371,6
DA:376,16
DA:387,16
DA:390,16
DA:398,16
DA:401,10
DA:409,10
DA:423,34
DA:427,34
DA:428,34
DA:431,340
DA:433,306
DA:434,306
DA:437,34
DA:451,2
DA:455,2
DA:457,2
DA:463,2
DA:470,2
DA:482,20
DA:486,20
DA:488,20
DA:498,38
DA:500,38
DA:501,38
DA:502,38
DA:503,38
DA:504,38
DA:511,38
DA:513,38
DA:514,38
DA:515,38
DA:517,2
DA:519,2
DA:520,2
DA:521,2
DA:522,2
DA:523,2
DA:524,2
DA:525,2
DA:526,2
DA:527,2
DA:528,2
DA:529,2
DA:532,2
DA:534,2
DA:535,2
DA:536,2
DA:538,2
DA:539,2
DA:541,2
DA:542,2
DA:544,2
DA:545,2
DA:548,2
DA:549,2
DA:550,2
DA:551,2
DA:553,2
DA:555,2
DA:556,2
DA:557,2
DA:558,2
DA:561,2
DA:562,2
DA:568,2
DA:569,2
DA:570,2
DA:571,2
DA:572,2
DA:573,2
DA:574,2
DA:575,2
DA:576,2
DA:577,2
DA:578,2
DA:579,2
DA:580,2
DA:581,2
DA:582,2
DA:583,2
DA:584,2
DA:585,2
DA:586,2
DA:589,2
DA:590,2
DA:591,2
DA:592,2
DA:593,2
DA:594,2
DA:595,2
DA:596,2
DA:597,2
DA:598,2
DA:599,2
DA:600,2
DA:602,2
DA:603,2
DA:604,2
DA:605,2
DA:606,2
DA:607,2
DA:608,2
DA:609,2
DA:610,2
DA:611,2
DA:612,2
DA:613,2
DA:614,2
DA:615,2
DA:616,2
DA:617,2
DA:618,2
DA:619,2
DA:620,2
DA:621,2
DA:622,2
DA:623,2
DA:624,2
DA:625,2
DA:626,2
DA:627,2
DA:628,2
DA:629,2
DA:630,2
DA:632,2
DA:633,2
DA:634,2
DA:635,2
DA:636,2
DA:637,2
DA:638,2
DA:639,2
DA:640,2
DA:641,2
DA:642,2
DA:643,2
DA:644,2
DA:645,2
DA:646,2
DA:647,2
DA:649,2
DA:650,2
DA:651,2
DA:652,2
DA:653,2
DA:654,2
DA:655,2
DA:656,2
DA:657,2
DA:658,2
DA:659,2
DA:660,2
DA:662,2
DA:663,2
DA:664,2
DA:665,2
DA:666,2
DA:667,2
DA:668,2
DA:669,2
DA:670,2
DA:672,2
DA:674,2
DA:675,2
DA:676,2
DA:679,2
DA:680,2
DA:681,2
DA:682,2
DA:684,2
DA:685,2
DA:686,2
DA:688,2
DA:689,2
DA:690,2
DA:691,2
DA:693,2
DA:694,2
DA:697,2
DA:698,2
DA:699,2
DA:700,2
DA:701,2
DA:702,2
DA:703,2
DA:704,2
DA:707,2
DA:708,2
DA:709,2
DA:710,2
DA:711,2
DA:712,2
DA:715,2
DA:716,2
DA:717,2
DA:718,2
DA:719,2
DA:720,2
DA:721,2
DA:722,2
DA:724,2
DA:725,2
DA:726,2
DA:727,2
DA:728,2
DA:729,2
DA:730,2
DA:732,2
DA:734,2
DA:735,2
DA:736,2
DA:737,2
DA:738,2
DA:741,2
DA:743,2
DA:744,2
DA:745,2
DA:747,2
DA:748,2
DA:749,2
DA:752,2
DA:753,2
DA:754,2
DA:756,2
DA:757,2
DA:758,2
DA:759,2
DA:760,2
DA:761,2
DA:762,2
DA:764,2
DA:765,2
DA:766,2
DA:769,2
DA:770,2
DA:771,2
DA:772,2
DA:773,2
DA:774,2
DA:775,2
DA:776,2
DA:778,2
DA:782,2
DA:783,2
DA:784,2
DA:786,2
DA:788,2
DA:789,2
DA:791,2
DA:792,2
DA:793,2
DA:794,2
DA:795,2
DA:796,2
DA:797,2
DA:798,2
DA:799,2
DA:800,2
DA:801,2
DA:802,2
DA:803,2
DA:804,2
DA:805,2
DA:806,2
DA:807,2
DA:808,2
DA:809,2
DA:811,2
DA:816,2
DA:817,2
DA:818,2
DA:820,2
DA:823,2
DA:824,2
DA:825,2
DA:826,2
DA:827,2
DA:828,2
DA:829,2
DA:830,2
DA:831,2
DA:832,2
DA:833,2
DA:834,2
DA:835,2
DA:836,2
DA:837,2
DA:838,2
DA:839,2
DA:840,2
DA:841,2
DA:842,2
DA:843,2
DA:844,2
DA:845,2
DA:846,2
DA:848,2
DA:851,2
DA:852,2
DA:853,2
DA:855,2
DA:858,2
DA:859,2
DA:860,2
DA:861,2
DA:862,2
DA:863,2
DA:864,2
DA:865,2
DA:866,2
DA:867,2
DA:868,2
DA:869,2
DA:870,2
DA:871,2
DA:872,2
DA:873,2
DA:874,2
DA:876,2
DA:880,2
DA:881,2
DA:882,2
DA:884,2
DA:885,2
DA:888,2
DA:889,2
DA:890,2
DA:891,2
DA:892,2
DA:893,2
DA:894,2
DA:895,2
DA:896,2
DA:897,2
DA:898,2
DA:899,2
DA:900,2
DA:901,2
DA:902,2
DA:903,2
DA:904,2
DA:905,2
DA:906,2
DA:907,2
DA:908,2
DA:910,2
DA:915,2
DA:916,2
DA:917,2
DA:919,2
DA:920,2
DA:923,2
DA:924,2
DA:925,2
DA:926,2
DA:927,2
DA:928,2
DA:929,2
DA:930,2
DA:931,2
DA:932,2
DA:933,2
DA:934,2
DA:935,2
DA:936,2
DA:937,2
DA:938,2
DA:939,2
DA:940,2
DA:941,2
DA:942,2
DA:943,2
DA:944,2
DA:945,2
DA:946,2
DA:947,2
DA:949,2
DA:953,2
DA:954,2
DA:955,2
DA:957,2
DA:960,2
DA:961,2
DA:962,2
DA:963,2
DA:964,2
DA:965,2
DA:966,2
DA:967,2
DA:968,2
DA:969,2
DA:970,2
DA:971,2
DA:972,2
DA:973,2
DA:974,2
DA:975,2
DA:976,2
DA:977,2
DA:978,2
DA:979,2
DA:981,2
DA:985,2
DA:986,2
DA:987,2
DA:989,2
DA:990,2
DA:993,2
DA:994,2
DA:995,2
DA:996,2
DA:997,2
DA:998,2
DA:999,2
DA:1000,2
DA:1001,2
DA:1002,2
DA:1003,2
DA:1004,2
DA:1005,2
DA:1006,2
DA:1007,2
DA:1008,2
DA:1009,2
DA:1010,2
DA:1011,2
DA:1012,2
DA:1013,2
DA:1014,2
DA:1015,2
DA:1016,2
DA:1018,2
DA:1020,2
DA:1022,2
DA:1023,2
DA:1024,2
DA:1025,2
DA:1026,2
DA:1027,2
DA:1029,2
DA:1030,2
DA:1031,2
DA:1032,2
DA:1035,2
DA:1036,2
DA:1038,2
DA:1039,2
DA:1042,2
DA:1043,2
DA:1046,2
DA:1047,2
DA:1048,2
DA:1049,2
DA:1052,2
DA:1053,2
DA:1054,2
DA:1055,2
DA:1056,2
DA:1057,2
DA:1060,2
DA:1061,2
DA:1062,2
DA:1063,2
DA:1064,2
DA:1065,2
DA:1066,2
DA:1069,2
DA:1070,2
DA:1071,2
DA:1072,2
DA:1073,2
DA:1074,2
DA:1075,2
DA:1077,2
DA:1080,2
DA:1081,2
DA:1082,2
DA:1085,2
DA:1087,2
DA:1088,2
DA:1089,2
DA:1090,2
DA:1091,2
DA:1092,2
DA:1093,2
DA:1094,2
DA:1095,2
DA:1096,2
DA:1097,2
DA:1098,2
DA:1099,2
DA:1100,2
DA:1101,2
DA:1104,2
DA:1105,2
DA:1106,2
DA:1107,2
DA:1108,2
DA:1109,2
DA:1119,2
DA:1121,2
DA:1122,2
DA:1123,2
DA:1124,2
DA:1125,2
DA:1126,2
DA:1127,2
DA:1128,12
DA:1138,12
DA:1142,2
DA:1145,2
DA:1146,2
DA:1147,2
DA:1150,2
DA:1151,2
DA:1154,2
DA:1155,2
DA:1158,2
DA:1159,2
DA:1162,2
DA:1163,2
DA:1166,2
DA:1167,2
DA:1170,2
DA:1171,2
DA:1172,2
DA:1175,2
DA:1176,2
DA:1177,2
DA:1180,2
DA:1181,2
DA:1182,2
DA:1183,2
DA:1186,2
DA:1187,2
DA:1188,2
DA:1191,2
DA:1192,2
DA:1193,2
DA:1196,2
DA:1197,2
DA:1198,2
DA:1199,2
DA:1200,2
DA:1202,2
DA:1203,2
DA:1204,2
DA:1205,2
DA:1207,2
DA:1208,2
DA:1209,2
DA:1210,2
DA:1211,2
DA:1213,2
DA:1214,2
DA:1215,2
DA:1216,2
DA:1218,2
DA:1220,2
DA:1225,2
DA:1227,2
DA:1228,2
DA:1231,2
DA:1233,2
DA:1234,2
DA:1237,2
DA:1238,2
DA:1240,2
DA:1242,2
DA:1243,2
DA:1244,2
DA:1245,2
DA:1247,2
DA:1248,2
DA:1249,2
DA:1250,2
DA:1252,2
DA:1253,2
DA:1254,2
DA:1256,2
DA:1257,2
DA:1258,2
DA:1261,2
DA:1262,2
DA:1264,2
DA:1267,2
DA:1270,2
DA:1271,2
DA:1272,2
DA:1273,2
DA:1276,2
DA:1278,2
DA:1280,2
DA:1283,2
DA:1285,2
DA:1286,2
DA:1287,2
DA:1289,2
DA:1290,2
DA:1291,2
DA:1292,2
DA:1293,2
DA:1296,2
DA:1297,2
DA:1299,2
DA:1300,2
DA:1302,2
DA:1305,2
DA:1308,2
DA:1309,2
DA:1310,2
DA:1311,2
DA:1313,2
DA:1315,2
DA:1316,2
DA:1317,2
DA:1318,2
DA:1319,2
DA:1320,2
DA:1322,2
DA:1323,2
DA:1324,2
DA:1325,2
DA:1326,2
DA:1327,2
DA:1331,2
DA:1332,2
DA:1334,2
DA:1336,2
DA:1338,2
DA:1339,2
DA:1340,2
DA:1341,2
DA:1342,2
DA:1343,2
DA:1344,2
DA:1345,2
DA:1346,2
DA:1348,2
DA:1349,2
DA:1351,2
DA:1352,2
DA:1354,2
DA:1357,2
DA:1360,2
DA:1361,2
DA:1362,2
DA:1363,2
DA:1365,2
DA:1367,2
DA:1368,2
DA:1369,2
DA:1370,2
DA:1371,2
DA:1372,2
DA:1374,2
DA:1375,2
DA:1377,2
DA:1379,2
DA:1381,2
DA:1382,2
DA:1383,2
DA:1384,2
DA:1385,2
DA:1386,2
DA:1387,2
DA:1388,2
DA:1389,2
DA:1391,2
DA:1392,2
DA:1394,2
DA:1395,2
DA:1397,2
DA:1400,2
DA:1403,2
DA:1404,2
DA:1405,2
DA:1406,2
DA:1408,2
DA:1410,2
DA:1411,2
DA:1412,2
DA:1413,2
DA:1414,2
DA:1415,2
DA:1417,2
DA:1418,2
DA:1420,2
DA:1422,2
DA:1424,2
DA:1425,2
DA:1426,2
DA:1427,2
DA:1428,2
DA:1430,2
DA:1431,2
DA:1432,2
DA:1433,2
DA:1435,2
DA:1436,2
DA:1438,2
DA:1439,2
DA:1441,2
DA:1444,2
DA:1447,2
DA:1448,2
DA:1449,2
DA:1450,2
DA:1452,2
DA:1454,2
DA:1455,2
DA:1456,2
DA:1457,2
DA:1458,2
DA:1460,2
DA:1463,2
DA:1464,2
DA:1465,2
DA:1466,2
DA:1467,2
DA:1468,2
DA:1470,2
DA:1471,2
DA:1473,2
DA:1475,2
DA:1477,2
DA:1478,2
DA:1479,2
DA:1480,2
DA:1481,2
DA:1482,2
DA:1483,2
DA:1484,2
DA:1485,2
DA:1487,2
DA:1488,2
DA:1490,2
DA:1491,2
DA:1493,2
DA:1496,2
DA:1500,2
DA:1501,2
DA:1502,2
DA:1503,2
DA:1505,2
DA:1506,2
DA:1507,2
DA:1508,2
DA:1509,2
DA:1510,2
DA:1512,2
DA:1513,2
DA:1516,2
DA:1518,2
DA:1519,2
DA:1521,2
DA:1522,2
DA:1523,2
DA:1525,2
DA:1526,2
DA:1527,2
DA:1528,2
DA:1530,2
DA:1531,2
DA:1532,2
DA:1533,2
DA:1534,2
DA:1539,2
DA:1540,2
DA:1542,2
DA:1543,2
DA:1545,2
DA:1546,2
DA:1547,2
DA:1548,2
DA:1549,2
DA:1550,2
LF:814
LH:812
end_of_record
TN:
SF:/home/ubuntu/coreMQTT/test/unit-test/WithoutUP/core_mqttv5WUP_serializer_utest.c
FN:100,102,suiteSetUp
FN:105,108,suiteTearDown
FN:119,148,encodeRemainingLength
FN:158,188,encodeString
FN:190,200,serializeutf_8
FN:202,213,serializeutf_8pair
FN:215,270,test_MQTTV5_DeserializeConnackOnlyUserProperty
FN:271,297,test_MQTTV5_DeserializeAck
FN:300,322,test_MQTTV5_DeserializeDisconnect
FN:87,92,setUp
FN:95,97,tearDown
FNDA:2,suiteSetUp
FNDA:0,suiteTearDown
FNDA:14,encodeRemainingLength
FNDA:34,encodeString
FNDA:6,serializeutf_8
FNDA:14,serializeutf_8pair
FNDA:2,test_MQTTV5_DeserializeConnackOnlyUserProperty
FNDA:2,test_MQTTV5_DeserializeAck
FNDA:2,test_MQTTV5_DeserializeDisconnect
FNDA:6,setUp
FNDA:6,tearDown
FNF:11
FNH:10
BRDA:126,0,0,0
BRDA:126,0,1,14
BRDA:137,0,0,0
BRDA:137,0,1,14
BRDA:145,0,0,0
BRDA:145,0,1,14
BRDA:168,0,0,0
BRDA:168,0,1,34
BRDA:169,0,0,0
BRDA:169,0,1,34
BRF:10
BRH:5
DA:87,6
DA:89,6
DA:90,6
DA:91,6
DA:92,6
DA:95,6
DA:97,6
DA:100,2
DA:102,2
DA:105,0
DA:107,0
DA:119,14
DA:123,14
DA:124,14
DA:126,14
DA:128,14
DA:133,14
DA:134,14
DA:137,14
DA:139,0
DA:143,14
DA:144,14
DA:145,14
DA:147,14
DA:158,34
DA:162,34
DA:166,34
DA:168,34
DA:169,34
DA:171,34
DA:174,34
DA:175,34
DA:178,34
DA:179,34
DA:182,34
DA:185,34
DA:187,34
DA:190,6
DA:193,6
DA:195,6
DA:196,6
DA:197,6
DA:198,6
DA:199,6
DA:202,14
DA:204,14
DA:206,14
DA:207,14
DA:208,14
DA:209,14
DA:210,14
DA:211,14
DA:212,14
DA:215,2
DA:217,2
DA:218,2
DA:220,2
DA:221,2
DA:223,2
DA:224,2
DA:225,2
DA:226,2
DA:227,2
DA:228,2
DA:229,2
DA:230,2
DA:231,2
DA:232,2
DA:233,2
DA:236,2
DA:237,2
DA:238,2
DA:239,2
DA:240,2
DA:241,2
DA:242,2
DA:245,2
DA:246,2
DA:247,2
DA:248,2
DA:249,2
DA:250,2
DA:251,2
DA:254,2
DA:255,2
DA:256,2
DA:257,2
DA:258,2
DA:259,2
DA:260,2
DA:263,2
DA:264,2
DA:265,2
DA:266,2
DA:267,2
DA:268,2
DA:269,2
DA:270,2
DA:271,2
DA:275,2
DA:276,2
DA:277,2
DA:278,2
DA:279,2
DA:283,2
DA:284,2
DA:285,2
DA:286,2
DA:287,2
DA:288,2
DA:289,2
DA:290,2
DA:291,2
DA:292,2
DA:293,2
DA:294,2
DA:295,2
DA:296,2
DA:297,2
DA:300,2
DA:305,2
DA:306,2
DA:307,2
DA:310,2
DA:312,2
DA:313,2
DA:314,2
DA:315,2
DA:316,2
DA:317,2
DA:318,2
DA:319,2
DA:320,2
DA:321,2
DA:322,2
LF:135
LH:132
end_of_record
